[0.114s] Invoking command in '/mnt/c/Users/minyi/Desktop/ros2_cll/ros2_ws/build/interface': CMAKE_PREFIX_PATH=${CMAKE_PREFIX_PATH}:/mnt/c/Users/minyi/Desktop/ros2_cll/ros2_ws/install/nao_writing:/opt/ros/humble /usr/bin/cmake --build /mnt/c/Users/minyi/Desktop/ros2_cll/ros2_ws/build/interface -- -j16 -l16
[0.551s] [  2%] Built target interface__cpp
[0.799s] [ 12%] Built target interface__rosidl_generator_c
[0.932s] [ 23%] Built target interface__rosidl_typesupport_cpp
[0.986s] [ 34%] Built target interface__rosidl_typesupport_introspection_cpp
[1.033s] [ 44%] Built target interface__rosidl_typesupport_fastrtps_cpp
[1.155s] [ 55%] Built target interface__rosidl_typesupport_c
[1.201s] [ 74%] Built target interface__rosidl_typesupport_fastrtps_c
[1.209s] [ 76%] Built target interface__rosidl_typesupport_introspection_c
[1.332s] [ 76%] Built target interface
[1.446s] [ 76%] Built target ament_cmake_python_copy_interface
[1.494s] [ 78%] Built target interface__py
[1.723s] [ 87%] Built target interface__rosidl_generator_py
[1.891s] [ 95%] Built target interface__rosidl_typesupport_fastrtps_c__pyext
[1.893s] [ 95%] Built target interface__rosidl_typesupport_introspection_c__pyext
[1.918s] [100%] Built target interface__rosidl_typesupport_c__pyext
[2.122s] running egg_info
[2.144s] writing interface.egg-info/PKG-INFO
[2.148s] writing dependency_links to interface.egg-info/dependency_links.txt
[2.156s] writing top-level names to interface.egg-info/top_level.txt
[2.249s] reading manifest file 'interface.egg-info/SOURCES.txt'
[2.296s] writing manifest file 'interface.egg-info/SOURCES.txt'
[2.344s] [100%] Built target ament_cmake_python_build_interface_egg
[2.568s] Invoked command in '/mnt/c/Users/minyi/Desktop/ros2_cll/ros2_ws/build/interface' returned '0': CMAKE_PREFIX_PATH=${CMAKE_PREFIX_PATH}:/mnt/c/Users/minyi/Desktop/ros2_cll/ros2_ws/install/nao_writing:/opt/ros/humble /usr/bin/cmake --build /mnt/c/Users/minyi/Desktop/ros2_cll/ros2_ws/build/interface -- -j16 -l16
[3.165s] Invoking command in '/mnt/c/Users/minyi/Desktop/ros2_cll/ros2_ws/build/interface': CMAKE_PREFIX_PATH=${CMAKE_PREFIX_PATH}:/mnt/c/Users/minyi/Desktop/ros2_cll/ros2_ws/install/nao_writing:/opt/ros/humble /usr/bin/cmake --install /mnt/c/Users/minyi/Desktop/ros2_cll/ros2_ws/build/interface
[3.187s] -- Install configuration: ""
[3.215s] -- Up-to-date: /mnt/c/Users/minyi/Desktop/ros2_cll/ros2_ws/install/interface/share/ament_index/resource_index/rosidl_interfaces/interface
[3.229s] -- Up-to-date: /mnt/c/Users/minyi/Desktop/ros2_cll/ros2_ws/install/interface/include/interface/interface
[3.250s] -- Up-to-date: /mnt/c/Users/minyi/Desktop/ros2_cll/ros2_ws/install/interface/include/interface/interface/msg
[3.276s] -- Up-to-date: /mnt/c/Users/minyi/Desktop/ros2_cll/ros2_ws/install/interface/include/interface/interface/msg/detail
[3.315s] -- Up-to-date: /mnt/c/Users/minyi/Desktop/ros2_cll/ros2_ws/install/interface/include/interface/interface/msg/detail/shape__functions.c
[3.345s] -- Up-to-date: /mnt/c/Users/minyi/Desktop/ros2_cll/ros2_ws/install/interface/include/interface/interface/msg/detail/shape__functions.h
[3.375s] -- Up-to-date: /mnt/c/Users/minyi/Desktop/ros2_cll/ros2_ws/install/interface/include/interface/interface/msg/detail/shape__struct.h
[3.399s] -- Up-to-date: /mnt/c/Users/minyi/Desktop/ros2_cll/ros2_ws/install/interface/include/interface/interface/msg/detail/shape__type_support.h
[3.425s] -- Up-to-date: /mnt/c/Users/minyi/Desktop/ros2_cll/ros2_ws/install/interface/include/interface/interface/msg/detail/strokes__functions.c
[3.454s] -- Up-to-date: /mnt/c/Users/minyi/Desktop/ros2_cll/ros2_ws/install/interface/include/interface/interface/msg/detail/strokes__functions.h
[3.485s] -- Up-to-date: /mnt/c/Users/minyi/Desktop/ros2_cll/ros2_ws/install/interface/include/interface/interface/msg/detail/strokes__struct.h
[3.513s] -- Up-to-date: /mnt/c/Users/minyi/Desktop/ros2_cll/ros2_ws/install/interface/include/interface/interface/msg/detail/strokes__type_support.h
[3.541s] -- Up-to-date: /mnt/c/Users/minyi/Desktop/ros2_cll/ros2_ws/install/interface/include/interface/interface/msg/detail/stroke__functions.c
[3.571s] -- Up-to-date: /mnt/c/Users/minyi/Desktop/ros2_cll/ros2_ws/install/interface/include/interface/interface/msg/detail/stroke__functions.h
[3.603s] -- Up-to-date: /mnt/c/Users/minyi/Desktop/ros2_cll/ros2_ws/install/interface/include/interface/interface/msg/detail/stroke__struct.h
[3.638s] -- Up-to-date: /mnt/c/Users/minyi/Desktop/ros2_cll/ros2_ws/install/interface/include/interface/interface/msg/detail/stroke__type_support.h
[3.673s] -- Up-to-date: /mnt/c/Users/minyi/Desktop/ros2_cll/ros2_ws/install/interface/include/interface/interface/msg/rosidl_generator_c__visibility_control.h
[3.701s] -- Up-to-date: /mnt/c/Users/minyi/Desktop/ros2_cll/ros2_ws/install/interface/include/interface/interface/msg/shape.h
[3.724s] -- Up-to-date: /mnt/c/Users/minyi/Desktop/ros2_cll/ros2_ws/install/interface/include/interface/interface/msg/stroke.h
[3.746s] -- Up-to-date: /mnt/c/Users/minyi/Desktop/ros2_cll/ros2_ws/install/interface/include/interface/interface/msg/strokes.h
[3.759s] -- Up-to-date: /mnt/c/Users/minyi/Desktop/ros2_cll/ros2_ws/install/interface/share/interface/environment/library_path.sh
[3.776s] -- Up-to-date: /mnt/c/Users/minyi/Desktop/ros2_cll/ros2_ws/install/interface/share/interface/environment/library_path.dsv
[3.793s] -- Up-to-date: /mnt/c/Users/minyi/Desktop/ros2_cll/ros2_ws/install/interface/lib/libinterface__rosidl_generator_c.so
[3.810s] -- Up-to-date: /mnt/c/Users/minyi/Desktop/ros2_cll/ros2_ws/install/interface/include/interface/interface
[3.827s] -- Up-to-date: /mnt/c/Users/minyi/Desktop/ros2_cll/ros2_ws/install/interface/include/interface/interface/msg
[3.850s] -- Up-to-date: /mnt/c/Users/minyi/Desktop/ros2_cll/ros2_ws/install/interface/include/interface/interface/msg/detail
[3.884s] -- Up-to-date: /mnt/c/Users/minyi/Desktop/ros2_cll/ros2_ws/install/interface/include/interface/interface/msg/detail/shape__rosidl_typesupport_fastrtps_c.h
[3.909s] -- Up-to-date: /mnt/c/Users/minyi/Desktop/ros2_cll/ros2_ws/install/interface/include/interface/interface/msg/detail/strokes__rosidl_typesupport_fastrtps_c.h
[3.934s] -- Up-to-date: /mnt/c/Users/minyi/Desktop/ros2_cll/ros2_ws/install/interface/include/interface/interface/msg/detail/stroke__rosidl_typesupport_fastrtps_c.h
[3.961s] -- Up-to-date: /mnt/c/Users/minyi/Desktop/ros2_cll/ros2_ws/install/interface/include/interface/interface/msg/rosidl_typesupport_fastrtps_c__visibility_control.h
[3.978s] -- Up-to-date: /mnt/c/Users/minyi/Desktop/ros2_cll/ros2_ws/install/interface/lib/libinterface__rosidl_typesupport_fastrtps_c.so
[3.995s] -- Up-to-date: /mnt/c/Users/minyi/Desktop/ros2_cll/ros2_ws/install/interface/include/interface/interface
[4.017s] -- Up-to-date: /mnt/c/Users/minyi/Desktop/ros2_cll/ros2_ws/install/interface/include/interface/interface/msg
[4.045s] -- Up-to-date: /mnt/c/Users/minyi/Desktop/ros2_cll/ros2_ws/install/interface/include/interface/interface/msg/detail
[4.085s] -- Up-to-date: /mnt/c/Users/minyi/Desktop/ros2_cll/ros2_ws/install/interface/include/interface/interface/msg/detail/shape__rosidl_typesupport_introspection_c.h
[4.113s] -- Up-to-date: /mnt/c/Users/minyi/Desktop/ros2_cll/ros2_ws/install/interface/include/interface/interface/msg/detail/shape__type_support.c
[4.142s] -- Up-to-date: /mnt/c/Users/minyi/Desktop/ros2_cll/ros2_ws/install/interface/include/interface/interface/msg/detail/strokes__rosidl_typesupport_introspection_c.h
[4.170s] -- Up-to-date: /mnt/c/Users/minyi/Desktop/ros2_cll/ros2_ws/install/interface/include/interface/interface/msg/detail/strokes__type_support.c
[4.198s] -- Up-to-date: /mnt/c/Users/minyi/Desktop/ros2_cll/ros2_ws/install/interface/include/interface/interface/msg/detail/stroke__rosidl_typesupport_introspection_c.h
[4.226s] -- Up-to-date: /mnt/c/Users/minyi/Desktop/ros2_cll/ros2_ws/install/interface/include/interface/interface/msg/detail/stroke__type_support.c
[4.252s] -- Up-to-date: /mnt/c/Users/minyi/Desktop/ros2_cll/ros2_ws/install/interface/include/interface/interface/msg/rosidl_typesupport_introspection_c__visibility_control.h
[4.268s] -- Up-to-date: /mnt/c/Users/minyi/Desktop/ros2_cll/ros2_ws/install/interface/lib/libinterface__rosidl_typesupport_introspection_c.so
[4.288s] -- Up-to-date: /mnt/c/Users/minyi/Desktop/ros2_cll/ros2_ws/install/interface/lib/libinterface__rosidl_typesupport_c.so
[4.304s] -- Up-to-date: /mnt/c/Users/minyi/Desktop/ros2_cll/ros2_ws/install/interface/include/interface/interface
[4.324s] -- Up-to-date: /mnt/c/Users/minyi/Desktop/ros2_cll/ros2_ws/install/interface/include/interface/interface/msg
[4.350s] -- Up-to-date: /mnt/c/Users/minyi/Desktop/ros2_cll/ros2_ws/install/interface/include/interface/interface/msg/detail
[4.387s] -- Up-to-date: /mnt/c/Users/minyi/Desktop/ros2_cll/ros2_ws/install/interface/include/interface/interface/msg/detail/shape__builder.hpp
[4.415s] -- Up-to-date: /mnt/c/Users/minyi/Desktop/ros2_cll/ros2_ws/install/interface/include/interface/interface/msg/detail/shape__struct.hpp
[4.444s] -- Up-to-date: /mnt/c/Users/minyi/Desktop/ros2_cll/ros2_ws/install/interface/include/interface/interface/msg/detail/shape__traits.hpp
[4.472s] -- Up-to-date: /mnt/c/Users/minyi/Desktop/ros2_cll/ros2_ws/install/interface/include/interface/interface/msg/detail/strokes__builder.hpp
[4.501s] -- Up-to-date: /mnt/c/Users/minyi/Desktop/ros2_cll/ros2_ws/install/interface/include/interface/interface/msg/detail/strokes__struct.hpp
[4.529s] -- Up-to-date: /mnt/c/Users/minyi/Desktop/ros2_cll/ros2_ws/install/interface/include/interface/interface/msg/detail/strokes__traits.hpp
[4.558s] -- Up-to-date: /mnt/c/Users/minyi/Desktop/ros2_cll/ros2_ws/install/interface/include/interface/interface/msg/detail/stroke__builder.hpp
[4.587s] -- Up-to-date: /mnt/c/Users/minyi/Desktop/ros2_cll/ros2_ws/install/interface/include/interface/interface/msg/detail/stroke__struct.hpp
[4.616s] -- Up-to-date: /mnt/c/Users/minyi/Desktop/ros2_cll/ros2_ws/install/interface/include/interface/interface/msg/detail/stroke__traits.hpp
[4.640s] -- Up-to-date: /mnt/c/Users/minyi/Desktop/ros2_cll/ros2_ws/install/interface/include/interface/interface/msg/shape.hpp
[4.664s] -- Up-to-date: /mnt/c/Users/minyi/Desktop/ros2_cll/ros2_ws/install/interface/include/interface/interface/msg/stroke.hpp
[4.689s] -- Up-to-date: /mnt/c/Users/minyi/Desktop/ros2_cll/ros2_ws/install/interface/include/interface/interface/msg/strokes.hpp
[4.703s] -- Up-to-date: /mnt/c/Users/minyi/Desktop/ros2_cll/ros2_ws/install/interface/include/interface/interface
[4.725s] -- Up-to-date: /mnt/c/Users/minyi/Desktop/ros2_cll/ros2_ws/install/interface/include/interface/interface/msg
[4.754s] -- Up-to-date: /mnt/c/Users/minyi/Desktop/ros2_cll/ros2_ws/install/interface/include/interface/interface/msg/detail
[4.789s] -- Up-to-date: /mnt/c/Users/minyi/Desktop/ros2_cll/ros2_ws/install/interface/include/interface/interface/msg/detail/dds_fastrtps
[4.835s] -- Up-to-date: /mnt/c/Users/minyi/Desktop/ros2_cll/ros2_ws/install/interface/include/interface/interface/msg/detail/shape__rosidl_typesupport_fastrtps_cpp.hpp
[4.867s] -- Up-to-date: /mnt/c/Users/minyi/Desktop/ros2_cll/ros2_ws/install/interface/include/interface/interface/msg/detail/strokes__rosidl_typesupport_fastrtps_cpp.hpp
[4.898s] -- Up-to-date: /mnt/c/Users/minyi/Desktop/ros2_cll/ros2_ws/install/interface/include/interface/interface/msg/detail/stroke__rosidl_typesupport_fastrtps_cpp.hpp
[4.925s] -- Up-to-date: /mnt/c/Users/minyi/Desktop/ros2_cll/ros2_ws/install/interface/include/interface/interface/msg/rosidl_typesupport_fastrtps_cpp__visibility_control.h
[4.947s] -- Up-to-date: /mnt/c/Users/minyi/Desktop/ros2_cll/ros2_ws/install/interface/lib/libinterface__rosidl_typesupport_fastrtps_cpp.so
[4.969s] -- Up-to-date: /mnt/c/Users/minyi/Desktop/ros2_cll/ros2_ws/install/interface/include/interface/interface
[4.990s] -- Up-to-date: /mnt/c/Users/minyi/Desktop/ros2_cll/ros2_ws/install/interface/include/interface/interface/msg
[5.016s] -- Up-to-date: /mnt/c/Users/minyi/Desktop/ros2_cll/ros2_ws/install/interface/include/interface/interface/msg/detail
[5.054s] -- Up-to-date: /mnt/c/Users/minyi/Desktop/ros2_cll/ros2_ws/install/interface/include/interface/interface/msg/detail/shape__rosidl_typesupport_introspection_cpp.hpp
[5.083s] -- Up-to-date: /mnt/c/Users/minyi/Desktop/ros2_cll/ros2_ws/install/interface/include/interface/interface/msg/detail/shape__type_support.cpp
[5.112s] -- Up-to-date: /mnt/c/Users/minyi/Desktop/ros2_cll/ros2_ws/install/interface/include/interface/interface/msg/detail/strokes__rosidl_typesupport_introspection_cpp.hpp
[5.141s] -- Up-to-date: /mnt/c/Users/minyi/Desktop/ros2_cll/ros2_ws/install/interface/include/interface/interface/msg/detail/strokes__type_support.cpp
[5.170s] -- Up-to-date: /mnt/c/Users/minyi/Desktop/ros2_cll/ros2_ws/install/interface/include/interface/interface/msg/detail/stroke__rosidl_typesupport_introspection_cpp.hpp
[5.199s] -- Up-to-date: /mnt/c/Users/minyi/Desktop/ros2_cll/ros2_ws/install/interface/include/interface/interface/msg/detail/stroke__type_support.cpp
[5.222s] -- Up-to-date: /mnt/c/Users/minyi/Desktop/ros2_cll/ros2_ws/install/interface/lib/libinterface__rosidl_typesupport_introspection_cpp.so
[5.251s] -- Up-to-date: /mnt/c/Users/minyi/Desktop/ros2_cll/ros2_ws/install/interface/lib/libinterface__rosidl_typesupport_cpp.so
[5.280s] -- Up-to-date: /mnt/c/Users/minyi/Desktop/ros2_cll/ros2_ws/install/interface/share/interface/environment/pythonpath.sh
[5.300s] -- Up-to-date: /mnt/c/Users/minyi/Desktop/ros2_cll/ros2_ws/install/interface/share/interface/environment/pythonpath.dsv
[5.312s] -- Up-to-date: /mnt/c/Users/minyi/Desktop/ros2_cll/ros2_ws/install/interface/local/lib/python3.10/dist-packages/interface-0.0.0-py3.10.egg-info
[5.334s] -- Installing: /mnt/c/Users/minyi/Desktop/ros2_cll/ros2_ws/install/interface/local/lib/python3.10/dist-packages/interface-0.0.0-py3.10.egg-info/dependency_links.txt
[5.387s] -- Installing: /mnt/c/Users/minyi/Desktop/ros2_cll/ros2_ws/install/interface/local/lib/python3.10/dist-packages/interface-0.0.0-py3.10.egg-info/PKG-INFO
[5.441s] -- Installing: /mnt/c/Users/minyi/Desktop/ros2_cll/ros2_ws/install/interface/local/lib/python3.10/dist-packages/interface-0.0.0-py3.10.egg-info/SOURCES.txt
[5.494s] -- Installing: /mnt/c/Users/minyi/Desktop/ros2_cll/ros2_ws/install/interface/local/lib/python3.10/dist-packages/interface-0.0.0-py3.10.egg-info/top_level.txt
[5.536s] -- Up-to-date: /mnt/c/Users/minyi/Desktop/ros2_cll/ros2_ws/install/interface/local/lib/python3.10/dist-packages/interface
[5.550s] -- Up-to-date: /mnt/c/Users/minyi/Desktop/ros2_cll/ros2_ws/install/interface/local/lib/python3.10/dist-packages/interface/interface_s__rosidl_typesupport_c.cpython-310-x86_64-linux-gnu.so
[5.562s] -- Up-to-date: /mnt/c/Users/minyi/Desktop/ros2_cll/ros2_ws/install/interface/local/lib/python3.10/dist-packages/interface/interface_s__rosidl_typesupport_fastrtps_c.cpython-310-x86_64-linux-gnu.so
[5.575s] -- Up-to-date: /mnt/c/Users/minyi/Desktop/ros2_cll/ros2_ws/install/interface/local/lib/python3.10/dist-packages/interface/interface_s__rosidl_typesupport_introspection_c.cpython-310-x86_64-linux-gnu.so
[5.587s] -- Up-to-date: /mnt/c/Users/minyi/Desktop/ros2_cll/ros2_ws/install/interface/local/lib/python3.10/dist-packages/interface/libinterface__rosidl_generator_py.so
[5.597s] -- Up-to-date: /mnt/c/Users/minyi/Desktop/ros2_cll/ros2_ws/install/interface/local/lib/python3.10/dist-packages/interface/msg
[5.619s] -- Up-to-date: /mnt/c/Users/minyi/Desktop/ros2_cll/ros2_ws/install/interface/local/lib/python3.10/dist-packages/interface/msg/_shape.py
[5.636s] -- Up-to-date: /mnt/c/Users/minyi/Desktop/ros2_cll/ros2_ws/install/interface/local/lib/python3.10/dist-packages/interface/msg/_shape_s.c
[5.653s] -- Up-to-date: /mnt/c/Users/minyi/Desktop/ros2_cll/ros2_ws/install/interface/local/lib/python3.10/dist-packages/interface/msg/_stroke.py
[5.670s] -- Up-to-date: /mnt/c/Users/minyi/Desktop/ros2_cll/ros2_ws/install/interface/local/lib/python3.10/dist-packages/interface/msg/_strokes.py
[5.688s] -- Up-to-date: /mnt/c/Users/minyi/Desktop/ros2_cll/ros2_ws/install/interface/local/lib/python3.10/dist-packages/interface/msg/_strokes_s.c
[5.706s] -- Up-to-date: /mnt/c/Users/minyi/Desktop/ros2_cll/ros2_ws/install/interface/local/lib/python3.10/dist-packages/interface/msg/_stroke_s.c
[5.724s] -- Up-to-date: /mnt/c/Users/minyi/Desktop/ros2_cll/ros2_ws/install/interface/local/lib/python3.10/dist-packages/interface/msg/__init__.py
[5.738s] -- Up-to-date: /mnt/c/Users/minyi/Desktop/ros2_cll/ros2_ws/install/interface/local/lib/python3.10/dist-packages/interface/_interface_s.ep.rosidl_typesupport_c.c
[5.751s] -- Up-to-date: /mnt/c/Users/minyi/Desktop/ros2_cll/ros2_ws/install/interface/local/lib/python3.10/dist-packages/interface/_interface_s.ep.rosidl_typesupport_fastrtps_c.c
[5.764s] -- Up-to-date: /mnt/c/Users/minyi/Desktop/ros2_cll/ros2_ws/install/interface/local/lib/python3.10/dist-packages/interface/_interface_s.ep.rosidl_typesupport_introspection_c.c
[5.777s] -- Up-to-date: /mnt/c/Users/minyi/Desktop/ros2_cll/ros2_ws/install/interface/local/lib/python3.10/dist-packages/interface/__init__.py
[6.036s] Listing '/mnt/c/Users/minyi/Desktop/ros2_cll/ros2_ws/install/interface/local/lib/python3.10/dist-packages/interface'...
[6.037s] Listing '/mnt/c/Users/minyi/Desktop/ros2_cll/ros2_ws/install/interface/local/lib/python3.10/dist-packages/interface/msg'...
[6.064s] -- Up-to-date: /mnt/c/Users/minyi/Desktop/ros2_cll/ros2_ws/install/interface/local/lib/python3.10/dist-packages/interface/interface_s__rosidl_typesupport_fastrtps_c.cpython-310-x86_64-linux-gnu.so
[6.099s] -- Up-to-date: /mnt/c/Users/minyi/Desktop/ros2_cll/ros2_ws/install/interface/local/lib/python3.10/dist-packages/interface/interface_s__rosidl_typesupport_introspection_c.cpython-310-x86_64-linux-gnu.so
[6.130s] -- Up-to-date: /mnt/c/Users/minyi/Desktop/ros2_cll/ros2_ws/install/interface/local/lib/python3.10/dist-packages/interface/interface_s__rosidl_typesupport_c.cpython-310-x86_64-linux-gnu.so
[6.155s] -- Up-to-date: /mnt/c/Users/minyi/Desktop/ros2_cll/ros2_ws/install/interface/lib/libinterface__rosidl_generator_py.so
[6.185s] -- Up-to-date: /mnt/c/Users/minyi/Desktop/ros2_cll/ros2_ws/install/interface/share/interface/msg/Shape.idl
[6.210s] -- Up-to-date: /mnt/c/Users/minyi/Desktop/ros2_cll/ros2_ws/install/interface/share/interface/msg/Stroke.idl
[6.236s] -- Up-to-date: /mnt/c/Users/minyi/Desktop/ros2_cll/ros2_ws/install/interface/share/interface/msg/Strokes.idl
[6.263s] -- Up-to-date: /mnt/c/Users/minyi/Desktop/ros2_cll/ros2_ws/install/interface/share/interface/msg/Shape.msg
[6.290s] -- Up-to-date: /mnt/c/Users/minyi/Desktop/ros2_cll/ros2_ws/install/interface/share/interface/msg/Stroke.msg
[6.316s] -- Up-to-date: /mnt/c/Users/minyi/Desktop/ros2_cll/ros2_ws/install/interface/share/interface/msg/Strokes.msg
[6.351s] -- Up-to-date: /mnt/c/Users/minyi/Desktop/ros2_cll/ros2_ws/install/interface/share/ament_index/resource_index/package_run_dependencies/interface
[6.386s] -- Up-to-date: /mnt/c/Users/minyi/Desktop/ros2_cll/ros2_ws/install/interface/share/ament_index/resource_index/parent_prefix_path/interface
[6.400s] -- Up-to-date: /mnt/c/Users/minyi/Desktop/ros2_cll/ros2_ws/install/interface/share/interface/environment/ament_prefix_path.sh
[6.421s] -- Up-to-date: /mnt/c/Users/minyi/Desktop/ros2_cll/ros2_ws/install/interface/share/interface/environment/ament_prefix_path.dsv
[6.434s] -- Up-to-date: /mnt/c/Users/minyi/Desktop/ros2_cll/ros2_ws/install/interface/share/interface/environment/path.sh
[6.455s] -- Up-to-date: /mnt/c/Users/minyi/Desktop/ros2_cll/ros2_ws/install/interface/share/interface/environment/path.dsv
[6.472s] -- Up-to-date: /mnt/c/Users/minyi/Desktop/ros2_cll/ros2_ws/install/interface/share/interface/local_setup.bash
[6.489s] -- Up-to-date: /mnt/c/Users/minyi/Desktop/ros2_cll/ros2_ws/install/interface/share/interface/local_setup.sh
[6.505s] -- Up-to-date: /mnt/c/Users/minyi/Desktop/ros2_cll/ros2_ws/install/interface/share/interface/local_setup.zsh
[6.521s] -- Up-to-date: /mnt/c/Users/minyi/Desktop/ros2_cll/ros2_ws/install/interface/share/interface/local_setup.dsv
[6.537s] -- Installing: /mnt/c/Users/minyi/Desktop/ros2_cll/ros2_ws/install/interface/share/interface/package.dsv
[6.608s] -- Up-to-date: /mnt/c/Users/minyi/Desktop/ros2_cll/ros2_ws/install/interface/share/ament_index/resource_index/packages/interface
[6.656s] -- Up-to-date: /mnt/c/Users/minyi/Desktop/ros2_cll/ros2_ws/install/interface/share/interface/cmake/export_interface__rosidl_generator_cExport.cmake
[6.686s] -- Up-to-date: /mnt/c/Users/minyi/Desktop/ros2_cll/ros2_ws/install/interface/share/interface/cmake/export_interface__rosidl_generator_cExport-noconfig.cmake
[6.732s] -- Up-to-date: /mnt/c/Users/minyi/Desktop/ros2_cll/ros2_ws/install/interface/share/interface/cmake/export_interface__rosidl_typesupport_fastrtps_cExport.cmake
[6.763s] -- Up-to-date: /mnt/c/Users/minyi/Desktop/ros2_cll/ros2_ws/install/interface/share/interface/cmake/export_interface__rosidl_typesupport_fastrtps_cExport-noconfig.cmake
[6.811s] -- Up-to-date: /mnt/c/Users/minyi/Desktop/ros2_cll/ros2_ws/install/interface/share/interface/cmake/interface__rosidl_typesupport_introspection_cExport.cmake
[6.842s] -- Up-to-date: /mnt/c/Users/minyi/Desktop/ros2_cll/ros2_ws/install/interface/share/interface/cmake/interface__rosidl_typesupport_introspection_cExport-noconfig.cmake
[6.888s] -- Up-to-date: /mnt/c/Users/minyi/Desktop/ros2_cll/ros2_ws/install/interface/share/interface/cmake/interface__rosidl_typesupport_cExport.cmake
[6.919s] -- Up-to-date: /mnt/c/Users/minyi/Desktop/ros2_cll/ros2_ws/install/interface/share/interface/cmake/interface__rosidl_typesupport_cExport-noconfig.cmake
[6.966s] -- Up-to-date: /mnt/c/Users/minyi/Desktop/ros2_cll/ros2_ws/install/interface/share/interface/cmake/export_interface__rosidl_generator_cppExport.cmake
[7.013s] -- Up-to-date: /mnt/c/Users/minyi/Desktop/ros2_cll/ros2_ws/install/interface/share/interface/cmake/export_interface__rosidl_typesupport_fastrtps_cppExport.cmake
[7.042s] -- Up-to-date: /mnt/c/Users/minyi/Desktop/ros2_cll/ros2_ws/install/interface/share/interface/cmake/export_interface__rosidl_typesupport_fastrtps_cppExport-noconfig.cmake
[7.092s] -- Up-to-date: /mnt/c/Users/minyi/Desktop/ros2_cll/ros2_ws/install/interface/share/interface/cmake/interface__rosidl_typesupport_introspection_cppExport.cmake
[7.125s] -- Up-to-date: /mnt/c/Users/minyi/Desktop/ros2_cll/ros2_ws/install/interface/share/interface/cmake/interface__rosidl_typesupport_introspection_cppExport-noconfig.cmake
[7.171s] -- Up-to-date: /mnt/c/Users/minyi/Desktop/ros2_cll/ros2_ws/install/interface/share/interface/cmake/interface__rosidl_typesupport_cppExport.cmake
[7.202s] -- Up-to-date: /mnt/c/Users/minyi/Desktop/ros2_cll/ros2_ws/install/interface/share/interface/cmake/interface__rosidl_typesupport_cppExport-noconfig.cmake
[7.249s] -- Up-to-date: /mnt/c/Users/minyi/Desktop/ros2_cll/ros2_ws/install/interface/share/interface/cmake/export_interface__rosidl_generator_pyExport.cmake
[7.281s] -- Up-to-date: /mnt/c/Users/minyi/Desktop/ros2_cll/ros2_ws/install/interface/share/interface/cmake/export_interface__rosidl_generator_pyExport-noconfig.cmake
[7.299s] -- Up-to-date: /mnt/c/Users/minyi/Desktop/ros2_cll/ros2_ws/install/interface/share/interface/cmake/rosidl_cmake-extras.cmake
[7.319s] -- Up-to-date: /mnt/c/Users/minyi/Desktop/ros2_cll/ros2_ws/install/interface/share/interface/cmake/ament_cmake_export_include_directories-extras.cmake
[7.339s] -- Up-to-date: /mnt/c/Users/minyi/Desktop/ros2_cll/ros2_ws/install/interface/share/interface/cmake/ament_cmake_export_libraries-extras.cmake
[7.358s] -- Up-to-date: /mnt/c/Users/minyi/Desktop/ros2_cll/ros2_ws/install/interface/share/interface/cmake/ament_cmake_export_targets-extras.cmake
[7.379s] -- Up-to-date: /mnt/c/Users/minyi/Desktop/ros2_cll/ros2_ws/install/interface/share/interface/cmake/rosidl_cmake_export_typesupport_targets-extras.cmake
[7.403s] -- Up-to-date: /mnt/c/Users/minyi/Desktop/ros2_cll/ros2_ws/install/interface/share/interface/cmake/ament_cmake_export_dependencies-extras.cmake
[7.439s] -- Up-to-date: /mnt/c/Users/minyi/Desktop/ros2_cll/ros2_ws/install/interface/share/interface/cmake/rosidl_cmake_export_typesupport_libraries-extras.cmake
[7.459s] -- Up-to-date: /mnt/c/Users/minyi/Desktop/ros2_cll/ros2_ws/install/interface/share/interface/cmake/interfaceConfig.cmake
[7.475s] -- Up-to-date: /mnt/c/Users/minyi/Desktop/ros2_cll/ros2_ws/install/interface/share/interface/cmake/interfaceConfig-version.cmake
[7.496s] -- Up-to-date: /mnt/c/Users/minyi/Desktop/ros2_cll/ros2_ws/install/interface/share/interface/package.xml
[7.513s] Invoked command in '/mnt/c/Users/minyi/Desktop/ros2_cll/ros2_ws/build/interface' returned '0': CMAKE_PREFIX_PATH=${CMAKE_PREFIX_PATH}:/mnt/c/Users/minyi/Desktop/ros2_cll/ros2_ws/install/nao_writing:/opt/ros/humble /usr/bin/cmake --install /mnt/c/Users/minyi/Desktop/ros2_cll/ros2_ws/build/interface
