[0.537s] DEBUG:colcon:Command line arguments: ['/usr/bin/colcon', 'build']
[0.537s] DEBUG:colcon:Parsed command line arguments: Namespace(log_base=None, log_level=None, verb_name='build', build_base='build', install_base='install', merge_install=False, symlink_install=False, test_result_base=None, continue_on_error=False, executor='parallel', parallel_workers=16, event_handlers=None, ignore_user_meta=False, metas=['./colcon.meta'], base_paths=['.'], packages_ignore=None, packages_ignore_regex=None, paths=None, packages_up_to=None, packages_up_to_regex=None, packages_above=None, packages_above_and_dependencies=None, packages_above_depth=None, packages_select_by_dep=None, packages_skip_by_dep=None, packages_skip_up_to=None, packages_select_build_failed=False, packages_skip_build_finished=False, packages_select_test_failures=False, packages_skip_test_passed=False, packages_select=None, packages_skip=None, packages_select_regex=None, packages_skip_regex=None, packages_start=None, packages_end=None, allow_overriding=[], cmake_args=None, cmake_target=None, cmake_target_skip_unavailable=False, cmake_clean_cache=False, cmake_clean_first=False, cmake_force_configure=False, ament_cmake_args=None, catkin_cmake_args=None, catkin_skip_building_tests=False, verb_parser=<colcon_defaults.argument_parser.defaults.DefaultArgumentsDecorator object at 0x7f5c9a02b730>, verb_extension=<colcon_core.verb.build.BuildVerb object at 0x7f5c9a1f9270>, main=<bound method BuildVerb.main of <colcon_core.verb.build.BuildVerb object at 0x7f5c9a1f9270>>)
[0.590s] Level 1:colcon.colcon_core.package_discovery:discover_packages(colcon_meta) check parameters
[0.590s] Level 1:colcon.colcon_core.package_discovery:discover_packages(recursive) check parameters
[0.590s] Level 1:colcon.colcon_core.package_discovery:discover_packages(ignore) check parameters
[0.591s] Level 1:colcon.colcon_core.package_discovery:discover_packages(path) check parameters
[0.591s] Level 1:colcon.colcon_core.package_discovery:discover_packages(colcon_meta) discover
[0.591s] Level 1:colcon.colcon_core.package_discovery:discover_packages(recursive) discover
[0.591s] INFO:colcon.colcon_core.package_discovery:Crawling recursively for packages in '/mnt/c/Users/minyi/Desktop/ros2_cll/ros2_ws'
[0.593s] Level 1:colcon.colcon_core.package_identification:_identify(.) by extensions ['ignore', 'ignore_ament_install']
[0.593s] Level 1:colcon.colcon_core.package_identification:_identify(.) by extension 'ignore'
[0.594s] Level 1:colcon.colcon_core.package_identification:_identify(.) by extension 'ignore_ament_install'
[0.594s] Level 1:colcon.colcon_core.package_identification:_identify(.) by extensions ['colcon_pkg']
[0.594s] Level 1:colcon.colcon_core.package_identification:_identify(.) by extension 'colcon_pkg'
[0.595s] Level 1:colcon.colcon_core.package_identification:_identify(.) by extensions ['colcon_meta']
[0.595s] Level 1:colcon.colcon_core.package_identification:_identify(.) by extension 'colcon_meta'
[0.595s] Level 1:colcon.colcon_core.package_identification:_identify(.) by extensions ['ros']
[0.595s] Level 1:colcon.colcon_core.package_identification:_identify(.) by extension 'ros'
[0.614s] Level 1:colcon.colcon_core.package_identification:_identify(.) by extensions ['cmake', 'python']
[0.614s] Level 1:colcon.colcon_core.package_identification:_identify(.) by extension 'cmake'
[0.615s] Level 1:colcon.colcon_core.package_identification:_identify(.) by extension 'python'
[0.615s] Level 1:colcon.colcon_core.package_identification:_identify(.) by extensions ['python_setup_py']
[0.616s] Level 1:colcon.colcon_core.package_identification:_identify(.) by extension 'python_setup_py'
[0.619s] Level 1:colcon.colcon_core.package_identification:_identify(__pycache__) by extensions ['ignore', 'ignore_ament_install']
[0.619s] Level 1:colcon.colcon_core.package_identification:_identify(__pycache__) by extension 'ignore'
[0.620s] Level 1:colcon.colcon_core.package_identification:_identify(__pycache__) by extension 'ignore_ament_install'
[0.621s] Level 1:colcon.colcon_core.package_identification:_identify(__pycache__) by extensions ['colcon_pkg']
[0.622s] Level 1:colcon.colcon_core.package_identification:_identify(__pycache__) by extension 'colcon_pkg'
[0.623s] Level 1:colcon.colcon_core.package_identification:_identify(__pycache__) by extensions ['colcon_meta']
[0.623s] Level 1:colcon.colcon_core.package_identification:_identify(__pycache__) by extension 'colcon_meta'
[0.624s] Level 1:colcon.colcon_core.package_identification:_identify(__pycache__) by extensions ['ros']
[0.624s] Level 1:colcon.colcon_core.package_identification:_identify(__pycache__) by extension 'ros'
[0.628s] Level 1:colcon.colcon_core.package_identification:_identify(__pycache__) by extensions ['cmake', 'python']
[0.628s] Level 1:colcon.colcon_core.package_identification:_identify(__pycache__) by extension 'cmake'
[0.629s] Level 1:colcon.colcon_core.package_identification:_identify(__pycache__) by extension 'python'
[0.630s] Level 1:colcon.colcon_core.package_identification:_identify(__pycache__) by extensions ['python_setup_py']
[0.630s] Level 1:colcon.colcon_core.package_identification:_identify(__pycache__) by extension 'python_setup_py'
[0.634s] Level 1:colcon.colcon_core.package_identification:_identify(build) by extensions ['ignore', 'ignore_ament_install']
[0.634s] Level 1:colcon.colcon_core.package_identification:_identify(build) by extension 'ignore'
[0.636s] Level 1:colcon.colcon_core.package_identification:_identify(build) ignored
[0.638s] Level 1:colcon.colcon_core.package_identification:_identify(install) by extensions ['ignore', 'ignore_ament_install']
[0.638s] Level 1:colcon.colcon_core.package_identification:_identify(install) by extension 'ignore'
[0.639s] Level 1:colcon.colcon_core.package_identification:_identify(install) ignored
[0.644s] Level 1:colcon.colcon_core.package_identification:_identify(log) by extensions ['ignore', 'ignore_ament_install']
[0.644s] Level 1:colcon.colcon_core.package_identification:_identify(log) by extension 'ignore'
[0.645s] Level 1:colcon.colcon_core.package_identification:_identify(log) ignored
[0.649s] Level 1:colcon.colcon_core.package_identification:_identify(src) by extensions ['ignore', 'ignore_ament_install']
[0.650s] Level 1:colcon.colcon_core.package_identification:_identify(src) by extension 'ignore'
[0.651s] Level 1:colcon.colcon_core.package_identification:_identify(src) by extension 'ignore_ament_install'
[0.653s] Level 1:colcon.colcon_core.package_identification:_identify(src) by extensions ['colcon_pkg']
[0.653s] Level 1:colcon.colcon_core.package_identification:_identify(src) by extension 'colcon_pkg'
[0.654s] Level 1:colcon.colcon_core.package_identification:_identify(src) by extensions ['colcon_meta']
[0.655s] Level 1:colcon.colcon_core.package_identification:_identify(src) by extension 'colcon_meta'
[0.656s] Level 1:colcon.colcon_core.package_identification:_identify(src) by extensions ['ros']
[0.656s] Level 1:colcon.colcon_core.package_identification:_identify(src) by extension 'ros'
[0.660s] Level 1:colcon.colcon_core.package_identification:_identify(src) by extensions ['cmake', 'python']
[0.660s] Level 1:colcon.colcon_core.package_identification:_identify(src) by extension 'cmake'
[0.661s] Level 1:colcon.colcon_core.package_identification:_identify(src) by extension 'python'
[0.662s] Level 1:colcon.colcon_core.package_identification:_identify(src) by extensions ['python_setup_py']
[0.662s] Level 1:colcon.colcon_core.package_identification:_identify(src) by extension 'python_setup_py'
[0.668s] Level 1:colcon.colcon_core.package_identification:_identify(src/__pycache__) by extensions ['ignore', 'ignore_ament_install']
[0.669s] Level 1:colcon.colcon_core.package_identification:_identify(src/__pycache__) by extension 'ignore'
[0.670s] Level 1:colcon.colcon_core.package_identification:_identify(src/__pycache__) by extension 'ignore_ament_install'
[0.673s] Level 1:colcon.colcon_core.package_identification:_identify(src/__pycache__) by extensions ['colcon_pkg']
[0.673s] Level 1:colcon.colcon_core.package_identification:_identify(src/__pycache__) by extension 'colcon_pkg'
[0.675s] Level 1:colcon.colcon_core.package_identification:_identify(src/__pycache__) by extensions ['colcon_meta']
[0.675s] Level 1:colcon.colcon_core.package_identification:_identify(src/__pycache__) by extension 'colcon_meta'
[0.678s] Level 1:colcon.colcon_core.package_identification:_identify(src/__pycache__) by extensions ['ros']
[0.678s] Level 1:colcon.colcon_core.package_identification:_identify(src/__pycache__) by extension 'ros'
[0.685s] Level 1:colcon.colcon_core.package_identification:_identify(src/__pycache__) by extensions ['cmake', 'python']
[0.685s] Level 1:colcon.colcon_core.package_identification:_identify(src/__pycache__) by extension 'cmake'
[0.687s] Level 1:colcon.colcon_core.package_identification:_identify(src/__pycache__) by extension 'python'
[0.689s] Level 1:colcon.colcon_core.package_identification:_identify(src/__pycache__) by extensions ['python_setup_py']
[0.689s] Level 1:colcon.colcon_core.package_identification:_identify(src/__pycache__) by extension 'python_setup_py'
[0.696s] Level 1:colcon.colcon_core.package_identification:_identify(src/interface) by extensions ['ignore', 'ignore_ament_install']
[0.696s] Level 1:colcon.colcon_core.package_identification:_identify(src/interface) by extension 'ignore'
[0.698s] Level 1:colcon.colcon_core.package_identification:_identify(src/interface) by extension 'ignore_ament_install'
[0.701s] Level 1:colcon.colcon_core.package_identification:_identify(src/interface) by extensions ['colcon_pkg']
[0.702s] Level 1:colcon.colcon_core.package_identification:_identify(src/interface) by extension 'colcon_pkg'
[0.703s] Level 1:colcon.colcon_core.package_identification:_identify(src/interface) by extensions ['colcon_meta']
[0.704s] Level 1:colcon.colcon_core.package_identification:_identify(src/interface) by extension 'colcon_meta'
[0.707s] Level 1:colcon.colcon_core.package_identification:_identify(src/interface) by extensions ['ros']
[0.707s] Level 1:colcon.colcon_core.package_identification:_identify(src/interface) by extension 'ros'
[0.728s] DEBUG:colcon.colcon_core.package_identification:Package 'src/interface' with type 'ros.ament_cmake' and name 'interface'
[0.734s] Level 1:colcon.colcon_core.package_identification:_identify(src/nao_writing) by extensions ['ignore', 'ignore_ament_install']
[0.734s] Level 1:colcon.colcon_core.package_identification:_identify(src/nao_writing) by extension 'ignore'
[0.736s] Level 1:colcon.colcon_core.package_identification:_identify(src/nao_writing) by extension 'ignore_ament_install'
[0.739s] Level 1:colcon.colcon_core.package_identification:_identify(src/nao_writing) by extensions ['colcon_pkg']
[0.739s] Level 1:colcon.colcon_core.package_identification:_identify(src/nao_writing) by extension 'colcon_pkg'
[0.741s] Level 1:colcon.colcon_core.package_identification:_identify(src/nao_writing) by extensions ['colcon_meta']
[0.741s] Level 1:colcon.colcon_core.package_identification:_identify(src/nao_writing) by extension 'colcon_meta'
[0.744s] Level 1:colcon.colcon_core.package_identification:_identify(src/nao_writing) by extensions ['ros']
[0.744s] Level 1:colcon.colcon_core.package_identification:_identify(src/nao_writing) by extension 'ros'
[0.762s] DEBUG:colcon.colcon_core.package_identification:Package 'src/nao_writing' with type 'ros.ament_python' and name 'nao_writing'
[0.762s] Level 1:colcon.colcon_core.package_discovery:discover_packages(recursive) using defaults
[0.762s] Level 1:colcon.colcon_core.package_discovery:discover_packages(ignore) discover
[0.762s] Level 1:colcon.colcon_core.package_discovery:discover_packages(ignore) using defaults
[0.763s] Level 1:colcon.colcon_core.package_discovery:discover_packages(path) discover
[0.763s] Level 1:colcon.colcon_core.package_discovery:discover_packages(path) using defaults
[0.840s] Level 1:colcon.colcon_core.package_discovery:discover_packages(prefix_path) check parameters
[0.840s] Level 1:colcon.colcon_core.package_discovery:discover_packages(prefix_path) discover
[0.878s] DEBUG:colcon.colcon_installed_package_information.package_discovery:Found 2 installed packages in /mnt/c/Users/minyi/Desktop/ros2_cll/ros2_ws/install
[0.879s] DEBUG:colcon.colcon_installed_package_information.package_discovery:Found 270 installed packages in /opt/ros/humble
[0.881s] Level 1:colcon.colcon_core.package_discovery:discover_packages(prefix_path) using defaults
[0.952s] Level 5:colcon.colcon_core.verb:set package 'interface' build argument 'cmake_args' from command line to 'None'
[0.953s] Level 5:colcon.colcon_core.verb:set package 'interface' build argument 'cmake_target' from command line to 'None'
[0.953s] Level 5:colcon.colcon_core.verb:set package 'interface' build argument 'cmake_target_skip_unavailable' from command line to 'False'
[0.953s] Level 5:colcon.colcon_core.verb:set package 'interface' build argument 'cmake_clean_cache' from command line to 'False'
[0.953s] Level 5:colcon.colcon_core.verb:set package 'interface' build argument 'cmake_clean_first' from command line to 'False'
[0.954s] Level 5:colcon.colcon_core.verb:set package 'interface' build argument 'cmake_force_configure' from command line to 'False'
[0.954s] Level 5:colcon.colcon_core.verb:set package 'interface' build argument 'ament_cmake_args' from command line to 'None'
[0.954s] Level 5:colcon.colcon_core.verb:set package 'interface' build argument 'catkin_cmake_args' from command line to 'None'
[0.954s] Level 5:colcon.colcon_core.verb:set package 'interface' build argument 'catkin_skip_building_tests' from command line to 'False'
[0.955s] DEBUG:colcon.colcon_core.verb:Building package 'interface' with the following arguments: {'ament_cmake_args': None, 'build_base': '/mnt/c/Users/minyi/Desktop/ros2_cll/ros2_ws/build/interface', 'catkin_cmake_args': None, 'catkin_skip_building_tests': False, 'cmake_args': None, 'cmake_clean_cache': False, 'cmake_clean_first': False, 'cmake_force_configure': False, 'cmake_target': None, 'cmake_target_skip_unavailable': False, 'install_base': '/mnt/c/Users/minyi/Desktop/ros2_cll/ros2_ws/install/interface', 'merge_install': False, 'path': '/mnt/c/Users/minyi/Desktop/ros2_cll/ros2_ws/src/interface', 'symlink_install': False, 'test_result_base': None}
[0.956s] Level 5:colcon.colcon_core.verb:set package 'nao_writing' build argument 'cmake_args' from command line to 'None'
[0.956s] Level 5:colcon.colcon_core.verb:set package 'nao_writing' build argument 'cmake_target' from command line to 'None'
[0.956s] Level 5:colcon.colcon_core.verb:set package 'nao_writing' build argument 'cmake_target_skip_unavailable' from command line to 'False'
[0.956s] Level 5:colcon.colcon_core.verb:set package 'nao_writing' build argument 'cmake_clean_cache' from command line to 'False'
[0.957s] Level 5:colcon.colcon_core.verb:set package 'nao_writing' build argument 'cmake_clean_first' from command line to 'False'
[0.957s] Level 5:colcon.colcon_core.verb:set package 'nao_writing' build argument 'cmake_force_configure' from command line to 'False'
[0.957s] Level 5:colcon.colcon_core.verb:set package 'nao_writing' build argument 'ament_cmake_args' from command line to 'None'
[0.957s] Level 5:colcon.colcon_core.verb:set package 'nao_writing' build argument 'catkin_cmake_args' from command line to 'None'
[0.958s] Level 5:colcon.colcon_core.verb:set package 'nao_writing' build argument 'catkin_skip_building_tests' from command line to 'False'
[0.958s] DEBUG:colcon.colcon_core.verb:Building package 'nao_writing' with the following arguments: {'ament_cmake_args': None, 'build_base': '/mnt/c/Users/minyi/Desktop/ros2_cll/ros2_ws/build/nao_writing', 'catkin_cmake_args': None, 'catkin_skip_building_tests': False, 'cmake_args': None, 'cmake_clean_cache': False, 'cmake_clean_first': False, 'cmake_force_configure': False, 'cmake_target': None, 'cmake_target_skip_unavailable': False, 'install_base': '/mnt/c/Users/minyi/Desktop/ros2_cll/ros2_ws/install/nao_writing', 'merge_install': False, 'path': '/mnt/c/Users/minyi/Desktop/ros2_cll/ros2_ws/src/nao_writing', 'symlink_install': False, 'test_result_base': None}
[0.959s] INFO:colcon.colcon_core.executor:Executing jobs using 'parallel' executor
[0.962s] DEBUG:colcon.colcon_parallel_executor.executor.parallel:run_until_complete
[0.962s] INFO:colcon.colcon_ros.task.ament_cmake.build:Building ROS package in '/mnt/c/Users/minyi/Desktop/ros2_cll/ros2_ws/src/interface' with build type 'ament_cmake'
[0.963s] INFO:colcon.colcon_cmake.task.cmake.build:Building CMake package in '/mnt/c/Users/minyi/Desktop/ros2_cll/ros2_ws/src/interface'
[0.971s] INFO:colcon.colcon_core.plugin_system:Skipping extension 'colcon_core.shell.bat': Not used on non-Windows systems
[0.972s] INFO:colcon.colcon_core.shell:Skip shell extension 'powershell' for command environment: Not usable outside of PowerShell
[0.972s] DEBUG:colcon.colcon_core.shell:Skip shell extension 'dsv' for command environment
[1.078s] DEBUG:colcon.colcon_core.event_handler.log_command:Invoking command in '/mnt/c/Users/minyi/Desktop/ros2_cll/ros2_ws/build/interface': CMAKE_PREFIX_PATH=${CMAKE_PREFIX_PATH}:/mnt/c/Users/minyi/Desktop/ros2_cll/ros2_ws/install/nao_writing:/opt/ros/humble /usr/bin/cmake --build /mnt/c/Users/minyi/Desktop/ros2_cll/ros2_ws/build/interface -- -j16 -l16
[3.448s] DEBUG:colcon.colcon_core.event_handler.log_command:Invoked command in '/mnt/c/Users/minyi/Desktop/ros2_cll/ros2_ws/build/interface' returned '0': CMAKE_PREFIX_PATH=${CMAKE_PREFIX_PATH}:/mnt/c/Users/minyi/Desktop/ros2_cll/ros2_ws/install/nao_writing:/opt/ros/humble /usr/bin/cmake --build /mnt/c/Users/minyi/Desktop/ros2_cll/ros2_ws/build/interface -- -j16 -l16
[4.053s] DEBUG:colcon.colcon_core.event_handler.log_command:Invoking command in '/mnt/c/Users/minyi/Desktop/ros2_cll/ros2_ws/build/interface': CMAKE_PREFIX_PATH=${CMAKE_PREFIX_PATH}:/mnt/c/Users/minyi/Desktop/ros2_cll/ros2_ws/install/nao_writing:/opt/ros/humble /usr/bin/cmake --install /mnt/c/Users/minyi/Desktop/ros2_cll/ros2_ws/build/interface
[8.392s] Level 1:colcon.colcon_core.environment:create_environment_scripts_only(interface)
[8.394s] DEBUG:colcon.colcon_core.event_handler.log_command:Invoked command in '/mnt/c/Users/minyi/Desktop/ros2_cll/ros2_ws/build/interface' returned '0': CMAKE_PREFIX_PATH=${CMAKE_PREFIX_PATH}:/mnt/c/Users/minyi/Desktop/ros2_cll/ros2_ws/install/nao_writing:/opt/ros/humble /usr/bin/cmake --install /mnt/c/Users/minyi/Desktop/ros2_cll/ros2_ws/build/interface
[8.402s] Level 1:colcon.colcon_core.environment:checking '/mnt/c/Users/minyi/Desktop/ros2_cll/ros2_ws/install/interface' for CMake module files
[8.573s] Level 1:colcon.colcon_core.environment:checking '/mnt/c/Users/minyi/Desktop/ros2_cll/ros2_ws/install/interface' for CMake config files
[8.687s] Level 1:colcon.colcon_core.shell:create_environment_hook('interface', 'cmake_prefix_path')
[8.689s] INFO:colcon.colcon_core.shell:Creating environment hook '/mnt/c/Users/minyi/Desktop/ros2_cll/ros2_ws/install/interface/share/interface/hook/cmake_prefix_path.ps1'
[8.701s] INFO:colcon.colcon_core.shell:Creating environment descriptor '/mnt/c/Users/minyi/Desktop/ros2_cll/ros2_ws/install/interface/share/interface/hook/cmake_prefix_path.dsv'
[8.714s] INFO:colcon.colcon_core.shell:Creating environment hook '/mnt/c/Users/minyi/Desktop/ros2_cll/ros2_ws/install/interface/share/interface/hook/cmake_prefix_path.sh'
[8.729s] Level 1:colcon.colcon_core.environment:checking '/mnt/c/Users/minyi/Desktop/ros2_cll/ros2_ws/install/interface/lib'
[8.731s] Level 1:colcon.colcon_core.shell:create_environment_hook('interface', 'ld_library_path_lib')
[8.732s] INFO:colcon.colcon_core.shell:Creating environment hook '/mnt/c/Users/minyi/Desktop/ros2_cll/ros2_ws/install/interface/share/interface/hook/ld_library_path_lib.ps1'
[8.744s] INFO:colcon.colcon_core.shell:Creating environment descriptor '/mnt/c/Users/minyi/Desktop/ros2_cll/ros2_ws/install/interface/share/interface/hook/ld_library_path_lib.dsv'
[8.756s] INFO:colcon.colcon_core.shell:Creating environment hook '/mnt/c/Users/minyi/Desktop/ros2_cll/ros2_ws/install/interface/share/interface/hook/ld_library_path_lib.sh'
[8.768s] Level 1:colcon.colcon_core.environment:checking '/mnt/c/Users/minyi/Desktop/ros2_cll/ros2_ws/install/interface/bin'
[8.769s] Level 1:colcon.colcon_core.environment:checking '/mnt/c/Users/minyi/Desktop/ros2_cll/ros2_ws/install/interface/lib/pkgconfig/interface.pc'
[8.769s] Level 1:colcon.colcon_core.environment:checking '/mnt/c/Users/minyi/Desktop/ros2_cll/ros2_ws/install/interface/lib/python3.10/site-packages'
[8.770s] Level 1:colcon.colcon_core.environment:checking '/mnt/c/Users/minyi/Desktop/ros2_cll/ros2_ws/install/interface/bin'
[8.772s] INFO:colcon.colcon_core.shell:Creating package script '/mnt/c/Users/minyi/Desktop/ros2_cll/ros2_ws/install/interface/share/interface/package.ps1'
[8.781s] INFO:colcon.colcon_core.shell:Creating package descriptor '/mnt/c/Users/minyi/Desktop/ros2_cll/ros2_ws/install/interface/share/interface/package.dsv'
[8.791s] INFO:colcon.colcon_core.shell:Creating package script '/mnt/c/Users/minyi/Desktop/ros2_cll/ros2_ws/install/interface/share/interface/package.sh'
[8.801s] INFO:colcon.colcon_core.shell:Creating package script '/mnt/c/Users/minyi/Desktop/ros2_cll/ros2_ws/install/interface/share/interface/package.bash'
[8.811s] INFO:colcon.colcon_core.shell:Creating package script '/mnt/c/Users/minyi/Desktop/ros2_cll/ros2_ws/install/interface/share/interface/package.zsh'
[8.820s] Level 1:colcon.colcon_core.environment:create_file_with_runtime_dependencies(/mnt/c/Users/minyi/Desktop/ros2_cll/ros2_ws/install/interface/share/colcon-core/packages/interface)
[9.407s] Level 1:colcon.colcon_core.environment:create_environment_scripts_only(interface)
[9.408s] Level 1:colcon.colcon_core.environment:checking '/mnt/c/Users/minyi/Desktop/ros2_cll/ros2_ws/install/interface' for CMake module files
[9.580s] Level 1:colcon.colcon_core.environment:checking '/mnt/c/Users/minyi/Desktop/ros2_cll/ros2_ws/install/interface' for CMake config files
[9.697s] Level 1:colcon.colcon_core.shell:create_environment_hook('interface', 'cmake_prefix_path')
[9.698s] INFO:colcon.colcon_core.shell:Creating environment hook '/mnt/c/Users/minyi/Desktop/ros2_cll/ros2_ws/install/interface/share/interface/hook/cmake_prefix_path.ps1'
[9.709s] INFO:colcon.colcon_core.shell:Creating environment descriptor '/mnt/c/Users/minyi/Desktop/ros2_cll/ros2_ws/install/interface/share/interface/hook/cmake_prefix_path.dsv'
[9.720s] INFO:colcon.colcon_core.shell:Creating environment hook '/mnt/c/Users/minyi/Desktop/ros2_cll/ros2_ws/install/interface/share/interface/hook/cmake_prefix_path.sh'
[9.732s] Level 1:colcon.colcon_core.environment:checking '/mnt/c/Users/minyi/Desktop/ros2_cll/ros2_ws/install/interface/lib'
[9.734s] Level 1:colcon.colcon_core.shell:create_environment_hook('interface', 'ld_library_path_lib')
[9.736s] INFO:colcon.colcon_core.shell:Creating environment hook '/mnt/c/Users/minyi/Desktop/ros2_cll/ros2_ws/install/interface/share/interface/hook/ld_library_path_lib.ps1'
[9.747s] INFO:colcon.colcon_core.shell:Creating environment descriptor '/mnt/c/Users/minyi/Desktop/ros2_cll/ros2_ws/install/interface/share/interface/hook/ld_library_path_lib.dsv'
[9.757s] INFO:colcon.colcon_core.shell:Creating environment hook '/mnt/c/Users/minyi/Desktop/ros2_cll/ros2_ws/install/interface/share/interface/hook/ld_library_path_lib.sh'
[9.768s] Level 1:colcon.colcon_core.environment:checking '/mnt/c/Users/minyi/Desktop/ros2_cll/ros2_ws/install/interface/bin'
[9.768s] Level 1:colcon.colcon_core.environment:checking '/mnt/c/Users/minyi/Desktop/ros2_cll/ros2_ws/install/interface/lib/pkgconfig/interface.pc'
[9.769s] Level 1:colcon.colcon_core.environment:checking '/mnt/c/Users/minyi/Desktop/ros2_cll/ros2_ws/install/interface/lib/python3.10/site-packages'
[9.770s] Level 1:colcon.colcon_core.environment:checking '/mnt/c/Users/minyi/Desktop/ros2_cll/ros2_ws/install/interface/bin'
[9.771s] INFO:colcon.colcon_core.shell:Creating package script '/mnt/c/Users/minyi/Desktop/ros2_cll/ros2_ws/install/interface/share/interface/package.ps1'
[9.780s] INFO:colcon.colcon_core.shell:Creating package descriptor '/mnt/c/Users/minyi/Desktop/ros2_cll/ros2_ws/install/interface/share/interface/package.dsv'
[9.788s] INFO:colcon.colcon_core.shell:Creating package script '/mnt/c/Users/minyi/Desktop/ros2_cll/ros2_ws/install/interface/share/interface/package.sh'
[9.796s] INFO:colcon.colcon_core.shell:Creating package script '/mnt/c/Users/minyi/Desktop/ros2_cll/ros2_ws/install/interface/share/interface/package.bash'
[9.804s] INFO:colcon.colcon_core.shell:Creating package script '/mnt/c/Users/minyi/Desktop/ros2_cll/ros2_ws/install/interface/share/interface/package.zsh'
[9.812s] Level 1:colcon.colcon_core.environment:create_file_with_runtime_dependencies(/mnt/c/Users/minyi/Desktop/ros2_cll/ros2_ws/install/interface/share/colcon-core/packages/interface)
[9.819s] INFO:colcon.colcon_ros.task.ament_python.build:Building ROS package in '/mnt/c/Users/minyi/Desktop/ros2_cll/ros2_ws/src/nao_writing' with build type 'ament_python'
[9.820s] Level 1:colcon.colcon_core.shell:create_environment_hook('nao_writing', 'ament_prefix_path')
[9.821s] INFO:colcon.colcon_core.shell:Creating environment hook '/mnt/c/Users/minyi/Desktop/ros2_cll/ros2_ws/install/nao_writing/share/nao_writing/hook/ament_prefix_path.ps1'
[9.839s] INFO:colcon.colcon_core.shell:Creating environment descriptor '/mnt/c/Users/minyi/Desktop/ros2_cll/ros2_ws/install/nao_writing/share/nao_writing/hook/ament_prefix_path.dsv'
[9.853s] INFO:colcon.colcon_core.shell:Creating environment hook '/mnt/c/Users/minyi/Desktop/ros2_cll/ros2_ws/install/nao_writing/share/nao_writing/hook/ament_prefix_path.sh'
[9.869s] INFO:colcon.colcon_core.shell:Skip shell extension 'powershell' for command environment: Not usable outside of PowerShell
[9.870s] DEBUG:colcon.colcon_core.shell:Skip shell extension 'dsv' for command environment
[10.586s] INFO:colcon.colcon_core.task.python.build:Building Python package in '/mnt/c/Users/minyi/Desktop/ros2_cll/ros2_ws/src/nao_writing'
[10.587s] INFO:colcon.colcon_core.shell:Skip shell extension 'powershell' for command environment: Not usable outside of PowerShell
[10.587s] DEBUG:colcon.colcon_core.shell:Skip shell extension 'dsv' for command environment
[12.208s] DEBUG:colcon.colcon_core.event_handler.log_command:Invoking command in '/mnt/c/Users/minyi/Desktop/ros2_cll/ros2_ws/src/nao_writing': PYTHONPATH=/mnt/c/Users/minyi/Desktop/ros2_cll/ros2_ws/build/nao_writing/prefix_override:/mnt/c/Users/minyi/Desktop/ros2_cll/ros2_ws/install/nao_writing/lib/python3.10/site-packages:${PYTHONPATH} /usr/bin/python3 setup.py egg_info --egg-base ../../build/nao_writing build --build-base /mnt/c/Users/minyi/Desktop/ros2_cll/ros2_ws/build/nao_writing/build install --record /mnt/c/Users/minyi/Desktop/ros2_cll/ros2_ws/build/nao_writing/install.log --single-version-externally-managed
[14.710s] Level 1:colcon.colcon_core.environment:checking '/mnt/c/Users/minyi/Desktop/ros2_cll/ros2_ws/install/nao_writing' for CMake module files
[14.711s] DEBUG:colcon.colcon_core.event_handler.log_command:Invoked command in '/mnt/c/Users/minyi/Desktop/ros2_cll/ros2_ws/src/nao_writing' returned '0': PYTHONPATH=/mnt/c/Users/minyi/Desktop/ros2_cll/ros2_ws/build/nao_writing/prefix_override:/mnt/c/Users/minyi/Desktop/ros2_cll/ros2_ws/install/nao_writing/lib/python3.10/site-packages:${PYTHONPATH} /usr/bin/python3 setup.py egg_info --egg-base ../../build/nao_writing build --build-base /mnt/c/Users/minyi/Desktop/ros2_cll/ros2_ws/build/nao_writing/build install --record /mnt/c/Users/minyi/Desktop/ros2_cll/ros2_ws/build/nao_writing/install.log --single-version-externally-managed
[14.759s] Level 1:colcon.colcon_core.environment:checking '/mnt/c/Users/minyi/Desktop/ros2_cll/ros2_ws/install/nao_writing' for CMake config files
[14.840s] Level 1:colcon.colcon_core.environment:checking '/mnt/c/Users/minyi/Desktop/ros2_cll/ros2_ws/install/nao_writing/lib'
[14.844s] Level 1:colcon.colcon_core.environment:checking '/mnt/c/Users/minyi/Desktop/ros2_cll/ros2_ws/install/nao_writing/bin'
[14.845s] Level 1:colcon.colcon_core.environment:checking '/mnt/c/Users/minyi/Desktop/ros2_cll/ros2_ws/install/nao_writing/lib/pkgconfig/nao_writing.pc'
[14.847s] Level 1:colcon.colcon_core.environment:checking '/mnt/c/Users/minyi/Desktop/ros2_cll/ros2_ws/install/nao_writing/lib/python3.10/site-packages'
[14.849s] Level 1:colcon.colcon_core.shell:create_environment_hook('nao_writing', 'pythonpath')
[14.851s] INFO:colcon.colcon_core.shell:Creating environment hook '/mnt/c/Users/minyi/Desktop/ros2_cll/ros2_ws/install/nao_writing/share/nao_writing/hook/pythonpath.ps1'
[14.863s] INFO:colcon.colcon_core.shell:Creating environment descriptor '/mnt/c/Users/minyi/Desktop/ros2_cll/ros2_ws/install/nao_writing/share/nao_writing/hook/pythonpath.dsv'
[14.876s] INFO:colcon.colcon_core.shell:Creating environment hook '/mnt/c/Users/minyi/Desktop/ros2_cll/ros2_ws/install/nao_writing/share/nao_writing/hook/pythonpath.sh'
[14.889s] Level 1:colcon.colcon_core.environment:checking '/mnt/c/Users/minyi/Desktop/ros2_cll/ros2_ws/install/nao_writing/bin'
[14.890s] Level 1:colcon.colcon_core.environment:create_environment_scripts_only(nao_writing)
[14.892s] INFO:colcon.colcon_core.shell:Creating package script '/mnt/c/Users/minyi/Desktop/ros2_cll/ros2_ws/install/nao_writing/share/nao_writing/package.ps1'
[14.902s] INFO:colcon.colcon_core.shell:Creating package descriptor '/mnt/c/Users/minyi/Desktop/ros2_cll/ros2_ws/install/nao_writing/share/nao_writing/package.dsv'
[14.912s] INFO:colcon.colcon_core.shell:Creating package script '/mnt/c/Users/minyi/Desktop/ros2_cll/ros2_ws/install/nao_writing/share/nao_writing/package.sh'
[14.922s] INFO:colcon.colcon_core.shell:Creating package script '/mnt/c/Users/minyi/Desktop/ros2_cll/ros2_ws/install/nao_writing/share/nao_writing/package.bash'
[14.932s] INFO:colcon.colcon_core.shell:Creating package script '/mnt/c/Users/minyi/Desktop/ros2_cll/ros2_ws/install/nao_writing/share/nao_writing/package.zsh'
[14.943s] Level 1:colcon.colcon_core.environment:create_file_with_runtime_dependencies(/mnt/c/Users/minyi/Desktop/ros2_cll/ros2_ws/install/nao_writing/share/colcon-core/packages/nao_writing)
[14.952s] DEBUG:colcon.colcon_parallel_executor.executor.parallel:closing loop
[14.952s] DEBUG:colcon.colcon_parallel_executor.executor.parallel:loop closed
[14.953s] DEBUG:colcon.colcon_parallel_executor.executor.parallel:run_until_complete finished with '0'
[14.953s] DEBUG:colcon.colcon_core.event_reactor:joining thread
[15.021s] INFO:colcon.colcon_core.plugin_system:Skipping extension 'colcon_notification.desktop_notification.notify_send': Could not find 'notify-send'
[15.021s] INFO:colcon.colcon_core.plugin_system:Skipping extension 'colcon_notification.desktop_notification.terminal_notifier': Not used on non-Darwin systems
[15.021s] INFO:colcon.colcon_core.plugin_system:Skipping extension 'colcon_notification.desktop_notification.win32': Not used on non-Windows systems
[15.022s] INFO:colcon.colcon_notification.desktop_notification:Sending desktop notification using 'notify2'
[15.033s] DEBUG:colcon.colcon_notification.desktop_notification.notify2:Failed to initialize notify2: org.freedesktop.DBus.Error.ServiceUnknown: The name org.freedesktop.Notifications was not provided by any .service files
[15.033s] DEBUG:colcon.colcon_core.event_reactor:joined thread
[15.035s] INFO:colcon.colcon_core.shell:Creating prefix script '/mnt/c/Users/minyi/Desktop/ros2_cll/ros2_ws/install/local_setup.ps1'
[15.039s] INFO:colcon.colcon_core.shell:Creating prefix util module '/mnt/c/Users/minyi/Desktop/ros2_cll/ros2_ws/install/_local_setup_util_ps1.py'
[15.044s] INFO:colcon.colcon_core.shell:Creating prefix chain script '/mnt/c/Users/minyi/Desktop/ros2_cll/ros2_ws/install/setup.ps1'
[15.060s] INFO:colcon.colcon_core.shell:Creating prefix script '/mnt/c/Users/minyi/Desktop/ros2_cll/ros2_ws/install/local_setup.sh'
[15.063s] INFO:colcon.colcon_core.shell:Creating prefix util module '/mnt/c/Users/minyi/Desktop/ros2_cll/ros2_ws/install/_local_setup_util_sh.py'
[15.068s] INFO:colcon.colcon_core.shell:Creating prefix chain script '/mnt/c/Users/minyi/Desktop/ros2_cll/ros2_ws/install/setup.sh'
[15.083s] INFO:colcon.colcon_core.shell:Creating prefix script '/mnt/c/Users/minyi/Desktop/ros2_cll/ros2_ws/install/local_setup.bash'
[15.087s] INFO:colcon.colcon_core.shell:Creating prefix chain script '/mnt/c/Users/minyi/Desktop/ros2_cll/ros2_ws/install/setup.bash'
[15.102s] INFO:colcon.colcon_core.shell:Creating prefix script '/mnt/c/Users/minyi/Desktop/ros2_cll/ros2_ws/install/local_setup.zsh'
[15.106s] INFO:colcon.colcon_core.shell:Creating prefix chain script '/mnt/c/Users/minyi/Desktop/ros2_cll/ros2_ws/install/setup.zsh'
