[0.566s] DEBUG:colcon:Command line arguments: ['/usr/bin/colcon', 'build']
[0.566s] DEBUG:colcon:Parsed command line arguments: Namespace(log_base=None, log_level=None, verb_name='build', build_base='build', install_base='install', merge_install=False, symlink_install=False, test_result_base=None, continue_on_error=False, executor='parallel', parallel_workers=16, event_handlers=None, ignore_user_meta=False, metas=['./colcon.meta'], base_paths=['.'], packages_ignore=None, packages_ignore_regex=None, paths=None, packages_up_to=None, packages_up_to_regex=None, packages_above=None, packages_above_and_dependencies=None, packages_above_depth=None, packages_select_by_dep=None, packages_skip_by_dep=None, packages_skip_up_to=None, packages_select_build_failed=False, packages_skip_build_finished=False, packages_select_test_failures=False, packages_skip_test_passed=False, packages_select=None, packages_skip=None, packages_select_regex=None, packages_skip_regex=None, packages_start=None, packages_end=None, allow_overriding=[], cmake_args=None, cmake_target=None, cmake_target_skip_unavailable=False, cmake_clean_cache=False, cmake_clean_first=False, cmake_force_configure=False, ament_cmake_args=None, catkin_cmake_args=None, catkin_skip_building_tests=False, verb_parser=<colcon_defaults.argument_parser.defaults.DefaultArgumentsDecorator object at 0x7fbed91af640>, verb_extension=<colcon_core.verb.build.BuildVerb object at 0x7fbed9381180>, main=<bound method BuildVerb.main of <colcon_core.verb.build.BuildVerb object at 0x7fbed9381180>>)
[0.623s] Level 1:colcon.colcon_core.package_discovery:discover_packages(colcon_meta) check parameters
[0.623s] Level 1:colcon.colcon_core.package_discovery:discover_packages(recursive) check parameters
[0.624s] Level 1:colcon.colcon_core.package_discovery:discover_packages(ignore) check parameters
[0.624s] Level 1:colcon.colcon_core.package_discovery:discover_packages(path) check parameters
[0.624s] Level 1:colcon.colcon_core.package_discovery:discover_packages(colcon_meta) discover
[0.624s] Level 1:colcon.colcon_core.package_discovery:discover_packages(recursive) discover
[0.625s] INFO:colcon.colcon_core.package_discovery:Crawling recursively for packages in '/mnt/c/Users/minyi/Desktop/ros2_cll/ros2_ws'
[0.626s] Level 1:colcon.colcon_core.package_identification:_identify(.) by extensions ['ignore', 'ignore_ament_install']
[0.627s] Level 1:colcon.colcon_core.package_identification:_identify(.) by extension 'ignore'
[0.627s] Level 1:colcon.colcon_core.package_identification:_identify(.) by extension 'ignore_ament_install'
[0.628s] Level 1:colcon.colcon_core.package_identification:_identify(.) by extensions ['colcon_pkg']
[0.628s] Level 1:colcon.colcon_core.package_identification:_identify(.) by extension 'colcon_pkg'
[0.629s] Level 1:colcon.colcon_core.package_identification:_identify(.) by extensions ['colcon_meta']
[0.629s] Level 1:colcon.colcon_core.package_identification:_identify(.) by extension 'colcon_meta'
[0.629s] Level 1:colcon.colcon_core.package_identification:_identify(.) by extensions ['ros']
[0.629s] Level 1:colcon.colcon_core.package_identification:_identify(.) by extension 'ros'
[0.648s] Level 1:colcon.colcon_core.package_identification:_identify(.) by extensions ['cmake', 'python']
[0.649s] Level 1:colcon.colcon_core.package_identification:_identify(.) by extension 'cmake'
[0.649s] Level 1:colcon.colcon_core.package_identification:_identify(.) by extension 'python'
[0.650s] Level 1:colcon.colcon_core.package_identification:_identify(.) by extensions ['python_setup_py']
[0.650s] Level 1:colcon.colcon_core.package_identification:_identify(.) by extension 'python_setup_py'
[0.653s] Level 1:colcon.colcon_core.package_identification:_identify(__pycache__) by extensions ['ignore', 'ignore_ament_install']
[0.653s] Level 1:colcon.colcon_core.package_identification:_identify(__pycache__) by extension 'ignore'
[0.654s] Level 1:colcon.colcon_core.package_identification:_identify(__pycache__) by extension 'ignore_ament_install'
[0.656s] Level 1:colcon.colcon_core.package_identification:_identify(__pycache__) by extensions ['colcon_pkg']
[0.656s] Level 1:colcon.colcon_core.package_identification:_identify(__pycache__) by extension 'colcon_pkg'
[0.657s] Level 1:colcon.colcon_core.package_identification:_identify(__pycache__) by extensions ['colcon_meta']
[0.658s] Level 1:colcon.colcon_core.package_identification:_identify(__pycache__) by extension 'colcon_meta'
[0.659s] Level 1:colcon.colcon_core.package_identification:_identify(__pycache__) by extensions ['ros']
[0.659s] Level 1:colcon.colcon_core.package_identification:_identify(__pycache__) by extension 'ros'
[0.664s] Level 1:colcon.colcon_core.package_identification:_identify(__pycache__) by extensions ['cmake', 'python']
[0.664s] Level 1:colcon.colcon_core.package_identification:_identify(__pycache__) by extension 'cmake'
[0.665s] Level 1:colcon.colcon_core.package_identification:_identify(__pycache__) by extension 'python'
[0.666s] Level 1:colcon.colcon_core.package_identification:_identify(__pycache__) by extensions ['python_setup_py']
[0.666s] Level 1:colcon.colcon_core.package_identification:_identify(__pycache__) by extension 'python_setup_py'
[0.670s] Level 1:colcon.colcon_core.package_identification:_identify(build) by extensions ['ignore', 'ignore_ament_install']
[0.670s] Level 1:colcon.colcon_core.package_identification:_identify(build) by extension 'ignore'
[0.672s] Level 1:colcon.colcon_core.package_identification:_identify(build) ignored
[0.674s] Level 1:colcon.colcon_core.package_identification:_identify(install) by extensions ['ignore', 'ignore_ament_install']
[0.674s] Level 1:colcon.colcon_core.package_identification:_identify(install) by extension 'ignore'
[0.675s] Level 1:colcon.colcon_core.package_identification:_identify(install) ignored
[0.680s] Level 1:colcon.colcon_core.package_identification:_identify(log) by extensions ['ignore', 'ignore_ament_install']
[0.681s] Level 1:colcon.colcon_core.package_identification:_identify(log) by extension 'ignore'
[0.682s] Level 1:colcon.colcon_core.package_identification:_identify(log) ignored
[0.685s] Level 1:colcon.colcon_core.package_identification:_identify(src) by extensions ['ignore', 'ignore_ament_install']
[0.685s] Level 1:colcon.colcon_core.package_identification:_identify(src) by extension 'ignore'
[0.686s] Level 1:colcon.colcon_core.package_identification:_identify(src) by extension 'ignore_ament_install'
[0.688s] Level 1:colcon.colcon_core.package_identification:_identify(src) by extensions ['colcon_pkg']
[0.688s] Level 1:colcon.colcon_core.package_identification:_identify(src) by extension 'colcon_pkg'
[0.689s] Level 1:colcon.colcon_core.package_identification:_identify(src) by extensions ['colcon_meta']
[0.689s] Level 1:colcon.colcon_core.package_identification:_identify(src) by extension 'colcon_meta'
[0.690s] Level 1:colcon.colcon_core.package_identification:_identify(src) by extensions ['ros']
[0.691s] Level 1:colcon.colcon_core.package_identification:_identify(src) by extension 'ros'
[0.695s] Level 1:colcon.colcon_core.package_identification:_identify(src) by extensions ['cmake', 'python']
[0.695s] Level 1:colcon.colcon_core.package_identification:_identify(src) by extension 'cmake'
[0.696s] Level 1:colcon.colcon_core.package_identification:_identify(src) by extension 'python'
[0.697s] Level 1:colcon.colcon_core.package_identification:_identify(src) by extensions ['python_setup_py']
[0.697s] Level 1:colcon.colcon_core.package_identification:_identify(src) by extension 'python_setup_py'
[0.703s] Level 1:colcon.colcon_core.package_identification:_identify(src/__pycache__) by extensions ['ignore', 'ignore_ament_install']
[0.704s] Level 1:colcon.colcon_core.package_identification:_identify(src/__pycache__) by extension 'ignore'
[0.705s] Level 1:colcon.colcon_core.package_identification:_identify(src/__pycache__) by extension 'ignore_ament_install'
[0.708s] Level 1:colcon.colcon_core.package_identification:_identify(src/__pycache__) by extensions ['colcon_pkg']
[0.709s] Level 1:colcon.colcon_core.package_identification:_identify(src/__pycache__) by extension 'colcon_pkg'
[0.710s] Level 1:colcon.colcon_core.package_identification:_identify(src/__pycache__) by extensions ['colcon_meta']
[0.710s] Level 1:colcon.colcon_core.package_identification:_identify(src/__pycache__) by extension 'colcon_meta'
[0.713s] Level 1:colcon.colcon_core.package_identification:_identify(src/__pycache__) by extensions ['ros']
[0.713s] Level 1:colcon.colcon_core.package_identification:_identify(src/__pycache__) by extension 'ros'
[0.719s] Level 1:colcon.colcon_core.package_identification:_identify(src/__pycache__) by extensions ['cmake', 'python']
[0.720s] Level 1:colcon.colcon_core.package_identification:_identify(src/__pycache__) by extension 'cmake'
[0.721s] Level 1:colcon.colcon_core.package_identification:_identify(src/__pycache__) by extension 'python'
[0.723s] Level 1:colcon.colcon_core.package_identification:_identify(src/__pycache__) by extensions ['python_setup_py']
[0.723s] Level 1:colcon.colcon_core.package_identification:_identify(src/__pycache__) by extension 'python_setup_py'
[0.729s] Level 1:colcon.colcon_core.package_identification:_identify(src/interface) by extensions ['ignore', 'ignore_ament_install']
[0.730s] Level 1:colcon.colcon_core.package_identification:_identify(src/interface) by extension 'ignore'
[0.731s] Level 1:colcon.colcon_core.package_identification:_identify(src/interface) by extension 'ignore_ament_install'
[0.734s] Level 1:colcon.colcon_core.package_identification:_identify(src/interface) by extensions ['colcon_pkg']
[0.734s] Level 1:colcon.colcon_core.package_identification:_identify(src/interface) by extension 'colcon_pkg'
[0.736s] Level 1:colcon.colcon_core.package_identification:_identify(src/interface) by extensions ['colcon_meta']
[0.736s] Level 1:colcon.colcon_core.package_identification:_identify(src/interface) by extension 'colcon_meta'
[0.739s] Level 1:colcon.colcon_core.package_identification:_identify(src/interface) by extensions ['ros']
[0.739s] Level 1:colcon.colcon_core.package_identification:_identify(src/interface) by extension 'ros'
[0.758s] DEBUG:colcon.colcon_core.package_identification:Package 'src/interface' with type 'ros.ament_cmake' and name 'interface'
[0.763s] Level 1:colcon.colcon_core.package_identification:_identify(src/nao_writing) by extensions ['ignore', 'ignore_ament_install']
[0.763s] Level 1:colcon.colcon_core.package_identification:_identify(src/nao_writing) by extension 'ignore'
[0.765s] Level 1:colcon.colcon_core.package_identification:_identify(src/nao_writing) by extension 'ignore_ament_install'
[0.768s] Level 1:colcon.colcon_core.package_identification:_identify(src/nao_writing) by extensions ['colcon_pkg']
[0.768s] Level 1:colcon.colcon_core.package_identification:_identify(src/nao_writing) by extension 'colcon_pkg'
[0.770s] Level 1:colcon.colcon_core.package_identification:_identify(src/nao_writing) by extensions ['colcon_meta']
[0.770s] Level 1:colcon.colcon_core.package_identification:_identify(src/nao_writing) by extension 'colcon_meta'
[0.772s] Level 1:colcon.colcon_core.package_identification:_identify(src/nao_writing) by extensions ['ros']
[0.772s] Level 1:colcon.colcon_core.package_identification:_identify(src/nao_writing) by extension 'ros'
[0.789s] DEBUG:colcon.colcon_core.package_identification:Package 'src/nao_writing' with type 'ros.ament_python' and name 'nao_writing'
[0.789s] Level 1:colcon.colcon_core.package_discovery:discover_packages(recursive) using defaults
[0.790s] Level 1:colcon.colcon_core.package_discovery:discover_packages(ignore) discover
[0.790s] Level 1:colcon.colcon_core.package_discovery:discover_packages(ignore) using defaults
[0.790s] Level 1:colcon.colcon_core.package_discovery:discover_packages(path) discover
[0.790s] Level 1:colcon.colcon_core.package_discovery:discover_packages(path) using defaults
[0.863s] Level 1:colcon.colcon_core.package_discovery:discover_packages(prefix_path) check parameters
[0.863s] Level 1:colcon.colcon_core.package_discovery:discover_packages(prefix_path) discover
[0.901s] DEBUG:colcon.colcon_installed_package_information.package_discovery:Found 2 installed packages in /mnt/c/Users/minyi/Desktop/ros2_cll/ros2_ws/install
[0.903s] DEBUG:colcon.colcon_installed_package_information.package_discovery:Found 270 installed packages in /opt/ros/humble
[0.905s] Level 1:colcon.colcon_core.package_discovery:discover_packages(prefix_path) using defaults
[0.974s] Level 5:colcon.colcon_core.verb:set package 'interface' build argument 'cmake_args' from command line to 'None'
[0.974s] Level 5:colcon.colcon_core.verb:set package 'interface' build argument 'cmake_target' from command line to 'None'
[0.975s] Level 5:colcon.colcon_core.verb:set package 'interface' build argument 'cmake_target_skip_unavailable' from command line to 'False'
[0.975s] Level 5:colcon.colcon_core.verb:set package 'interface' build argument 'cmake_clean_cache' from command line to 'False'
[0.975s] Level 5:colcon.colcon_core.verb:set package 'interface' build argument 'cmake_clean_first' from command line to 'False'
[0.975s] Level 5:colcon.colcon_core.verb:set package 'interface' build argument 'cmake_force_configure' from command line to 'False'
[0.976s] Level 5:colcon.colcon_core.verb:set package 'interface' build argument 'ament_cmake_args' from command line to 'None'
[0.976s] Level 5:colcon.colcon_core.verb:set package 'interface' build argument 'catkin_cmake_args' from command line to 'None'
[0.976s] Level 5:colcon.colcon_core.verb:set package 'interface' build argument 'catkin_skip_building_tests' from command line to 'False'
[0.976s] DEBUG:colcon.colcon_core.verb:Building package 'interface' with the following arguments: {'ament_cmake_args': None, 'build_base': '/mnt/c/Users/minyi/Desktop/ros2_cll/ros2_ws/build/interface', 'catkin_cmake_args': None, 'catkin_skip_building_tests': False, 'cmake_args': None, 'cmake_clean_cache': False, 'cmake_clean_first': False, 'cmake_force_configure': False, 'cmake_target': None, 'cmake_target_skip_unavailable': False, 'install_base': '/mnt/c/Users/minyi/Desktop/ros2_cll/ros2_ws/install/interface', 'merge_install': False, 'path': '/mnt/c/Users/minyi/Desktop/ros2_cll/ros2_ws/src/interface', 'symlink_install': False, 'test_result_base': None}
[0.977s] Level 5:colcon.colcon_core.verb:set package 'nao_writing' build argument 'cmake_args' from command line to 'None'
[0.978s] Level 5:colcon.colcon_core.verb:set package 'nao_writing' build argument 'cmake_target' from command line to 'None'
[0.978s] Level 5:colcon.colcon_core.verb:set package 'nao_writing' build argument 'cmake_target_skip_unavailable' from command line to 'False'
[0.978s] Level 5:colcon.colcon_core.verb:set package 'nao_writing' build argument 'cmake_clean_cache' from command line to 'False'
[0.978s] Level 5:colcon.colcon_core.verb:set package 'nao_writing' build argument 'cmake_clean_first' from command line to 'False'
[0.979s] Level 5:colcon.colcon_core.verb:set package 'nao_writing' build argument 'cmake_force_configure' from command line to 'False'
[0.979s] Level 5:colcon.colcon_core.verb:set package 'nao_writing' build argument 'ament_cmake_args' from command line to 'None'
[0.979s] Level 5:colcon.colcon_core.verb:set package 'nao_writing' build argument 'catkin_cmake_args' from command line to 'None'
[0.980s] Level 5:colcon.colcon_core.verb:set package 'nao_writing' build argument 'catkin_skip_building_tests' from command line to 'False'
[0.980s] DEBUG:colcon.colcon_core.verb:Building package 'nao_writing' with the following arguments: {'ament_cmake_args': None, 'build_base': '/mnt/c/Users/minyi/Desktop/ros2_cll/ros2_ws/build/nao_writing', 'catkin_cmake_args': None, 'catkin_skip_building_tests': False, 'cmake_args': None, 'cmake_clean_cache': False, 'cmake_clean_first': False, 'cmake_force_configure': False, 'cmake_target': None, 'cmake_target_skip_unavailable': False, 'install_base': '/mnt/c/Users/minyi/Desktop/ros2_cll/ros2_ws/install/nao_writing', 'merge_install': False, 'path': '/mnt/c/Users/minyi/Desktop/ros2_cll/ros2_ws/src/nao_writing', 'symlink_install': False, 'test_result_base': None}
[0.981s] INFO:colcon.colcon_core.executor:Executing jobs using 'parallel' executor
[0.984s] DEBUG:colcon.colcon_parallel_executor.executor.parallel:run_until_complete
[0.985s] INFO:colcon.colcon_ros.task.ament_cmake.build:Building ROS package in '/mnt/c/Users/minyi/Desktop/ros2_cll/ros2_ws/src/interface' with build type 'ament_cmake'
[0.985s] INFO:colcon.colcon_cmake.task.cmake.build:Building CMake package in '/mnt/c/Users/minyi/Desktop/ros2_cll/ros2_ws/src/interface'
[0.994s] INFO:colcon.colcon_core.plugin_system:Skipping extension 'colcon_core.shell.bat': Not used on non-Windows systems
[0.994s] INFO:colcon.colcon_core.shell:Skip shell extension 'powershell' for command environment: Not usable outside of PowerShell
[0.995s] DEBUG:colcon.colcon_core.shell:Skip shell extension 'dsv' for command environment
[1.099s] DEBUG:colcon.colcon_core.event_handler.log_command:Invoking command in '/mnt/c/Users/minyi/Desktop/ros2_cll/ros2_ws/build/interface': CMAKE_PREFIX_PATH=${CMAKE_PREFIX_PATH}:/mnt/c/Users/minyi/Desktop/ros2_cll/ros2_ws/install/nao_writing:/opt/ros/humble /usr/bin/cmake --build /mnt/c/Users/minyi/Desktop/ros2_cll/ros2_ws/build/interface -- -j16 -l16
[3.614s] DEBUG:colcon.colcon_core.event_handler.log_command:Invoked command in '/mnt/c/Users/minyi/Desktop/ros2_cll/ros2_ws/build/interface' returned '0': CMAKE_PREFIX_PATH=${CMAKE_PREFIX_PATH}:/mnt/c/Users/minyi/Desktop/ros2_cll/ros2_ws/install/nao_writing:/opt/ros/humble /usr/bin/cmake --build /mnt/c/Users/minyi/Desktop/ros2_cll/ros2_ws/build/interface -- -j16 -l16
[4.212s] DEBUG:colcon.colcon_core.event_handler.log_command:Invoking command in '/mnt/c/Users/minyi/Desktop/ros2_cll/ros2_ws/build/interface': CMAKE_PREFIX_PATH=${CMAKE_PREFIX_PATH}:/mnt/c/Users/minyi/Desktop/ros2_cll/ros2_ws/install/nao_writing:/opt/ros/humble /usr/bin/cmake --install /mnt/c/Users/minyi/Desktop/ros2_cll/ros2_ws/build/interface
[8.498s] Level 1:colcon.colcon_core.environment:create_environment_scripts_only(interface)
[8.501s] DEBUG:colcon.colcon_core.event_handler.log_command:Invoked command in '/mnt/c/Users/minyi/Desktop/ros2_cll/ros2_ws/build/interface' returned '0': CMAKE_PREFIX_PATH=${CMAKE_PREFIX_PATH}:/mnt/c/Users/minyi/Desktop/ros2_cll/ros2_ws/install/nao_writing:/opt/ros/humble /usr/bin/cmake --install /mnt/c/Users/minyi/Desktop/ros2_cll/ros2_ws/build/interface
[8.510s] Level 1:colcon.colcon_core.environment:checking '/mnt/c/Users/minyi/Desktop/ros2_cll/ros2_ws/install/interface' for CMake module files
[8.671s] Level 1:colcon.colcon_core.environment:checking '/mnt/c/Users/minyi/Desktop/ros2_cll/ros2_ws/install/interface' for CMake config files
[8.779s] Level 1:colcon.colcon_core.shell:create_environment_hook('interface', 'cmake_prefix_path')
[8.781s] INFO:colcon.colcon_core.shell:Creating environment hook '/mnt/c/Users/minyi/Desktop/ros2_cll/ros2_ws/install/interface/share/interface/hook/cmake_prefix_path.ps1'
[8.793s] INFO:colcon.colcon_core.shell:Creating environment descriptor '/mnt/c/Users/minyi/Desktop/ros2_cll/ros2_ws/install/interface/share/interface/hook/cmake_prefix_path.dsv'
[8.805s] INFO:colcon.colcon_core.shell:Creating environment hook '/mnt/c/Users/minyi/Desktop/ros2_cll/ros2_ws/install/interface/share/interface/hook/cmake_prefix_path.sh'
[8.818s] Level 1:colcon.colcon_core.environment:checking '/mnt/c/Users/minyi/Desktop/ros2_cll/ros2_ws/install/interface/lib'
[8.820s] Level 1:colcon.colcon_core.shell:create_environment_hook('interface', 'ld_library_path_lib')
[8.821s] INFO:colcon.colcon_core.shell:Creating environment hook '/mnt/c/Users/minyi/Desktop/ros2_cll/ros2_ws/install/interface/share/interface/hook/ld_library_path_lib.ps1'
[8.832s] INFO:colcon.colcon_core.shell:Creating environment descriptor '/mnt/c/Users/minyi/Desktop/ros2_cll/ros2_ws/install/interface/share/interface/hook/ld_library_path_lib.dsv'
[8.843s] INFO:colcon.colcon_core.shell:Creating environment hook '/mnt/c/Users/minyi/Desktop/ros2_cll/ros2_ws/install/interface/share/interface/hook/ld_library_path_lib.sh'
[8.853s] Level 1:colcon.colcon_core.environment:checking '/mnt/c/Users/minyi/Desktop/ros2_cll/ros2_ws/install/interface/bin'
[8.854s] Level 1:colcon.colcon_core.environment:checking '/mnt/c/Users/minyi/Desktop/ros2_cll/ros2_ws/install/interface/lib/pkgconfig/interface.pc'
[8.854s] Level 1:colcon.colcon_core.environment:checking '/mnt/c/Users/minyi/Desktop/ros2_cll/ros2_ws/install/interface/lib/python3.10/site-packages'
[8.855s] Level 1:colcon.colcon_core.environment:checking '/mnt/c/Users/minyi/Desktop/ros2_cll/ros2_ws/install/interface/bin'
[8.856s] INFO:colcon.colcon_core.shell:Creating package script '/mnt/c/Users/minyi/Desktop/ros2_cll/ros2_ws/install/interface/share/interface/package.ps1'
[8.866s] INFO:colcon.colcon_core.shell:Creating package descriptor '/mnt/c/Users/minyi/Desktop/ros2_cll/ros2_ws/install/interface/share/interface/package.dsv'
[8.874s] INFO:colcon.colcon_core.shell:Creating package script '/mnt/c/Users/minyi/Desktop/ros2_cll/ros2_ws/install/interface/share/interface/package.sh'
[8.883s] INFO:colcon.colcon_core.shell:Creating package script '/mnt/c/Users/minyi/Desktop/ros2_cll/ros2_ws/install/interface/share/interface/package.bash'
[8.891s] INFO:colcon.colcon_core.shell:Creating package script '/mnt/c/Users/minyi/Desktop/ros2_cll/ros2_ws/install/interface/share/interface/package.zsh'
[8.899s] Level 1:colcon.colcon_core.environment:create_file_with_runtime_dependencies(/mnt/c/Users/minyi/Desktop/ros2_cll/ros2_ws/install/interface/share/colcon-core/packages/interface)
[9.465s] Level 1:colcon.colcon_core.environment:create_environment_scripts_only(interface)
[9.467s] Level 1:colcon.colcon_core.environment:checking '/mnt/c/Users/minyi/Desktop/ros2_cll/ros2_ws/install/interface' for CMake module files
[9.644s] Level 1:colcon.colcon_core.environment:checking '/mnt/c/Users/minyi/Desktop/ros2_cll/ros2_ws/install/interface' for CMake config files
[9.744s] Level 1:colcon.colcon_core.shell:create_environment_hook('interface', 'cmake_prefix_path')
[9.746s] INFO:colcon.colcon_core.shell:Creating environment hook '/mnt/c/Users/minyi/Desktop/ros2_cll/ros2_ws/install/interface/share/interface/hook/cmake_prefix_path.ps1'
[9.757s] INFO:colcon.colcon_core.shell:Creating environment descriptor '/mnt/c/Users/minyi/Desktop/ros2_cll/ros2_ws/install/interface/share/interface/hook/cmake_prefix_path.dsv'
[9.768s] INFO:colcon.colcon_core.shell:Creating environment hook '/mnt/c/Users/minyi/Desktop/ros2_cll/ros2_ws/install/interface/share/interface/hook/cmake_prefix_path.sh'
[9.780s] Level 1:colcon.colcon_core.environment:checking '/mnt/c/Users/minyi/Desktop/ros2_cll/ros2_ws/install/interface/lib'
[9.782s] Level 1:colcon.colcon_core.shell:create_environment_hook('interface', 'ld_library_path_lib')
[9.783s] INFO:colcon.colcon_core.shell:Creating environment hook '/mnt/c/Users/minyi/Desktop/ros2_cll/ros2_ws/install/interface/share/interface/hook/ld_library_path_lib.ps1'
[9.794s] INFO:colcon.colcon_core.shell:Creating environment descriptor '/mnt/c/Users/minyi/Desktop/ros2_cll/ros2_ws/install/interface/share/interface/hook/ld_library_path_lib.dsv'
[9.805s] INFO:colcon.colcon_core.shell:Creating environment hook '/mnt/c/Users/minyi/Desktop/ros2_cll/ros2_ws/install/interface/share/interface/hook/ld_library_path_lib.sh'
[9.816s] Level 1:colcon.colcon_core.environment:checking '/mnt/c/Users/minyi/Desktop/ros2_cll/ros2_ws/install/interface/bin'
[9.816s] Level 1:colcon.colcon_core.environment:checking '/mnt/c/Users/minyi/Desktop/ros2_cll/ros2_ws/install/interface/lib/pkgconfig/interface.pc'
[9.817s] Level 1:colcon.colcon_core.environment:checking '/mnt/c/Users/minyi/Desktop/ros2_cll/ros2_ws/install/interface/lib/python3.10/site-packages'
[9.817s] Level 1:colcon.colcon_core.environment:checking '/mnt/c/Users/minyi/Desktop/ros2_cll/ros2_ws/install/interface/bin'
[9.819s] INFO:colcon.colcon_core.shell:Creating package script '/mnt/c/Users/minyi/Desktop/ros2_cll/ros2_ws/install/interface/share/interface/package.ps1'
[9.828s] INFO:colcon.colcon_core.shell:Creating package descriptor '/mnt/c/Users/minyi/Desktop/ros2_cll/ros2_ws/install/interface/share/interface/package.dsv'
[9.836s] INFO:colcon.colcon_core.shell:Creating package script '/mnt/c/Users/minyi/Desktop/ros2_cll/ros2_ws/install/interface/share/interface/package.sh'
[9.844s] INFO:colcon.colcon_core.shell:Creating package script '/mnt/c/Users/minyi/Desktop/ros2_cll/ros2_ws/install/interface/share/interface/package.bash'
[9.853s] INFO:colcon.colcon_core.shell:Creating package script '/mnt/c/Users/minyi/Desktop/ros2_cll/ros2_ws/install/interface/share/interface/package.zsh'
[9.862s] Level 1:colcon.colcon_core.environment:create_file_with_runtime_dependencies(/mnt/c/Users/minyi/Desktop/ros2_cll/ros2_ws/install/interface/share/colcon-core/packages/interface)
[9.870s] INFO:colcon.colcon_ros.task.ament_python.build:Building ROS package in '/mnt/c/Users/minyi/Desktop/ros2_cll/ros2_ws/src/nao_writing' with build type 'ament_python'
[9.871s] Level 1:colcon.colcon_core.shell:create_environment_hook('nao_writing', 'ament_prefix_path')
[9.872s] INFO:colcon.colcon_core.shell:Creating environment hook '/mnt/c/Users/minyi/Desktop/ros2_cll/ros2_ws/install/nao_writing/share/nao_writing/hook/ament_prefix_path.ps1'
[9.889s] INFO:colcon.colcon_core.shell:Creating environment descriptor '/mnt/c/Users/minyi/Desktop/ros2_cll/ros2_ws/install/nao_writing/share/nao_writing/hook/ament_prefix_path.dsv'
[9.904s] INFO:colcon.colcon_core.shell:Creating environment hook '/mnt/c/Users/minyi/Desktop/ros2_cll/ros2_ws/install/nao_writing/share/nao_writing/hook/ament_prefix_path.sh'
[9.920s] INFO:colcon.colcon_core.shell:Skip shell extension 'powershell' for command environment: Not usable outside of PowerShell
[9.920s] DEBUG:colcon.colcon_core.shell:Skip shell extension 'dsv' for command environment
[10.621s] INFO:colcon.colcon_core.task.python.build:Building Python package in '/mnt/c/Users/minyi/Desktop/ros2_cll/ros2_ws/src/nao_writing'
[10.622s] INFO:colcon.colcon_core.shell:Skip shell extension 'powershell' for command environment: Not usable outside of PowerShell
[10.623s] DEBUG:colcon.colcon_core.shell:Skip shell extension 'dsv' for command environment
[12.262s] DEBUG:colcon.colcon_core.event_handler.log_command:Invoking command in '/mnt/c/Users/minyi/Desktop/ros2_cll/ros2_ws/src/nao_writing': PYTHONPATH=/mnt/c/Users/minyi/Desktop/ros2_cll/ros2_ws/build/nao_writing/prefix_override:/mnt/c/Users/minyi/Desktop/ros2_cll/ros2_ws/install/nao_writing/lib/python3.10/site-packages:${PYTHONPATH} /usr/bin/python3 setup.py egg_info --egg-base ../../build/nao_writing build --build-base /mnt/c/Users/minyi/Desktop/ros2_cll/ros2_ws/build/nao_writing/build install --record /mnt/c/Users/minyi/Desktop/ros2_cll/ros2_ws/build/nao_writing/install.log --single-version-externally-managed
[14.708s] Level 1:colcon.colcon_core.environment:checking '/mnt/c/Users/minyi/Desktop/ros2_cll/ros2_ws/install/nao_writing' for CMake module files
[14.710s] DEBUG:colcon.colcon_core.event_handler.log_command:Invoked command in '/mnt/c/Users/minyi/Desktop/ros2_cll/ros2_ws/src/nao_writing' returned '0': PYTHONPATH=/mnt/c/Users/minyi/Desktop/ros2_cll/ros2_ws/build/nao_writing/prefix_override:/mnt/c/Users/minyi/Desktop/ros2_cll/ros2_ws/install/nao_writing/lib/python3.10/site-packages:${PYTHONPATH} /usr/bin/python3 setup.py egg_info --egg-base ../../build/nao_writing build --build-base /mnt/c/Users/minyi/Desktop/ros2_cll/ros2_ws/build/nao_writing/build install --record /mnt/c/Users/minyi/Desktop/ros2_cll/ros2_ws/build/nao_writing/install.log --single-version-externally-managed
[14.757s] Level 1:colcon.colcon_core.environment:checking '/mnt/c/Users/minyi/Desktop/ros2_cll/ros2_ws/install/nao_writing' for CMake config files
[14.839s] Level 1:colcon.colcon_core.environment:checking '/mnt/c/Users/minyi/Desktop/ros2_cll/ros2_ws/install/nao_writing/lib'
[14.843s] Level 1:colcon.colcon_core.environment:checking '/mnt/c/Users/minyi/Desktop/ros2_cll/ros2_ws/install/nao_writing/bin'
[14.844s] Level 1:colcon.colcon_core.environment:checking '/mnt/c/Users/minyi/Desktop/ros2_cll/ros2_ws/install/nao_writing/lib/pkgconfig/nao_writing.pc'
[14.846s] Level 1:colcon.colcon_core.environment:checking '/mnt/c/Users/minyi/Desktop/ros2_cll/ros2_ws/install/nao_writing/lib/python3.10/site-packages'
[14.848s] Level 1:colcon.colcon_core.shell:create_environment_hook('nao_writing', 'pythonpath')
[14.849s] INFO:colcon.colcon_core.shell:Creating environment hook '/mnt/c/Users/minyi/Desktop/ros2_cll/ros2_ws/install/nao_writing/share/nao_writing/hook/pythonpath.ps1'
[14.862s] INFO:colcon.colcon_core.shell:Creating environment descriptor '/mnt/c/Users/minyi/Desktop/ros2_cll/ros2_ws/install/nao_writing/share/nao_writing/hook/pythonpath.dsv'
[14.875s] INFO:colcon.colcon_core.shell:Creating environment hook '/mnt/c/Users/minyi/Desktop/ros2_cll/ros2_ws/install/nao_writing/share/nao_writing/hook/pythonpath.sh'
[14.888s] Level 1:colcon.colcon_core.environment:checking '/mnt/c/Users/minyi/Desktop/ros2_cll/ros2_ws/install/nao_writing/bin'
[14.889s] Level 1:colcon.colcon_core.environment:create_environment_scripts_only(nao_writing)
[14.891s] INFO:colcon.colcon_core.shell:Creating package script '/mnt/c/Users/minyi/Desktop/ros2_cll/ros2_ws/install/nao_writing/share/nao_writing/package.ps1'
[14.901s] INFO:colcon.colcon_core.shell:Creating package descriptor '/mnt/c/Users/minyi/Desktop/ros2_cll/ros2_ws/install/nao_writing/share/nao_writing/package.dsv'
[14.912s] INFO:colcon.colcon_core.shell:Creating package script '/mnt/c/Users/minyi/Desktop/ros2_cll/ros2_ws/install/nao_writing/share/nao_writing/package.sh'
[14.922s] INFO:colcon.colcon_core.shell:Creating package script '/mnt/c/Users/minyi/Desktop/ros2_cll/ros2_ws/install/nao_writing/share/nao_writing/package.bash'
[14.933s] INFO:colcon.colcon_core.shell:Creating package script '/mnt/c/Users/minyi/Desktop/ros2_cll/ros2_ws/install/nao_writing/share/nao_writing/package.zsh'
[14.944s] Level 1:colcon.colcon_core.environment:create_file_with_runtime_dependencies(/mnt/c/Users/minyi/Desktop/ros2_cll/ros2_ws/install/nao_writing/share/colcon-core/packages/nao_writing)
[14.953s] DEBUG:colcon.colcon_parallel_executor.executor.parallel:closing loop
[14.954s] DEBUG:colcon.colcon_parallel_executor.executor.parallel:loop closed
[14.954s] DEBUG:colcon.colcon_parallel_executor.executor.parallel:run_until_complete finished with '0'
[14.954s] DEBUG:colcon.colcon_core.event_reactor:joining thread
[15.026s] INFO:colcon.colcon_core.plugin_system:Skipping extension 'colcon_notification.desktop_notification.notify_send': Could not find 'notify-send'
[15.026s] INFO:colcon.colcon_core.plugin_system:Skipping extension 'colcon_notification.desktop_notification.terminal_notifier': Not used on non-Darwin systems
[15.026s] INFO:colcon.colcon_core.plugin_system:Skipping extension 'colcon_notification.desktop_notification.win32': Not used on non-Windows systems
[15.026s] INFO:colcon.colcon_notification.desktop_notification:Sending desktop notification using 'notify2'
[15.037s] DEBUG:colcon.colcon_notification.desktop_notification.notify2:Failed to initialize notify2: org.freedesktop.DBus.Error.ServiceUnknown: The name org.freedesktop.Notifications was not provided by any .service files
[15.038s] DEBUG:colcon.colcon_core.event_reactor:joined thread
[15.040s] INFO:colcon.colcon_core.shell:Creating prefix script '/mnt/c/Users/minyi/Desktop/ros2_cll/ros2_ws/install/local_setup.ps1'
[15.044s] INFO:colcon.colcon_core.shell:Creating prefix util module '/mnt/c/Users/minyi/Desktop/ros2_cll/ros2_ws/install/_local_setup_util_ps1.py'
[15.049s] INFO:colcon.colcon_core.shell:Creating prefix chain script '/mnt/c/Users/minyi/Desktop/ros2_cll/ros2_ws/install/setup.ps1'
[15.065s] INFO:colcon.colcon_core.shell:Creating prefix script '/mnt/c/Users/minyi/Desktop/ros2_cll/ros2_ws/install/local_setup.sh'
[15.069s] INFO:colcon.colcon_core.shell:Creating prefix util module '/mnt/c/Users/minyi/Desktop/ros2_cll/ros2_ws/install/_local_setup_util_sh.py'
[15.073s] INFO:colcon.colcon_core.shell:Creating prefix chain script '/mnt/c/Users/minyi/Desktop/ros2_cll/ros2_ws/install/setup.sh'
[15.088s] INFO:colcon.colcon_core.shell:Creating prefix script '/mnt/c/Users/minyi/Desktop/ros2_cll/ros2_ws/install/local_setup.bash'
[15.092s] INFO:colcon.colcon_core.shell:Creating prefix chain script '/mnt/c/Users/minyi/Desktop/ros2_cll/ros2_ws/install/setup.bash'
[15.107s] INFO:colcon.colcon_core.shell:Creating prefix script '/mnt/c/Users/minyi/Desktop/ros2_cll/ros2_ws/install/local_setup.zsh'
[15.110s] INFO:colcon.colcon_core.shell:Creating prefix chain script '/mnt/c/Users/minyi/Desktop/ros2_cll/ros2_ws/install/setup.zsh'
