[2.442s] Invoking command in '/mnt/c/Users/minyi/Desktop/ros2_cll/ros2_ws/src/nao_writing': PYTHONPATH=/mnt/c/Users/minyi/Desktop/ros2_cll/ros2_ws/build/nao_writing/prefix_override:/mnt/c/Users/minyi/Desktop/ros2_cll/ros2_ws/install/nao_writing/lib/python3.10/site-packages:${PYTHONPATH} /usr/bin/python3 setup.py egg_info --egg-base ../../build/nao_writing build --build-base /mnt/c/Users/minyi/Desktop/ros2_cll/ros2_ws/build/nao_writing/build install --record /mnt/c/Users/minyi/Desktop/ros2_cll/ros2_ws/build/nao_writing/install.log --single-version-externally-managed
[3.281s] running egg_info
[3.308s] writing ../../build/nao_writing/nao_writing.egg-info/PKG-INFO
[3.318s] writing dependency_links to ../../build/nao_writing/nao_writing.egg-info/dependency_links.txt
[3.327s] writing entry points to ../../build/nao_writing/nao_writing.egg-info/entry_points.txt
[3.333s] writing requirements to ../../build/nao_writing/nao_writing.egg-info/requires.txt
[3.338s] writing top-level names to ../../build/nao_writing/nao_writing.egg-info/top_level.txt
[3.430s] reading manifest file '../../build/nao_writing/nao_writing.egg-info/SOURCES.txt'
[3.538s] writing manifest file '../../build/nao_writing/nao_writing.egg-info/SOURCES.txt'
[3.542s] running build
[3.544s] running build_py
[3.581s] copying nao_writing/learning_word.py -> /mnt/c/Users/minyi/Desktop/ros2_cll/ros2_ws/build/nao_writing/build/lib/nao_writing
[3.694s] running install
[3.695s] /usr/local/lib/python3.10/dist-packages/setuptools/command/install.py:34: SetuptoolsDeprecationWarning: setup.py install is deprecated. Use build and pip and other standards-based tools.
[3.696s]   warnings.warn(
[3.705s] running install_lib
[3.811s] copying /mnt/c/Users/minyi/Desktop/ros2_cll/ros2_ws/build/nao_writing/build/lib/nao_writing/learning_word.py -> /mnt/c/Users/minyi/Desktop/ros2_cll/ros2_ws/install/nao_writing/lib/python3.10/site-packages/nao_writing
[4.064s] byte-compiling /mnt/c/Users/minyi/Desktop/ros2_cll/ros2_ws/install/nao_writing/lib/python3.10/site-packages/nao_writing/learning_word.py to learning_word.cpython-310.pyc
[4.219s] running install_data
[4.268s] running install_egg_info
[4.300s] removing '/mnt/c/Users/minyi/Desktop/ros2_cll/ros2_ws/install/nao_writing/lib/python3.10/site-packages/nao_writing-0.0.0-py3.10.egg-info' (and everything under it)
[4.365s] Copying ../../build/nao_writing/nao_writing.egg-info to /mnt/c/Users/minyi/Desktop/ros2_cll/ros2_ws/install/nao_writing/lib/python3.10/site-packages/nao_writing-0.0.0-py3.10.egg-info
[4.654s] running install_scripts
[4.985s] Installing input_interpreter script to /mnt/c/Users/minyi/Desktop/ros2_cll/ros2_ws/install/nao_writing/lib/nao_writing
[4.997s] Installing learning_word script to /mnt/c/Users/minyi/Desktop/ros2_cll/ros2_ws/install/nao_writing/lib/nao_writing
[5.012s] writing list of installed files to '/mnt/c/Users/minyi/Desktop/ros2_cll/ros2_ws/build/nao_writing/install.log'
[5.038s] Invoked command in '/mnt/c/Users/minyi/Desktop/ros2_cll/ros2_ws/src/nao_writing' returned '0': PYTHONPATH=/mnt/c/Users/minyi/Desktop/ros2_cll/ros2_ws/build/nao_writing/prefix_override:/mnt/c/Users/minyi/Desktop/ros2_cll/ros2_ws/install/nao_writing/lib/python3.10/site-packages:${PYTHONPATH} /usr/bin/python3 setup.py egg_info --egg-base ../../build/nao_writing build --build-base /mnt/c/Users/minyi/Desktop/ros2_cll/ros2_ws/build/nao_writing/build install --record /mnt/c/Users/minyi/Desktop/ros2_cll/ros2_ws/build/nao_writing/install.log --single-version-externally-managed
