[0.790s] DEBUG:colcon:Command line arguments: ['/usr/bin/colcon', 'build']
[0.791s] DEBUG:colcon:Parsed command line arguments: Namespace(log_base=None, log_level=None, verb_name='build', build_base='build', install_base='install', merge_install=False, symlink_install=False, test_result_base=None, continue_on_error=False, executor='parallel', parallel_workers=16, event_handlers=None, ignore_user_meta=False, metas=['./colcon.meta'], base_paths=['.'], packages_ignore=None, packages_ignore_regex=None, paths=None, packages_up_to=None, packages_up_to_regex=None, packages_above=None, packages_above_and_dependencies=None, packages_above_depth=None, packages_select_by_dep=None, packages_skip_by_dep=None, packages_skip_up_to=None, packages_select_build_failed=False, packages_skip_build_finished=False, packages_select_test_failures=False, packages_skip_test_passed=False, packages_select=None, packages_skip=None, packages_select_regex=None, packages_skip_regex=None, packages_start=None, packages_end=None, allow_overriding=[], cmake_args=None, cmake_target=None, cmake_target_skip_unavailable=False, cmake_clean_cache=False, cmake_clean_first=False, cmake_force_configure=False, ament_cmake_args=None, catkin_cmake_args=None, catkin_skip_building_tests=False, verb_parser=<colcon_defaults.argument_parser.defaults.DefaultArgumentsDecorator object at 0x7f4ce1d0b970>, verb_extension=<colcon_core.verb.build.BuildVerb object at 0x7f4ce1ed9420>, main=<bound method BuildVerb.main of <colcon_core.verb.build.BuildVerb object at 0x7f4ce1ed9420>>)
[0.866s] Level 1:colcon.colcon_core.package_discovery:discover_packages(colcon_meta) check parameters
[0.866s] Level 1:colcon.colcon_core.package_discovery:discover_packages(recursive) check parameters
[0.867s] Level 1:colcon.colcon_core.package_discovery:discover_packages(ignore) check parameters
[0.867s] Level 1:colcon.colcon_core.package_discovery:discover_packages(path) check parameters
[0.867s] Level 1:colcon.colcon_core.package_discovery:discover_packages(colcon_meta) discover
[0.868s] Level 1:colcon.colcon_core.package_discovery:discover_packages(recursive) discover
[0.868s] INFO:colcon.colcon_core.package_discovery:Crawling recursively for packages in '/mnt/c/Users/minyi/Desktop/ros2_cll/ros2_ws'
[0.871s] Level 1:colcon.colcon_core.package_identification:_identify(.) by extensions ['ignore', 'ignore_ament_install']
[0.871s] Level 1:colcon.colcon_core.package_identification:_identify(.) by extension 'ignore'
[0.872s] Level 1:colcon.colcon_core.package_identification:_identify(.) by extension 'ignore_ament_install'
[0.872s] Level 1:colcon.colcon_core.package_identification:_identify(.) by extensions ['colcon_pkg']
[0.873s] Level 1:colcon.colcon_core.package_identification:_identify(.) by extension 'colcon_pkg'
[0.873s] Level 1:colcon.colcon_core.package_identification:_identify(.) by extensions ['colcon_meta']
[0.874s] Level 1:colcon.colcon_core.package_identification:_identify(.) by extension 'colcon_meta'
[0.874s] Level 1:colcon.colcon_core.package_identification:_identify(.) by extensions ['ros']
[0.874s] Level 1:colcon.colcon_core.package_identification:_identify(.) by extension 'ros'
[0.896s] Level 1:colcon.colcon_core.package_identification:_identify(.) by extensions ['cmake', 'python']
[0.896s] Level 1:colcon.colcon_core.package_identification:_identify(.) by extension 'cmake'
[0.897s] Level 1:colcon.colcon_core.package_identification:_identify(.) by extension 'python'
[0.898s] Level 1:colcon.colcon_core.package_identification:_identify(.) by extensions ['python_setup_py']
[0.898s] Level 1:colcon.colcon_core.package_identification:_identify(.) by extension 'python_setup_py'
[0.903s] Level 1:colcon.colcon_core.package_identification:_identify(build) by extensions ['ignore', 'ignore_ament_install']
[0.903s] Level 1:colcon.colcon_core.package_identification:_identify(build) by extension 'ignore'
[0.906s] Level 1:colcon.colcon_core.package_identification:_identify(build) ignored
[0.909s] Level 1:colcon.colcon_core.package_identification:_identify(install) by extensions ['ignore', 'ignore_ament_install']
[0.909s] Level 1:colcon.colcon_core.package_identification:_identify(install) by extension 'ignore'
[0.911s] Level 1:colcon.colcon_core.package_identification:_identify(install) ignored
[0.917s] Level 1:colcon.colcon_core.package_identification:_identify(log) by extensions ['ignore', 'ignore_ament_install']
[0.917s] Level 1:colcon.colcon_core.package_identification:_identify(log) by extension 'ignore'
[0.919s] Level 1:colcon.colcon_core.package_identification:_identify(log) ignored
[0.923s] Level 1:colcon.colcon_core.package_identification:_identify(src) by extensions ['ignore', 'ignore_ament_install']
[0.923s] Level 1:colcon.colcon_core.package_identification:_identify(src) by extension 'ignore'
[0.925s] Level 1:colcon.colcon_core.package_identification:_identify(src) by extension 'ignore_ament_install'
[0.927s] Level 1:colcon.colcon_core.package_identification:_identify(src) by extensions ['colcon_pkg']
[0.927s] Level 1:colcon.colcon_core.package_identification:_identify(src) by extension 'colcon_pkg'
[0.928s] Level 1:colcon.colcon_core.package_identification:_identify(src) by extensions ['colcon_meta']
[0.929s] Level 1:colcon.colcon_core.package_identification:_identify(src) by extension 'colcon_meta'
[0.930s] Level 1:colcon.colcon_core.package_identification:_identify(src) by extensions ['ros']
[0.930s] Level 1:colcon.colcon_core.package_identification:_identify(src) by extension 'ros'
[0.936s] Level 1:colcon.colcon_core.package_identification:_identify(src) by extensions ['cmake', 'python']
[0.936s] Level 1:colcon.colcon_core.package_identification:_identify(src) by extension 'cmake'
[0.938s] Level 1:colcon.colcon_core.package_identification:_identify(src) by extension 'python'
[0.940s] Level 1:colcon.colcon_core.package_identification:_identify(src) by extensions ['python_setup_py']
[0.940s] Level 1:colcon.colcon_core.package_identification:_identify(src) by extension 'python_setup_py'
[0.949s] Level 1:colcon.colcon_core.package_identification:_identify(src/interface) by extensions ['ignore', 'ignore_ament_install']
[0.949s] Level 1:colcon.colcon_core.package_identification:_identify(src/interface) by extension 'ignore'
[0.951s] Level 1:colcon.colcon_core.package_identification:_identify(src/interface) by extension 'ignore_ament_install'
[0.956s] Level 1:colcon.colcon_core.package_identification:_identify(src/interface) by extensions ['colcon_pkg']
[0.956s] Level 1:colcon.colcon_core.package_identification:_identify(src/interface) by extension 'colcon_pkg'
[0.958s] Level 1:colcon.colcon_core.package_identification:_identify(src/interface) by extensions ['colcon_meta']
[0.959s] Level 1:colcon.colcon_core.package_identification:_identify(src/interface) by extension 'colcon_meta'
[0.962s] Level 1:colcon.colcon_core.package_identification:_identify(src/interface) by extensions ['ros']
[0.962s] Level 1:colcon.colcon_core.package_identification:_identify(src/interface) by extension 'ros'
[0.986s] DEBUG:colcon.colcon_core.package_identification:Package 'src/interface' with type 'ros.ament_cmake' and name 'interface'
[0.993s] Level 1:colcon.colcon_core.package_identification:_identify(src/nao_writing) by extensions ['ignore', 'ignore_ament_install']
[0.993s] Level 1:colcon.colcon_core.package_identification:_identify(src/nao_writing) by extension 'ignore'
[0.996s] Level 1:colcon.colcon_core.package_identification:_identify(src/nao_writing) by extension 'ignore_ament_install'
[0.999s] Level 1:colcon.colcon_core.package_identification:_identify(src/nao_writing) by extensions ['colcon_pkg']
[1.000s] Level 1:colcon.colcon_core.package_identification:_identify(src/nao_writing) by extension 'colcon_pkg'
[1.002s] Level 1:colcon.colcon_core.package_identification:_identify(src/nao_writing) by extensions ['colcon_meta']
[1.002s] Level 1:colcon.colcon_core.package_identification:_identify(src/nao_writing) by extension 'colcon_meta'
[1.006s] Level 1:colcon.colcon_core.package_identification:_identify(src/nao_writing) by extensions ['ros']
[1.006s] Level 1:colcon.colcon_core.package_identification:_identify(src/nao_writing) by extension 'ros'
[1.031s] DEBUG:colcon.colcon_core.package_identification:Package 'src/nao_writing' with type 'ros.ament_python' and name 'nao_writing'
[1.032s] Level 1:colcon.colcon_core.package_discovery:discover_packages(recursive) using defaults
[1.032s] Level 1:colcon.colcon_core.package_discovery:discover_packages(ignore) discover
[1.033s] Level 1:colcon.colcon_core.package_discovery:discover_packages(ignore) using defaults
[1.033s] Level 1:colcon.colcon_core.package_discovery:discover_packages(path) discover
[1.033s] Level 1:colcon.colcon_core.package_discovery:discover_packages(path) using defaults
[1.140s] Level 1:colcon.colcon_core.package_discovery:discover_packages(prefix_path) check parameters
[1.141s] Level 1:colcon.colcon_core.package_discovery:discover_packages(prefix_path) discover
[1.195s] DEBUG:colcon.colcon_installed_package_information.package_discovery:Found 2 installed packages in /mnt/c/Users/minyi/Desktop/ros2_cll/ros2_ws/install
[1.197s] DEBUG:colcon.colcon_installed_package_information.package_discovery:Found 270 installed packages in /opt/ros/humble
[1.199s] Level 1:colcon.colcon_core.package_discovery:discover_packages(prefix_path) using defaults
[1.280s] Level 5:colcon.colcon_core.verb:set package 'interface' build argument 'cmake_args' from command line to 'None'
[1.280s] Level 5:colcon.colcon_core.verb:set package 'interface' build argument 'cmake_target' from command line to 'None'
[1.281s] Level 5:colcon.colcon_core.verb:set package 'interface' build argument 'cmake_target_skip_unavailable' from command line to 'False'
[1.281s] Level 5:colcon.colcon_core.verb:set package 'interface' build argument 'cmake_clean_cache' from command line to 'False'
[1.282s] Level 5:colcon.colcon_core.verb:set package 'interface' build argument 'cmake_clean_first' from command line to 'False'
[1.282s] Level 5:colcon.colcon_core.verb:set package 'interface' build argument 'cmake_force_configure' from command line to 'False'
[1.283s] Level 5:colcon.colcon_core.verb:set package 'interface' build argument 'ament_cmake_args' from command line to 'None'
[1.283s] Level 5:colcon.colcon_core.verb:set package 'interface' build argument 'catkin_cmake_args' from command line to 'None'
[1.283s] Level 5:colcon.colcon_core.verb:set package 'interface' build argument 'catkin_skip_building_tests' from command line to 'False'
[1.284s] DEBUG:colcon.colcon_core.verb:Building package 'interface' with the following arguments: {'ament_cmake_args': None, 'build_base': '/mnt/c/Users/minyi/Desktop/ros2_cll/ros2_ws/build/interface', 'catkin_cmake_args': None, 'catkin_skip_building_tests': False, 'cmake_args': None, 'cmake_clean_cache': False, 'cmake_clean_first': False, 'cmake_force_configure': False, 'cmake_target': None, 'cmake_target_skip_unavailable': False, 'install_base': '/mnt/c/Users/minyi/Desktop/ros2_cll/ros2_ws/install/interface', 'merge_install': False, 'path': '/mnt/c/Users/minyi/Desktop/ros2_cll/ros2_ws/src/interface', 'symlink_install': False, 'test_result_base': None}
[1.285s] Level 5:colcon.colcon_core.verb:set package 'nao_writing' build argument 'cmake_args' from command line to 'None'
[1.285s] Level 5:colcon.colcon_core.verb:set package 'nao_writing' build argument 'cmake_target' from command line to 'None'
[1.286s] Level 5:colcon.colcon_core.verb:set package 'nao_writing' build argument 'cmake_target_skip_unavailable' from command line to 'False'
[1.286s] Level 5:colcon.colcon_core.verb:set package 'nao_writing' build argument 'cmake_clean_cache' from command line to 'False'
[1.287s] Level 5:colcon.colcon_core.verb:set package 'nao_writing' build argument 'cmake_clean_first' from command line to 'False'
[1.287s] Level 5:colcon.colcon_core.verb:set package 'nao_writing' build argument 'cmake_force_configure' from command line to 'False'
[1.288s] Level 5:colcon.colcon_core.verb:set package 'nao_writing' build argument 'ament_cmake_args' from command line to 'None'
[1.288s] Level 5:colcon.colcon_core.verb:set package 'nao_writing' build argument 'catkin_cmake_args' from command line to 'None'
[1.288s] Level 5:colcon.colcon_core.verb:set package 'nao_writing' build argument 'catkin_skip_building_tests' from command line to 'False'
[1.289s] DEBUG:colcon.colcon_core.verb:Building package 'nao_writing' with the following arguments: {'ament_cmake_args': None, 'build_base': '/mnt/c/Users/minyi/Desktop/ros2_cll/ros2_ws/build/nao_writing', 'catkin_cmake_args': None, 'catkin_skip_building_tests': False, 'cmake_args': None, 'cmake_clean_cache': False, 'cmake_clean_first': False, 'cmake_force_configure': False, 'cmake_target': None, 'cmake_target_skip_unavailable': False, 'install_base': '/mnt/c/Users/minyi/Desktop/ros2_cll/ros2_ws/install/nao_writing', 'merge_install': False, 'path': '/mnt/c/Users/minyi/Desktop/ros2_cll/ros2_ws/src/nao_writing', 'symlink_install': False, 'test_result_base': None}
[1.290s] INFO:colcon.colcon_core.executor:Executing jobs using 'parallel' executor
[1.293s] DEBUG:colcon.colcon_parallel_executor.executor.parallel:run_until_complete
[1.294s] INFO:colcon.colcon_ros.task.ament_cmake.build:Building ROS package in '/mnt/c/Users/minyi/Desktop/ros2_cll/ros2_ws/src/interface' with build type 'ament_cmake'
[1.294s] INFO:colcon.colcon_cmake.task.cmake.build:Building CMake package in '/mnt/c/Users/minyi/Desktop/ros2_cll/ros2_ws/src/interface'
[1.306s] INFO:colcon.colcon_core.plugin_system:Skipping extension 'colcon_core.shell.bat': Not used on non-Windows systems
[1.306s] INFO:colcon.colcon_core.shell:Skip shell extension 'powershell' for command environment: Not usable outside of PowerShell
[1.307s] DEBUG:colcon.colcon_core.shell:Skip shell extension 'dsv' for command environment
[1.458s] DEBUG:colcon.colcon_core.event_handler.log_command:Invoking command in '/mnt/c/Users/minyi/Desktop/ros2_cll/ros2_ws/build/interface': CMAKE_PREFIX_PATH=${CMAKE_PREFIX_PATH}:/mnt/c/Users/minyi/Desktop/ros2_cll/ros2_ws/install/nao_writing:/opt/ros/humble /usr/bin/cmake --build /mnt/c/Users/minyi/Desktop/ros2_cll/ros2_ws/build/interface -- -j16 -l16
[4.766s] DEBUG:colcon.colcon_core.event_handler.log_command:Invoked command in '/mnt/c/Users/minyi/Desktop/ros2_cll/ros2_ws/build/interface' returned '0': CMAKE_PREFIX_PATH=${CMAKE_PREFIX_PATH}:/mnt/c/Users/minyi/Desktop/ros2_cll/ros2_ws/install/nao_writing:/opt/ros/humble /usr/bin/cmake --build /mnt/c/Users/minyi/Desktop/ros2_cll/ros2_ws/build/interface -- -j16 -l16
[5.716s] DEBUG:colcon.colcon_core.event_handler.log_command:Invoking command in '/mnt/c/Users/minyi/Desktop/ros2_cll/ros2_ws/build/interface': CMAKE_PREFIX_PATH=${CMAKE_PREFIX_PATH}:/mnt/c/Users/minyi/Desktop/ros2_cll/ros2_ws/install/nao_writing:/opt/ros/humble /usr/bin/cmake --install /mnt/c/Users/minyi/Desktop/ros2_cll/ros2_ws/build/interface
[12.335s] Level 1:colcon.colcon_core.environment:create_environment_scripts_only(interface)
[12.338s] DEBUG:colcon.colcon_core.event_handler.log_command:Invoked command in '/mnt/c/Users/minyi/Desktop/ros2_cll/ros2_ws/build/interface' returned '0': CMAKE_PREFIX_PATH=${CMAKE_PREFIX_PATH}:/mnt/c/Users/minyi/Desktop/ros2_cll/ros2_ws/install/nao_writing:/opt/ros/humble /usr/bin/cmake --install /mnt/c/Users/minyi/Desktop/ros2_cll/ros2_ws/build/interface
[12.348s] Level 1:colcon.colcon_core.environment:checking '/mnt/c/Users/minyi/Desktop/ros2_cll/ros2_ws/install/interface' for CMake module files
[12.593s] Level 1:colcon.colcon_core.environment:checking '/mnt/c/Users/minyi/Desktop/ros2_cll/ros2_ws/install/interface' for CMake config files
[12.749s] Level 1:colcon.colcon_core.shell:create_environment_hook('interface', 'cmake_prefix_path')
[12.751s] INFO:colcon.colcon_core.shell:Creating environment hook '/mnt/c/Users/minyi/Desktop/ros2_cll/ros2_ws/install/interface/share/interface/hook/cmake_prefix_path.ps1'
[12.772s] INFO:colcon.colcon_core.shell:Creating environment descriptor '/mnt/c/Users/minyi/Desktop/ros2_cll/ros2_ws/install/interface/share/interface/hook/cmake_prefix_path.dsv'
[12.793s] INFO:colcon.colcon_core.shell:Creating environment hook '/mnt/c/Users/minyi/Desktop/ros2_cll/ros2_ws/install/interface/share/interface/hook/cmake_prefix_path.sh'
[12.816s] Level 1:colcon.colcon_core.environment:checking '/mnt/c/Users/minyi/Desktop/ros2_cll/ros2_ws/install/interface/lib'
[12.820s] Level 1:colcon.colcon_core.shell:create_environment_hook('interface', 'ld_library_path_lib')
[12.822s] INFO:colcon.colcon_core.shell:Creating environment hook '/mnt/c/Users/minyi/Desktop/ros2_cll/ros2_ws/install/interface/share/interface/hook/ld_library_path_lib.ps1'
[12.842s] INFO:colcon.colcon_core.shell:Creating environment descriptor '/mnt/c/Users/minyi/Desktop/ros2_cll/ros2_ws/install/interface/share/interface/hook/ld_library_path_lib.dsv'
[12.858s] INFO:colcon.colcon_core.shell:Creating environment hook '/mnt/c/Users/minyi/Desktop/ros2_cll/ros2_ws/install/interface/share/interface/hook/ld_library_path_lib.sh'
[12.874s] Level 1:colcon.colcon_core.environment:checking '/mnt/c/Users/minyi/Desktop/ros2_cll/ros2_ws/install/interface/bin'
[12.874s] Level 1:colcon.colcon_core.environment:checking '/mnt/c/Users/minyi/Desktop/ros2_cll/ros2_ws/install/interface/lib/pkgconfig/interface.pc'
[12.875s] Level 1:colcon.colcon_core.environment:checking '/mnt/c/Users/minyi/Desktop/ros2_cll/ros2_ws/install/interface/lib/python3.10/site-packages'
[12.876s] Level 1:colcon.colcon_core.environment:checking '/mnt/c/Users/minyi/Desktop/ros2_cll/ros2_ws/install/interface/bin'
[12.878s] INFO:colcon.colcon_core.shell:Creating package script '/mnt/c/Users/minyi/Desktop/ros2_cll/ros2_ws/install/interface/share/interface/package.ps1'
[12.891s] INFO:colcon.colcon_core.shell:Creating package descriptor '/mnt/c/Users/minyi/Desktop/ros2_cll/ros2_ws/install/interface/share/interface/package.dsv'
[12.904s] INFO:colcon.colcon_core.shell:Creating package script '/mnt/c/Users/minyi/Desktop/ros2_cll/ros2_ws/install/interface/share/interface/package.sh'
[12.916s] INFO:colcon.colcon_core.shell:Creating package script '/mnt/c/Users/minyi/Desktop/ros2_cll/ros2_ws/install/interface/share/interface/package.bash'
[12.930s] INFO:colcon.colcon_core.shell:Creating package script '/mnt/c/Users/minyi/Desktop/ros2_cll/ros2_ws/install/interface/share/interface/package.zsh'
[12.945s] Level 1:colcon.colcon_core.environment:create_file_with_runtime_dependencies(/mnt/c/Users/minyi/Desktop/ros2_cll/ros2_ws/install/interface/share/colcon-core/packages/interface)
[13.771s] Level 1:colcon.colcon_core.environment:create_environment_scripts_only(interface)
[13.773s] Level 1:colcon.colcon_core.environment:checking '/mnt/c/Users/minyi/Desktop/ros2_cll/ros2_ws/install/interface' for CMake module files
[14.031s] Level 1:colcon.colcon_core.environment:checking '/mnt/c/Users/minyi/Desktop/ros2_cll/ros2_ws/install/interface' for CMake config files
[14.188s] Level 1:colcon.colcon_core.shell:create_environment_hook('interface', 'cmake_prefix_path')
[14.190s] INFO:colcon.colcon_core.shell:Creating environment hook '/mnt/c/Users/minyi/Desktop/ros2_cll/ros2_ws/install/interface/share/interface/hook/cmake_prefix_path.ps1'
[14.207s] INFO:colcon.colcon_core.shell:Creating environment descriptor '/mnt/c/Users/minyi/Desktop/ros2_cll/ros2_ws/install/interface/share/interface/hook/cmake_prefix_path.dsv'
[14.223s] INFO:colcon.colcon_core.shell:Creating environment hook '/mnt/c/Users/minyi/Desktop/ros2_cll/ros2_ws/install/interface/share/interface/hook/cmake_prefix_path.sh'
[14.242s] Level 1:colcon.colcon_core.environment:checking '/mnt/c/Users/minyi/Desktop/ros2_cll/ros2_ws/install/interface/lib'
[14.245s] Level 1:colcon.colcon_core.shell:create_environment_hook('interface', 'ld_library_path_lib')
[14.246s] INFO:colcon.colcon_core.shell:Creating environment hook '/mnt/c/Users/minyi/Desktop/ros2_cll/ros2_ws/install/interface/share/interface/hook/ld_library_path_lib.ps1'
[14.264s] INFO:colcon.colcon_core.shell:Creating environment descriptor '/mnt/c/Users/minyi/Desktop/ros2_cll/ros2_ws/install/interface/share/interface/hook/ld_library_path_lib.dsv'
[14.279s] INFO:colcon.colcon_core.shell:Creating environment hook '/mnt/c/Users/minyi/Desktop/ros2_cll/ros2_ws/install/interface/share/interface/hook/ld_library_path_lib.sh'
[14.297s] Level 1:colcon.colcon_core.environment:checking '/mnt/c/Users/minyi/Desktop/ros2_cll/ros2_ws/install/interface/bin'
[14.298s] Level 1:colcon.colcon_core.environment:checking '/mnt/c/Users/minyi/Desktop/ros2_cll/ros2_ws/install/interface/lib/pkgconfig/interface.pc'
[14.299s] Level 1:colcon.colcon_core.environment:checking '/mnt/c/Users/minyi/Desktop/ros2_cll/ros2_ws/install/interface/lib/python3.10/site-packages'
[14.300s] Level 1:colcon.colcon_core.environment:checking '/mnt/c/Users/minyi/Desktop/ros2_cll/ros2_ws/install/interface/bin'
[14.301s] INFO:colcon.colcon_core.shell:Creating package script '/mnt/c/Users/minyi/Desktop/ros2_cll/ros2_ws/install/interface/share/interface/package.ps1'
[14.314s] INFO:colcon.colcon_core.shell:Creating package descriptor '/mnt/c/Users/minyi/Desktop/ros2_cll/ros2_ws/install/interface/share/interface/package.dsv'
[14.327s] INFO:colcon.colcon_core.shell:Creating package script '/mnt/c/Users/minyi/Desktop/ros2_cll/ros2_ws/install/interface/share/interface/package.sh'
[14.340s] INFO:colcon.colcon_core.shell:Creating package script '/mnt/c/Users/minyi/Desktop/ros2_cll/ros2_ws/install/interface/share/interface/package.bash'
[14.352s] INFO:colcon.colcon_core.shell:Creating package script '/mnt/c/Users/minyi/Desktop/ros2_cll/ros2_ws/install/interface/share/interface/package.zsh'
[14.365s] Level 1:colcon.colcon_core.environment:create_file_with_runtime_dependencies(/mnt/c/Users/minyi/Desktop/ros2_cll/ros2_ws/install/interface/share/colcon-core/packages/interface)
[14.377s] INFO:colcon.colcon_ros.task.ament_python.build:Building ROS package in '/mnt/c/Users/minyi/Desktop/ros2_cll/ros2_ws/src/nao_writing' with build type 'ament_python'
[14.378s] Level 1:colcon.colcon_core.shell:create_environment_hook('nao_writing', 'ament_prefix_path')
[14.380s] INFO:colcon.colcon_core.shell:Creating environment hook '/mnt/c/Users/minyi/Desktop/ros2_cll/ros2_ws/install/nao_writing/share/nao_writing/hook/ament_prefix_path.ps1'
[14.403s] INFO:colcon.colcon_core.shell:Creating environment descriptor '/mnt/c/Users/minyi/Desktop/ros2_cll/ros2_ws/install/nao_writing/share/nao_writing/hook/ament_prefix_path.dsv'
[14.424s] INFO:colcon.colcon_core.shell:Creating environment hook '/mnt/c/Users/minyi/Desktop/ros2_cll/ros2_ws/install/nao_writing/share/nao_writing/hook/ament_prefix_path.sh'
[14.445s] INFO:colcon.colcon_core.shell:Skip shell extension 'powershell' for command environment: Not usable outside of PowerShell
[14.446s] DEBUG:colcon.colcon_core.shell:Skip shell extension 'dsv' for command environment
[15.479s] INFO:colcon.colcon_core.task.python.build:Building Python package in '/mnt/c/Users/minyi/Desktop/ros2_cll/ros2_ws/src/nao_writing'
[15.482s] INFO:colcon.colcon_core.shell:Skip shell extension 'powershell' for command environment: Not usable outside of PowerShell
[15.482s] DEBUG:colcon.colcon_core.shell:Skip shell extension 'dsv' for command environment
[17.739s] DEBUG:colcon.colcon_core.event_handler.log_command:Invoking command in '/mnt/c/Users/minyi/Desktop/ros2_cll/ros2_ws/src/nao_writing': PYTHONPATH=/mnt/c/Users/minyi/Desktop/ros2_cll/ros2_ws/build/nao_writing/prefix_override:/mnt/c/Users/minyi/Desktop/ros2_cll/ros2_ws/install/nao_writing/lib/python3.10/site-packages:${PYTHONPATH} /usr/bin/python3 setup.py egg_info --egg-base ../../build/nao_writing build --build-base /mnt/c/Users/minyi/Desktop/ros2_cll/ros2_ws/build/nao_writing/build install --record /mnt/c/Users/minyi/Desktop/ros2_cll/ros2_ws/build/nao_writing/install.log --single-version-externally-managed
[21.149s] Level 1:colcon.colcon_core.environment:checking '/mnt/c/Users/minyi/Desktop/ros2_cll/ros2_ws/install/nao_writing' for CMake module files
[21.151s] DEBUG:colcon.colcon_core.event_handler.log_command:Invoked command in '/mnt/c/Users/minyi/Desktop/ros2_cll/ros2_ws/src/nao_writing' returned '0': PYTHONPATH=/mnt/c/Users/minyi/Desktop/ros2_cll/ros2_ws/build/nao_writing/prefix_override:/mnt/c/Users/minyi/Desktop/ros2_cll/ros2_ws/install/nao_writing/lib/python3.10/site-packages:${PYTHONPATH} /usr/bin/python3 setup.py egg_info --egg-base ../../build/nao_writing build --build-base /mnt/c/Users/minyi/Desktop/ros2_cll/ros2_ws/build/nao_writing/build install --record /mnt/c/Users/minyi/Desktop/ros2_cll/ros2_ws/build/nao_writing/install.log --single-version-externally-managed
[21.246s] Level 1:colcon.colcon_core.environment:checking '/mnt/c/Users/minyi/Desktop/ros2_cll/ros2_ws/install/nao_writing' for CMake config files
[21.398s] Level 1:colcon.colcon_core.environment:checking '/mnt/c/Users/minyi/Desktop/ros2_cll/ros2_ws/install/nao_writing/lib'
[21.405s] Level 1:colcon.colcon_core.environment:checking '/mnt/c/Users/minyi/Desktop/ros2_cll/ros2_ws/install/nao_writing/bin'
[21.407s] Level 1:colcon.colcon_core.environment:checking '/mnt/c/Users/minyi/Desktop/ros2_cll/ros2_ws/install/nao_writing/lib/pkgconfig/nao_writing.pc'
[21.409s] Level 1:colcon.colcon_core.environment:checking '/mnt/c/Users/minyi/Desktop/ros2_cll/ros2_ws/install/nao_writing/lib/python3.10/site-packages'
[21.412s] Level 1:colcon.colcon_core.shell:create_environment_hook('nao_writing', 'pythonpath')
[21.414s] INFO:colcon.colcon_core.shell:Creating environment hook '/mnt/c/Users/minyi/Desktop/ros2_cll/ros2_ws/install/nao_writing/share/nao_writing/hook/pythonpath.ps1'
[21.435s] INFO:colcon.colcon_core.shell:Creating environment descriptor '/mnt/c/Users/minyi/Desktop/ros2_cll/ros2_ws/install/nao_writing/share/nao_writing/hook/pythonpath.dsv'
[21.455s] INFO:colcon.colcon_core.shell:Creating environment hook '/mnt/c/Users/minyi/Desktop/ros2_cll/ros2_ws/install/nao_writing/share/nao_writing/hook/pythonpath.sh'
[21.475s] Level 1:colcon.colcon_core.environment:checking '/mnt/c/Users/minyi/Desktop/ros2_cll/ros2_ws/install/nao_writing/bin'
[21.477s] Level 1:colcon.colcon_core.environment:create_environment_scripts_only(nao_writing)
[21.479s] INFO:colcon.colcon_core.shell:Creating package script '/mnt/c/Users/minyi/Desktop/ros2_cll/ros2_ws/install/nao_writing/share/nao_writing/package.ps1'
[21.495s] INFO:colcon.colcon_core.shell:Creating package descriptor '/mnt/c/Users/minyi/Desktop/ros2_cll/ros2_ws/install/nao_writing/share/nao_writing/package.dsv'
[21.512s] INFO:colcon.colcon_core.shell:Creating package script '/mnt/c/Users/minyi/Desktop/ros2_cll/ros2_ws/install/nao_writing/share/nao_writing/package.sh'
[21.528s] INFO:colcon.colcon_core.shell:Creating package script '/mnt/c/Users/minyi/Desktop/ros2_cll/ros2_ws/install/nao_writing/share/nao_writing/package.bash'
[21.544s] INFO:colcon.colcon_core.shell:Creating package script '/mnt/c/Users/minyi/Desktop/ros2_cll/ros2_ws/install/nao_writing/share/nao_writing/package.zsh'
[21.562s] Level 1:colcon.colcon_core.environment:create_file_with_runtime_dependencies(/mnt/c/Users/minyi/Desktop/ros2_cll/ros2_ws/install/nao_writing/share/colcon-core/packages/nao_writing)
[21.580s] DEBUG:colcon.colcon_parallel_executor.executor.parallel:closing loop
[21.581s] DEBUG:colcon.colcon_parallel_executor.executor.parallel:loop closed
[21.581s] DEBUG:colcon.colcon_parallel_executor.executor.parallel:run_until_complete finished with '0'
[21.582s] DEBUG:colcon.colcon_core.event_reactor:joining thread
[21.687s] INFO:colcon.colcon_core.plugin_system:Skipping extension 'colcon_notification.desktop_notification.notify_send': Could not find 'notify-send'
[21.687s] INFO:colcon.colcon_core.plugin_system:Skipping extension 'colcon_notification.desktop_notification.terminal_notifier': Not used on non-Darwin systems
[21.688s] INFO:colcon.colcon_core.plugin_system:Skipping extension 'colcon_notification.desktop_notification.win32': Not used on non-Windows systems
[21.688s] INFO:colcon.colcon_notification.desktop_notification:Sending desktop notification using 'notify2'
[21.703s] DEBUG:colcon.colcon_notification.desktop_notification.notify2:Failed to initialize notify2: org.freedesktop.DBus.Error.ServiceUnknown: The name org.freedesktop.Notifications was not provided by any .service files
[21.704s] DEBUG:colcon.colcon_core.event_reactor:joined thread
[21.706s] INFO:colcon.colcon_core.shell:Creating prefix script '/mnt/c/Users/minyi/Desktop/ros2_cll/ros2_ws/install/local_setup.ps1'
[21.713s] INFO:colcon.colcon_core.shell:Creating prefix util module '/mnt/c/Users/minyi/Desktop/ros2_cll/ros2_ws/install/_local_setup_util_ps1.py'
[21.720s] INFO:colcon.colcon_core.shell:Creating prefix chain script '/mnt/c/Users/minyi/Desktop/ros2_cll/ros2_ws/install/setup.ps1'
[21.747s] INFO:colcon.colcon_core.shell:Creating prefix script '/mnt/c/Users/minyi/Desktop/ros2_cll/ros2_ws/install/local_setup.sh'
[21.754s] INFO:colcon.colcon_core.shell:Creating prefix util module '/mnt/c/Users/minyi/Desktop/ros2_cll/ros2_ws/install/_local_setup_util_sh.py'
[21.760s] INFO:colcon.colcon_core.shell:Creating prefix chain script '/mnt/c/Users/minyi/Desktop/ros2_cll/ros2_ws/install/setup.sh'
[21.785s] INFO:colcon.colcon_core.shell:Creating prefix script '/mnt/c/Users/minyi/Desktop/ros2_cll/ros2_ws/install/local_setup.bash'
[21.792s] INFO:colcon.colcon_core.shell:Creating prefix chain script '/mnt/c/Users/minyi/Desktop/ros2_cll/ros2_ws/install/setup.bash'
[21.815s] INFO:colcon.colcon_core.shell:Creating prefix script '/mnt/c/Users/minyi/Desktop/ros2_cll/ros2_ws/install/local_setup.zsh'
[21.822s] INFO:colcon.colcon_core.shell:Creating prefix chain script '/mnt/c/Users/minyi/Desktop/ros2_cll/ros2_ws/install/setup.zsh'
