[0.107s] Invoking command in '/mnt/c/Users/minyi/Desktop/ros2_cll/ros2_ws/build/interface': CMAKE_PREFIX_PATH=${CMAKE_PREFIX_PATH}:/mnt/c/Users/minyi/Desktop/ros2_cll/ros2_ws/install/nao_writing:/opt/ros/humble /usr/bin/cmake --build /mnt/c/Users/minyi/Desktop/ros2_cll/ros2_ws/build/interface -- -j16 -l16
[0.525s] [  2%] Built target interface__cpp
[0.759s] [ 12%] Built target interface__rosidl_generator_c
[0.891s] [ 23%] Built target interface__rosidl_typesupport_cpp
[0.970s] [ 34%] Built target interface__rosidl_typesupport_introspection_cpp
[1.015s] [ 44%] Built target interface__rosidl_typesupport_fastrtps_cpp
[1.132s] [ 55%] Built target interface__rosidl_typesupport_c
[1.171s] [ 74%] Built target interface__rosidl_typesupport_fastrtps_c
[1.179s] [ 76%] Built target interface__rosidl_typesupport_introspection_c
[1.295s] [ 76%] Built target interface
[1.409s] [ 76%] Built target ament_cmake_python_copy_interface
[1.472s] [ 78%] Built target interface__py
[1.692s] [ 87%] Built target interface__rosidl_generator_py
[1.859s] [ 95%] Built target interface__rosidl_typesupport_fastrtps_c__pyext
[1.861s] [ 95%] Built target interface__rosidl_typesupport_c__pyext
[1.893s] [100%] Built target interface__rosidl_typesupport_introspection_c__pyext
[2.087s] running egg_info
[2.109s] writing interface.egg-info/PKG-INFO
[2.115s] writing dependency_links to interface.egg-info/dependency_links.txt
[2.122s] writing top-level names to interface.egg-info/top_level.txt
[2.215s] reading manifest file 'interface.egg-info/SOURCES.txt'
[2.268s] writing manifest file 'interface.egg-info/SOURCES.txt'
[2.327s] [100%] Built target ament_cmake_python_build_interface_egg
[2.548s] Invoked command in '/mnt/c/Users/minyi/Desktop/ros2_cll/ros2_ws/build/interface' returned '0': CMAKE_PREFIX_PATH=${CMAKE_PREFIX_PATH}:/mnt/c/Users/minyi/Desktop/ros2_cll/ros2_ws/install/nao_writing:/opt/ros/humble /usr/bin/cmake --build /mnt/c/Users/minyi/Desktop/ros2_cll/ros2_ws/build/interface -- -j16 -l16
[3.142s] Invoking command in '/mnt/c/Users/minyi/Desktop/ros2_cll/ros2_ws/build/interface': CMAKE_PREFIX_PATH=${CMAKE_PREFIX_PATH}:/mnt/c/Users/minyi/Desktop/ros2_cll/ros2_ws/install/nao_writing:/opt/ros/humble /usr/bin/cmake --install /mnt/c/Users/minyi/Desktop/ros2_cll/ros2_ws/build/interface
[3.164s] -- Install configuration: ""
[3.192s] -- Up-to-date: /mnt/c/Users/minyi/Desktop/ros2_cll/ros2_ws/install/interface/share/ament_index/resource_index/rosidl_interfaces/interface
[3.206s] -- Up-to-date: /mnt/c/Users/minyi/Desktop/ros2_cll/ros2_ws/install/interface/include/interface/interface
[3.228s] -- Up-to-date: /mnt/c/Users/minyi/Desktop/ros2_cll/ros2_ws/install/interface/include/interface/interface/msg
[3.254s] -- Up-to-date: /mnt/c/Users/minyi/Desktop/ros2_cll/ros2_ws/install/interface/include/interface/interface/msg/detail
[3.290s] -- Up-to-date: /mnt/c/Users/minyi/Desktop/ros2_cll/ros2_ws/install/interface/include/interface/interface/msg/detail/shape__functions.c
[3.318s] -- Up-to-date: /mnt/c/Users/minyi/Desktop/ros2_cll/ros2_ws/install/interface/include/interface/interface/msg/detail/shape__functions.h
[3.347s] -- Up-to-date: /mnt/c/Users/minyi/Desktop/ros2_cll/ros2_ws/install/interface/include/interface/interface/msg/detail/shape__struct.h
[3.378s] -- Up-to-date: /mnt/c/Users/minyi/Desktop/ros2_cll/ros2_ws/install/interface/include/interface/interface/msg/detail/shape__type_support.h
[3.407s] -- Up-to-date: /mnt/c/Users/minyi/Desktop/ros2_cll/ros2_ws/install/interface/include/interface/interface/msg/detail/strokes__functions.c
[3.435s] -- Up-to-date: /mnt/c/Users/minyi/Desktop/ros2_cll/ros2_ws/install/interface/include/interface/interface/msg/detail/strokes__functions.h
[3.463s] -- Up-to-date: /mnt/c/Users/minyi/Desktop/ros2_cll/ros2_ws/install/interface/include/interface/interface/msg/detail/strokes__struct.h
[3.494s] -- Up-to-date: /mnt/c/Users/minyi/Desktop/ros2_cll/ros2_ws/install/interface/include/interface/interface/msg/detail/strokes__type_support.h
[3.523s] -- Up-to-date: /mnt/c/Users/minyi/Desktop/ros2_cll/ros2_ws/install/interface/include/interface/interface/msg/detail/stroke__functions.c
[3.553s] -- Up-to-date: /mnt/c/Users/minyi/Desktop/ros2_cll/ros2_ws/install/interface/include/interface/interface/msg/detail/stroke__functions.h
[3.586s] -- Up-to-date: /mnt/c/Users/minyi/Desktop/ros2_cll/ros2_ws/install/interface/include/interface/interface/msg/detail/stroke__struct.h
[3.619s] -- Up-to-date: /mnt/c/Users/minyi/Desktop/ros2_cll/ros2_ws/install/interface/include/interface/interface/msg/detail/stroke__type_support.h
[3.646s] -- Up-to-date: /mnt/c/Users/minyi/Desktop/ros2_cll/ros2_ws/install/interface/include/interface/interface/msg/rosidl_generator_c__visibility_control.h
[3.670s] -- Up-to-date: /mnt/c/Users/minyi/Desktop/ros2_cll/ros2_ws/install/interface/include/interface/interface/msg/shape.h
[3.695s] -- Up-to-date: /mnt/c/Users/minyi/Desktop/ros2_cll/ros2_ws/install/interface/include/interface/interface/msg/stroke.h
[3.719s] -- Up-to-date: /mnt/c/Users/minyi/Desktop/ros2_cll/ros2_ws/install/interface/include/interface/interface/msg/strokes.h
[3.734s] -- Up-to-date: /mnt/c/Users/minyi/Desktop/ros2_cll/ros2_ws/install/interface/share/interface/environment/library_path.sh
[3.754s] -- Up-to-date: /mnt/c/Users/minyi/Desktop/ros2_cll/ros2_ws/install/interface/share/interface/environment/library_path.dsv
[3.774s] -- Up-to-date: /mnt/c/Users/minyi/Desktop/ros2_cll/ros2_ws/install/interface/lib/libinterface__rosidl_generator_c.so
[3.792s] -- Up-to-date: /mnt/c/Users/minyi/Desktop/ros2_cll/ros2_ws/install/interface/include/interface/interface
[3.813s] -- Up-to-date: /mnt/c/Users/minyi/Desktop/ros2_cll/ros2_ws/install/interface/include/interface/interface/msg
[3.839s] -- Up-to-date: /mnt/c/Users/minyi/Desktop/ros2_cll/ros2_ws/install/interface/include/interface/interface/msg/detail
[3.876s] -- Up-to-date: /mnt/c/Users/minyi/Desktop/ros2_cll/ros2_ws/install/interface/include/interface/interface/msg/detail/shape__rosidl_typesupport_fastrtps_c.h
[3.905s] -- Up-to-date: /mnt/c/Users/minyi/Desktop/ros2_cll/ros2_ws/install/interface/include/interface/interface/msg/detail/strokes__rosidl_typesupport_fastrtps_c.h
[3.935s] -- Up-to-date: /mnt/c/Users/minyi/Desktop/ros2_cll/ros2_ws/install/interface/include/interface/interface/msg/detail/stroke__rosidl_typesupport_fastrtps_c.h
[3.961s] -- Up-to-date: /mnt/c/Users/minyi/Desktop/ros2_cll/ros2_ws/install/interface/include/interface/interface/msg/rosidl_typesupport_fastrtps_c__visibility_control.h
[3.979s] -- Up-to-date: /mnt/c/Users/minyi/Desktop/ros2_cll/ros2_ws/install/interface/lib/libinterface__rosidl_typesupport_fastrtps_c.so
[3.995s] -- Up-to-date: /mnt/c/Users/minyi/Desktop/ros2_cll/ros2_ws/install/interface/include/interface/interface
[4.015s] -- Up-to-date: /mnt/c/Users/minyi/Desktop/ros2_cll/ros2_ws/install/interface/include/interface/interface/msg
[4.042s] -- Up-to-date: /mnt/c/Users/minyi/Desktop/ros2_cll/ros2_ws/install/interface/include/interface/interface/msg/detail
[4.079s] -- Up-to-date: /mnt/c/Users/minyi/Desktop/ros2_cll/ros2_ws/install/interface/include/interface/interface/msg/detail/shape__rosidl_typesupport_introspection_c.h
[4.108s] -- Up-to-date: /mnt/c/Users/minyi/Desktop/ros2_cll/ros2_ws/install/interface/include/interface/interface/msg/detail/shape__type_support.c
[4.136s] -- Up-to-date: /mnt/c/Users/minyi/Desktop/ros2_cll/ros2_ws/install/interface/include/interface/interface/msg/detail/strokes__rosidl_typesupport_introspection_c.h
[4.166s] -- Up-to-date: /mnt/c/Users/minyi/Desktop/ros2_cll/ros2_ws/install/interface/include/interface/interface/msg/detail/strokes__type_support.c
[4.196s] -- Up-to-date: /mnt/c/Users/minyi/Desktop/ros2_cll/ros2_ws/install/interface/include/interface/interface/msg/detail/stroke__rosidl_typesupport_introspection_c.h
[4.225s] -- Up-to-date: /mnt/c/Users/minyi/Desktop/ros2_cll/ros2_ws/install/interface/include/interface/interface/msg/detail/stroke__type_support.c
[4.253s] -- Up-to-date: /mnt/c/Users/minyi/Desktop/ros2_cll/ros2_ws/install/interface/include/interface/interface/msg/rosidl_typesupport_introspection_c__visibility_control.h
[4.272s] -- Up-to-date: /mnt/c/Users/minyi/Desktop/ros2_cll/ros2_ws/install/interface/lib/libinterface__rosidl_typesupport_introspection_c.so
[4.292s] -- Up-to-date: /mnt/c/Users/minyi/Desktop/ros2_cll/ros2_ws/install/interface/lib/libinterface__rosidl_typesupport_c.so
[4.309s] -- Up-to-date: /mnt/c/Users/minyi/Desktop/ros2_cll/ros2_ws/install/interface/include/interface/interface
[4.331s] -- Up-to-date: /mnt/c/Users/minyi/Desktop/ros2_cll/ros2_ws/install/interface/include/interface/interface/msg
[4.357s] -- Up-to-date: /mnt/c/Users/minyi/Desktop/ros2_cll/ros2_ws/install/interface/include/interface/interface/msg/detail
[4.395s] -- Up-to-date: /mnt/c/Users/minyi/Desktop/ros2_cll/ros2_ws/install/interface/include/interface/interface/msg/detail/shape__builder.hpp
[4.424s] -- Up-to-date: /mnt/c/Users/minyi/Desktop/ros2_cll/ros2_ws/install/interface/include/interface/interface/msg/detail/shape__struct.hpp
[4.452s] -- Up-to-date: /mnt/c/Users/minyi/Desktop/ros2_cll/ros2_ws/install/interface/include/interface/interface/msg/detail/shape__traits.hpp
[4.482s] -- Up-to-date: /mnt/c/Users/minyi/Desktop/ros2_cll/ros2_ws/install/interface/include/interface/interface/msg/detail/strokes__builder.hpp
[4.511s] -- Up-to-date: /mnt/c/Users/minyi/Desktop/ros2_cll/ros2_ws/install/interface/include/interface/interface/msg/detail/strokes__struct.hpp
[4.540s] -- Up-to-date: /mnt/c/Users/minyi/Desktop/ros2_cll/ros2_ws/install/interface/include/interface/interface/msg/detail/strokes__traits.hpp
[4.569s] -- Up-to-date: /mnt/c/Users/minyi/Desktop/ros2_cll/ros2_ws/install/interface/include/interface/interface/msg/detail/stroke__builder.hpp
[4.598s] -- Up-to-date: /mnt/c/Users/minyi/Desktop/ros2_cll/ros2_ws/install/interface/include/interface/interface/msg/detail/stroke__struct.hpp
[4.628s] -- Up-to-date: /mnt/c/Users/minyi/Desktop/ros2_cll/ros2_ws/install/interface/include/interface/interface/msg/detail/stroke__traits.hpp
[4.652s] -- Up-to-date: /mnt/c/Users/minyi/Desktop/ros2_cll/ros2_ws/install/interface/include/interface/interface/msg/shape.hpp
[4.677s] -- Up-to-date: /mnt/c/Users/minyi/Desktop/ros2_cll/ros2_ws/install/interface/include/interface/interface/msg/stroke.hpp
[4.701s] -- Up-to-date: /mnt/c/Users/minyi/Desktop/ros2_cll/ros2_ws/install/interface/include/interface/interface/msg/strokes.hpp
[4.715s] -- Up-to-date: /mnt/c/Users/minyi/Desktop/ros2_cll/ros2_ws/install/interface/include/interface/interface
[4.735s] -- Up-to-date: /mnt/c/Users/minyi/Desktop/ros2_cll/ros2_ws/install/interface/include/interface/interface/msg
[4.762s] -- Up-to-date: /mnt/c/Users/minyi/Desktop/ros2_cll/ros2_ws/install/interface/include/interface/interface/msg/detail
[4.795s] -- Up-to-date: /mnt/c/Users/minyi/Desktop/ros2_cll/ros2_ws/install/interface/include/interface/interface/msg/detail/dds_fastrtps
[4.837s] -- Up-to-date: /mnt/c/Users/minyi/Desktop/ros2_cll/ros2_ws/install/interface/include/interface/interface/msg/detail/shape__rosidl_typesupport_fastrtps_cpp.hpp
[4.867s] -- Up-to-date: /mnt/c/Users/minyi/Desktop/ros2_cll/ros2_ws/install/interface/include/interface/interface/msg/detail/strokes__rosidl_typesupport_fastrtps_cpp.hpp
[4.895s] -- Up-to-date: /mnt/c/Users/minyi/Desktop/ros2_cll/ros2_ws/install/interface/include/interface/interface/msg/detail/stroke__rosidl_typesupport_fastrtps_cpp.hpp
[4.920s] -- Up-to-date: /mnt/c/Users/minyi/Desktop/ros2_cll/ros2_ws/install/interface/include/interface/interface/msg/rosidl_typesupport_fastrtps_cpp__visibility_control.h
[4.941s] -- Up-to-date: /mnt/c/Users/minyi/Desktop/ros2_cll/ros2_ws/install/interface/lib/libinterface__rosidl_typesupport_fastrtps_cpp.so
[4.964s] -- Up-to-date: /mnt/c/Users/minyi/Desktop/ros2_cll/ros2_ws/install/interface/include/interface/interface
[4.986s] -- Up-to-date: /mnt/c/Users/minyi/Desktop/ros2_cll/ros2_ws/install/interface/include/interface/interface/msg
[5.013s] -- Up-to-date: /mnt/c/Users/minyi/Desktop/ros2_cll/ros2_ws/install/interface/include/interface/interface/msg/detail
[5.052s] -- Up-to-date: /mnt/c/Users/minyi/Desktop/ros2_cll/ros2_ws/install/interface/include/interface/interface/msg/detail/shape__rosidl_typesupport_introspection_cpp.hpp
[5.083s] -- Up-to-date: /mnt/c/Users/minyi/Desktop/ros2_cll/ros2_ws/install/interface/include/interface/interface/msg/detail/shape__type_support.cpp
[5.113s] -- Up-to-date: /mnt/c/Users/minyi/Desktop/ros2_cll/ros2_ws/install/interface/include/interface/interface/msg/detail/strokes__rosidl_typesupport_introspection_cpp.hpp
[5.142s] -- Up-to-date: /mnt/c/Users/minyi/Desktop/ros2_cll/ros2_ws/install/interface/include/interface/interface/msg/detail/strokes__type_support.cpp
[5.171s] -- Up-to-date: /mnt/c/Users/minyi/Desktop/ros2_cll/ros2_ws/install/interface/include/interface/interface/msg/detail/stroke__rosidl_typesupport_introspection_cpp.hpp
[5.200s] -- Up-to-date: /mnt/c/Users/minyi/Desktop/ros2_cll/ros2_ws/install/interface/include/interface/interface/msg/detail/stroke__type_support.cpp
[5.224s] -- Up-to-date: /mnt/c/Users/minyi/Desktop/ros2_cll/ros2_ws/install/interface/lib/libinterface__rosidl_typesupport_introspection_cpp.so
[5.255s] -- Up-to-date: /mnt/c/Users/minyi/Desktop/ros2_cll/ros2_ws/install/interface/lib/libinterface__rosidl_typesupport_cpp.so
[5.286s] -- Up-to-date: /mnt/c/Users/minyi/Desktop/ros2_cll/ros2_ws/install/interface/share/interface/environment/pythonpath.sh
[5.307s] -- Up-to-date: /mnt/c/Users/minyi/Desktop/ros2_cll/ros2_ws/install/interface/share/interface/environment/pythonpath.dsv
[5.320s] -- Up-to-date: /mnt/c/Users/minyi/Desktop/ros2_cll/ros2_ws/install/interface/local/lib/python3.10/dist-packages/interface-0.0.0-py3.10.egg-info
[5.340s] -- Installing: /mnt/c/Users/minyi/Desktop/ros2_cll/ros2_ws/install/interface/local/lib/python3.10/dist-packages/interface-0.0.0-py3.10.egg-info/dependency_links.txt
[5.394s] -- Installing: /mnt/c/Users/minyi/Desktop/ros2_cll/ros2_ws/install/interface/local/lib/python3.10/dist-packages/interface-0.0.0-py3.10.egg-info/PKG-INFO
[5.444s] -- Installing: /mnt/c/Users/minyi/Desktop/ros2_cll/ros2_ws/install/interface/local/lib/python3.10/dist-packages/interface-0.0.0-py3.10.egg-info/SOURCES.txt
[5.492s] -- Installing: /mnt/c/Users/minyi/Desktop/ros2_cll/ros2_ws/install/interface/local/lib/python3.10/dist-packages/interface-0.0.0-py3.10.egg-info/top_level.txt
[5.535s] -- Up-to-date: /mnt/c/Users/minyi/Desktop/ros2_cll/ros2_ws/install/interface/local/lib/python3.10/dist-packages/interface
[5.549s] -- Up-to-date: /mnt/c/Users/minyi/Desktop/ros2_cll/ros2_ws/install/interface/local/lib/python3.10/dist-packages/interface/interface_s__rosidl_typesupport_c.cpython-310-x86_64-linux-gnu.so
[5.560s] -- Up-to-date: /mnt/c/Users/minyi/Desktop/ros2_cll/ros2_ws/install/interface/local/lib/python3.10/dist-packages/interface/interface_s__rosidl_typesupport_fastrtps_c.cpython-310-x86_64-linux-gnu.so
[5.572s] -- Up-to-date: /mnt/c/Users/minyi/Desktop/ros2_cll/ros2_ws/install/interface/local/lib/python3.10/dist-packages/interface/interface_s__rosidl_typesupport_introspection_c.cpython-310-x86_64-linux-gnu.so
[5.585s] -- Up-to-date: /mnt/c/Users/minyi/Desktop/ros2_cll/ros2_ws/install/interface/local/lib/python3.10/dist-packages/interface/libinterface__rosidl_generator_py.so
[5.595s] -- Up-to-date: /mnt/c/Users/minyi/Desktop/ros2_cll/ros2_ws/install/interface/local/lib/python3.10/dist-packages/interface/msg
[5.615s] -- Up-to-date: /mnt/c/Users/minyi/Desktop/ros2_cll/ros2_ws/install/interface/local/lib/python3.10/dist-packages/interface/msg/_shape.py
[5.632s] -- Up-to-date: /mnt/c/Users/minyi/Desktop/ros2_cll/ros2_ws/install/interface/local/lib/python3.10/dist-packages/interface/msg/_shape_s.c
[5.650s] -- Up-to-date: /mnt/c/Users/minyi/Desktop/ros2_cll/ros2_ws/install/interface/local/lib/python3.10/dist-packages/interface/msg/_stroke.py
[5.667s] -- Up-to-date: /mnt/c/Users/minyi/Desktop/ros2_cll/ros2_ws/install/interface/local/lib/python3.10/dist-packages/interface/msg/_strokes.py
[5.685s] -- Up-to-date: /mnt/c/Users/minyi/Desktop/ros2_cll/ros2_ws/install/interface/local/lib/python3.10/dist-packages/interface/msg/_strokes_s.c
[5.701s] -- Up-to-date: /mnt/c/Users/minyi/Desktop/ros2_cll/ros2_ws/install/interface/local/lib/python3.10/dist-packages/interface/msg/_stroke_s.c
[5.719s] -- Up-to-date: /mnt/c/Users/minyi/Desktop/ros2_cll/ros2_ws/install/interface/local/lib/python3.10/dist-packages/interface/msg/__init__.py
[5.732s] -- Up-to-date: /mnt/c/Users/minyi/Desktop/ros2_cll/ros2_ws/install/interface/local/lib/python3.10/dist-packages/interface/_interface_s.ep.rosidl_typesupport_c.c
[5.745s] -- Up-to-date: /mnt/c/Users/minyi/Desktop/ros2_cll/ros2_ws/install/interface/local/lib/python3.10/dist-packages/interface/_interface_s.ep.rosidl_typesupport_fastrtps_c.c
[5.757s] -- Up-to-date: /mnt/c/Users/minyi/Desktop/ros2_cll/ros2_ws/install/interface/local/lib/python3.10/dist-packages/interface/_interface_s.ep.rosidl_typesupport_introspection_c.c
[5.770s] -- Up-to-date: /mnt/c/Users/minyi/Desktop/ros2_cll/ros2_ws/install/interface/local/lib/python3.10/dist-packages/interface/__init__.py
[6.058s] Listing '/mnt/c/Users/minyi/Desktop/ros2_cll/ros2_ws/install/interface/local/lib/python3.10/dist-packages/interface'...
[6.059s] Listing '/mnt/c/Users/minyi/Desktop/ros2_cll/ros2_ws/install/interface/local/lib/python3.10/dist-packages/interface/msg'...
[6.088s] -- Up-to-date: /mnt/c/Users/minyi/Desktop/ros2_cll/ros2_ws/install/interface/local/lib/python3.10/dist-packages/interface/interface_s__rosidl_typesupport_fastrtps_c.cpython-310-x86_64-linux-gnu.so
[6.126s] -- Up-to-date: /mnt/c/Users/minyi/Desktop/ros2_cll/ros2_ws/install/interface/local/lib/python3.10/dist-packages/interface/interface_s__rosidl_typesupport_introspection_c.cpython-310-x86_64-linux-gnu.so
[6.155s] -- Up-to-date: /mnt/c/Users/minyi/Desktop/ros2_cll/ros2_ws/install/interface/local/lib/python3.10/dist-packages/interface/interface_s__rosidl_typesupport_c.cpython-310-x86_64-linux-gnu.so
[6.180s] -- Up-to-date: /mnt/c/Users/minyi/Desktop/ros2_cll/ros2_ws/install/interface/lib/libinterface__rosidl_generator_py.so
[6.207s] -- Up-to-date: /mnt/c/Users/minyi/Desktop/ros2_cll/ros2_ws/install/interface/share/interface/msg/Shape.idl
[6.228s] -- Up-to-date: /mnt/c/Users/minyi/Desktop/ros2_cll/ros2_ws/install/interface/share/interface/msg/Stroke.idl
[6.250s] -- Up-to-date: /mnt/c/Users/minyi/Desktop/ros2_cll/ros2_ws/install/interface/share/interface/msg/Strokes.idl
[6.275s] -- Up-to-date: /mnt/c/Users/minyi/Desktop/ros2_cll/ros2_ws/install/interface/share/interface/msg/Shape.msg
[6.298s] -- Up-to-date: /mnt/c/Users/minyi/Desktop/ros2_cll/ros2_ws/install/interface/share/interface/msg/Stroke.msg
[6.323s] -- Up-to-date: /mnt/c/Users/minyi/Desktop/ros2_cll/ros2_ws/install/interface/share/interface/msg/Strokes.msg
[6.352s] -- Up-to-date: /mnt/c/Users/minyi/Desktop/ros2_cll/ros2_ws/install/interface/share/ament_index/resource_index/package_run_dependencies/interface
[6.382s] -- Up-to-date: /mnt/c/Users/minyi/Desktop/ros2_cll/ros2_ws/install/interface/share/ament_index/resource_index/parent_prefix_path/interface
[6.394s] -- Up-to-date: /mnt/c/Users/minyi/Desktop/ros2_cll/ros2_ws/install/interface/share/interface/environment/ament_prefix_path.sh
[6.412s] -- Up-to-date: /mnt/c/Users/minyi/Desktop/ros2_cll/ros2_ws/install/interface/share/interface/environment/ament_prefix_path.dsv
[6.426s] -- Up-to-date: /mnt/c/Users/minyi/Desktop/ros2_cll/ros2_ws/install/interface/share/interface/environment/path.sh
[6.446s] -- Up-to-date: /mnt/c/Users/minyi/Desktop/ros2_cll/ros2_ws/install/interface/share/interface/environment/path.dsv
[6.463s] -- Up-to-date: /mnt/c/Users/minyi/Desktop/ros2_cll/ros2_ws/install/interface/share/interface/local_setup.bash
[6.480s] -- Up-to-date: /mnt/c/Users/minyi/Desktop/ros2_cll/ros2_ws/install/interface/share/interface/local_setup.sh
[6.497s] -- Up-to-date: /mnt/c/Users/minyi/Desktop/ros2_cll/ros2_ws/install/interface/share/interface/local_setup.zsh
[6.513s] -- Up-to-date: /mnt/c/Users/minyi/Desktop/ros2_cll/ros2_ws/install/interface/share/interface/local_setup.dsv
[6.530s] -- Installing: /mnt/c/Users/minyi/Desktop/ros2_cll/ros2_ws/install/interface/share/interface/package.dsv
[6.599s] -- Up-to-date: /mnt/c/Users/minyi/Desktop/ros2_cll/ros2_ws/install/interface/share/ament_index/resource_index/packages/interface
[6.647s] -- Up-to-date: /mnt/c/Users/minyi/Desktop/ros2_cll/ros2_ws/install/interface/share/interface/cmake/export_interface__rosidl_generator_cExport.cmake
[6.678s] -- Up-to-date: /mnt/c/Users/minyi/Desktop/ros2_cll/ros2_ws/install/interface/share/interface/cmake/export_interface__rosidl_generator_cExport-noconfig.cmake
[6.725s] -- Up-to-date: /mnt/c/Users/minyi/Desktop/ros2_cll/ros2_ws/install/interface/share/interface/cmake/export_interface__rosidl_typesupport_fastrtps_cExport.cmake
[6.757s] -- Up-to-date: /mnt/c/Users/minyi/Desktop/ros2_cll/ros2_ws/install/interface/share/interface/cmake/export_interface__rosidl_typesupport_fastrtps_cExport-noconfig.cmake
[6.804s] -- Up-to-date: /mnt/c/Users/minyi/Desktop/ros2_cll/ros2_ws/install/interface/share/interface/cmake/interface__rosidl_typesupport_introspection_cExport.cmake
[6.834s] -- Up-to-date: /mnt/c/Users/minyi/Desktop/ros2_cll/ros2_ws/install/interface/share/interface/cmake/interface__rosidl_typesupport_introspection_cExport-noconfig.cmake
[6.874s] -- Up-to-date: /mnt/c/Users/minyi/Desktop/ros2_cll/ros2_ws/install/interface/share/interface/cmake/interface__rosidl_typesupport_cExport.cmake
[6.901s] -- Up-to-date: /mnt/c/Users/minyi/Desktop/ros2_cll/ros2_ws/install/interface/share/interface/cmake/interface__rosidl_typesupport_cExport-noconfig.cmake
[6.941s] -- Up-to-date: /mnt/c/Users/minyi/Desktop/ros2_cll/ros2_ws/install/interface/share/interface/cmake/export_interface__rosidl_generator_cppExport.cmake
[6.980s] -- Up-to-date: /mnt/c/Users/minyi/Desktop/ros2_cll/ros2_ws/install/interface/share/interface/cmake/export_interface__rosidl_typesupport_fastrtps_cppExport.cmake
[7.010s] -- Up-to-date: /mnt/c/Users/minyi/Desktop/ros2_cll/ros2_ws/install/interface/share/interface/cmake/export_interface__rosidl_typesupport_fastrtps_cppExport-noconfig.cmake
[7.056s] -- Up-to-date: /mnt/c/Users/minyi/Desktop/ros2_cll/ros2_ws/install/interface/share/interface/cmake/interface__rosidl_typesupport_introspection_cppExport.cmake
[7.086s] -- Up-to-date: /mnt/c/Users/minyi/Desktop/ros2_cll/ros2_ws/install/interface/share/interface/cmake/interface__rosidl_typesupport_introspection_cppExport-noconfig.cmake
[7.135s] -- Up-to-date: /mnt/c/Users/minyi/Desktop/ros2_cll/ros2_ws/install/interface/share/interface/cmake/interface__rosidl_typesupport_cppExport.cmake
[7.168s] -- Up-to-date: /mnt/c/Users/minyi/Desktop/ros2_cll/ros2_ws/install/interface/share/interface/cmake/interface__rosidl_typesupport_cppExport-noconfig.cmake
[7.219s] -- Up-to-date: /mnt/c/Users/minyi/Desktop/ros2_cll/ros2_ws/install/interface/share/interface/cmake/export_interface__rosidl_generator_pyExport.cmake
[7.252s] -- Up-to-date: /mnt/c/Users/minyi/Desktop/ros2_cll/ros2_ws/install/interface/share/interface/cmake/export_interface__rosidl_generator_pyExport-noconfig.cmake
[7.275s] -- Up-to-date: /mnt/c/Users/minyi/Desktop/ros2_cll/ros2_ws/install/interface/share/interface/cmake/rosidl_cmake-extras.cmake
[7.296s] -- Up-to-date: /mnt/c/Users/minyi/Desktop/ros2_cll/ros2_ws/install/interface/share/interface/cmake/ament_cmake_export_include_directories-extras.cmake
[7.318s] -- Up-to-date: /mnt/c/Users/minyi/Desktop/ros2_cll/ros2_ws/install/interface/share/interface/cmake/ament_cmake_export_libraries-extras.cmake
[7.339s] -- Up-to-date: /mnt/c/Users/minyi/Desktop/ros2_cll/ros2_ws/install/interface/share/interface/cmake/ament_cmake_export_targets-extras.cmake
[7.361s] -- Up-to-date: /mnt/c/Users/minyi/Desktop/ros2_cll/ros2_ws/install/interface/share/interface/cmake/rosidl_cmake_export_typesupport_targets-extras.cmake
[7.381s] -- Up-to-date: /mnt/c/Users/minyi/Desktop/ros2_cll/ros2_ws/install/interface/share/interface/cmake/ament_cmake_export_dependencies-extras.cmake
[7.403s] -- Up-to-date: /mnt/c/Users/minyi/Desktop/ros2_cll/ros2_ws/install/interface/share/interface/cmake/rosidl_cmake_export_typesupport_libraries-extras.cmake
[7.422s] -- Up-to-date: /mnt/c/Users/minyi/Desktop/ros2_cll/ros2_ws/install/interface/share/interface/cmake/interfaceConfig.cmake
[7.439s] -- Up-to-date: /mnt/c/Users/minyi/Desktop/ros2_cll/ros2_ws/install/interface/share/interface/cmake/interfaceConfig-version.cmake
[7.459s] -- Up-to-date: /mnt/c/Users/minyi/Desktop/ros2_cll/ros2_ws/install/interface/share/interface/package.xml
[7.477s] Invoked command in '/mnt/c/Users/minyi/Desktop/ros2_cll/ros2_ws/build/interface' returned '0': CMAKE_PREFIX_PATH=${CMAKE_PREFIX_PATH}:/mnt/c/Users/minyi/Desktop/ros2_cll/ros2_ws/install/nao_writing:/opt/ros/humble /usr/bin/cmake --install /mnt/c/Users/minyi/Desktop/ros2_cll/ros2_ws/build/interface
