[3.760s] Invoking command in '/mnt/c/Users/minyi/Desktop/ros2_cll/ros2_ws/src/nao_writing': AMENT_PREFIX_PATH=/mnt/c/Users/minyi/Desktop/ros2_cll/ros2_ws/install/interface:${AMENT_PREFIX_PATH} CMAKE_PREFIX_PATH=/mnt/c/Users/minyi/Desktop/ros2_cll/ros2_ws/install/interface LD_LIBRARY_PATH=/mnt/c/Users/minyi/Desktop/ros2_cll/ros2_ws/install/interface/lib:${LD_LIBRARY_PATH} PYTHONPATH=/mnt/c/Users/minyi/Desktop/ros2_cll/ros2_ws/build/nao_writing/prefix_override:/mnt/c/Users/minyi/Desktop/ros2_cll/ros2_ws/install/nao_writing/lib/python3.10/site-packages:/mnt/c/Users/minyi/Desktop/ros2_cll/ros2_ws/install/interface/local/lib/python3.10/dist-packages:${PYTHONPATH} /usr/bin/python3 setup.py egg_info --egg-base ../../build/nao_writing build --build-base /mnt/c/Users/minyi/Desktop/ros2_cll/ros2_ws/build/nao_writing/build install --record /mnt/c/Users/minyi/Desktop/ros2_cll/ros2_ws/build/nao_writing/install.log --single-version-externally-managed
[5.245s] running egg_info
[5.286s] writing ../../build/nao_writing/nao_writing.egg-info/PKG-INFO
[5.296s] writing dependency_links to ../../build/nao_writing/nao_writing.egg-info/dependency_links.txt
[5.306s] writing entry points to ../../build/nao_writing/nao_writing.egg-info/entry_points.txt
[5.314s] writing requirements to ../../build/nao_writing/nao_writing.egg-info/requires.txt
[5.318s] writing top-level names to ../../build/nao_writing/nao_writing.egg-info/top_level.txt
[5.439s] reading manifest file '../../build/nao_writing/nao_writing.egg-info/SOURCES.txt'
[5.548s] writing manifest file '../../build/nao_writing/nao_writing.egg-info/SOURCES.txt'
[5.554s] running build
[5.555s] running build_py
[5.639s] running install
[5.641s] /usr/local/lib/python3.10/dist-packages/setuptools/command/install.py:34: SetuptoolsDeprecationWarning: setup.py install is deprecated. Use build and pip and other standards-based tools.
[5.641s]   warnings.warn(
[5.656s] running install_lib
[6.046s] running install_data
[6.133s] running install_egg_info
[6.197s] removing '/mnt/c/Users/minyi/Desktop/ros2_cll/ros2_ws/install/nao_writing/lib/python3.10/site-packages/nao_writing-0.0.0-py3.10.egg-info' (and everything under it)
[6.291s] Copying ../../build/nao_writing/nao_writing.egg-info to /mnt/c/Users/minyi/Desktop/ros2_cll/ros2_ws/install/nao_writing/lib/python3.10/site-packages/nao_writing-0.0.0-py3.10.egg-info
[7.033s] running install_scripts
[7.630s] Installing input_interpreter script to /mnt/c/Users/minyi/Desktop/ros2_cll/ros2_ws/install/nao_writing/lib/nao_writing
[7.649s] Installing learning_word script to /mnt/c/Users/minyi/Desktop/ros2_cll/ros2_ws/install/nao_writing/lib/nao_writing
[7.672s] writing list of installed files to '/mnt/c/Users/minyi/Desktop/ros2_cll/ros2_ws/build/nao_writing/install.log'
[7.717s] Invoked command in '/mnt/c/Users/minyi/Desktop/ros2_cll/ros2_ws/src/nao_writing' returned '0': AMENT_PREFIX_PATH=/mnt/c/Users/minyi/Desktop/ros2_cll/ros2_ws/install/interface:${AMENT_PREFIX_PATH} CMAKE_PREFIX_PATH=/mnt/c/Users/minyi/Desktop/ros2_cll/ros2_ws/install/interface LD_LIBRARY_PATH=/mnt/c/Users/minyi/Desktop/ros2_cll/ros2_ws/install/interface/lib:${LD_LIBRARY_PATH} PYTHONPATH=/mnt/c/Users/minyi/Desktop/ros2_cll/ros2_ws/build/nao_writing/prefix_override:/mnt/c/Users/minyi/Desktop/ros2_cll/ros2_ws/install/nao_writing/lib/python3.10/site-packages:/mnt/c/Users/minyi/Desktop/ros2_cll/ros2_ws/install/interface/local/lib/python3.10/dist-packages:${PYTHONPATH} /usr/bin/python3 setup.py egg_info --egg-base ../../build/nao_writing build --build-base /mnt/c/Users/minyi/Desktop/ros2_cll/ros2_ws/build/nao_writing/build install --record /mnt/c/Users/minyi/Desktop/ros2_cll/ros2_ws/build/nao_writing/install.log --single-version-externally-managed
