[0.119s] Invoking command in '/mnt/c/Users/minyi/Desktop/ros2_cll/ros2_ws/build/interface': CMAKE_PREFIX_PATH=${CMAKE_PREFIX_PATH}:/mnt/c/Users/minyi/Desktop/ros2_cll/ros2_ws/install/nao_writing:/opt/ros/humble /usr/bin/cmake --build /mnt/c/Users/minyi/Desktop/ros2_cll/ros2_ws/build/interface -- -j16 -l16
[0.573s] [  2%] Built target interface__cpp
[0.828s] [ 12%] Built target interface__rosidl_generator_c
[0.962s] [ 23%] Built target interface__rosidl_typesupport_cpp
[1.045s] [ 34%] Built target interface__rosidl_typesupport_introspection_cpp
[1.092s] [ 44%] Built target interface__rosidl_typesupport_fastrtps_cpp
[1.200s] [ 55%] Built target interface__rosidl_typesupport_c
[1.248s] [ 76%] Built target interface__rosidl_typesupport_fastrtps_c
[1.249s] [ 76%] Built target interface__rosidl_typesupport_introspection_c
[1.376s] [ 76%] Built target interface
[1.496s] [ 76%] Built target ament_cmake_python_copy_interface
[1.555s] [ 78%] Built target interface__py
[1.784s] [ 87%] Built target interface__rosidl_generator_py
[1.958s] [ 95%] Built target interface__rosidl_typesupport_c__pyext
[1.960s] [ 95%] Built target interface__rosidl_typesupport_fastrtps_c__pyext
[1.998s] [100%] Built target interface__rosidl_typesupport_introspection_c__pyext
[2.198s] running egg_info
[2.219s] writing interface.egg-info/PKG-INFO
[2.224s] writing dependency_links to interface.egg-info/dependency_links.txt
[2.232s] writing top-level names to interface.egg-info/top_level.txt
[2.330s] reading manifest file 'interface.egg-info/SOURCES.txt'
[2.382s] writing manifest file 'interface.egg-info/SOURCES.txt'
[2.431s] [100%] Built target ament_cmake_python_build_interface_egg
[2.670s] Invoked command in '/mnt/c/Users/minyi/Desktop/ros2_cll/ros2_ws/build/interface' returned '0': CMAKE_PREFIX_PATH=${CMAKE_PREFIX_PATH}:/mnt/c/Users/minyi/Desktop/ros2_cll/ros2_ws/install/nao_writing:/opt/ros/humble /usr/bin/cmake --build /mnt/c/Users/minyi/Desktop/ros2_cll/ros2_ws/build/interface -- -j16 -l16
[3.289s] Invoking command in '/mnt/c/Users/minyi/Desktop/ros2_cll/ros2_ws/build/interface': CMAKE_PREFIX_PATH=${CMAKE_PREFIX_PATH}:/mnt/c/Users/minyi/Desktop/ros2_cll/ros2_ws/install/nao_writing:/opt/ros/humble /usr/bin/cmake --install /mnt/c/Users/minyi/Desktop/ros2_cll/ros2_ws/build/interface
[3.311s] -- Install configuration: ""
[3.336s] -- Up-to-date: /mnt/c/Users/minyi/Desktop/ros2_cll/ros2_ws/install/interface/share/ament_index/resource_index/rosidl_interfaces/interface
[3.350s] -- Up-to-date: /mnt/c/Users/minyi/Desktop/ros2_cll/ros2_ws/install/interface/include/interface/interface
[3.369s] -- Up-to-date: /mnt/c/Users/minyi/Desktop/ros2_cll/ros2_ws/install/interface/include/interface/interface/msg
[3.397s] -- Up-to-date: /mnt/c/Users/minyi/Desktop/ros2_cll/ros2_ws/install/interface/include/interface/interface/msg/detail
[3.437s] -- Up-to-date: /mnt/c/Users/minyi/Desktop/ros2_cll/ros2_ws/install/interface/include/interface/interface/msg/detail/shape__functions.c
[3.469s] -- Up-to-date: /mnt/c/Users/minyi/Desktop/ros2_cll/ros2_ws/install/interface/include/interface/interface/msg/detail/shape__functions.h
[3.500s] -- Up-to-date: /mnt/c/Users/minyi/Desktop/ros2_cll/ros2_ws/install/interface/include/interface/interface/msg/detail/shape__struct.h
[3.531s] -- Up-to-date: /mnt/c/Users/minyi/Desktop/ros2_cll/ros2_ws/install/interface/include/interface/interface/msg/detail/shape__type_support.h
[3.563s] -- Up-to-date: /mnt/c/Users/minyi/Desktop/ros2_cll/ros2_ws/install/interface/include/interface/interface/msg/detail/strokes__functions.c
[3.598s] -- Up-to-date: /mnt/c/Users/minyi/Desktop/ros2_cll/ros2_ws/install/interface/include/interface/interface/msg/detail/strokes__functions.h
[3.634s] -- Up-to-date: /mnt/c/Users/minyi/Desktop/ros2_cll/ros2_ws/install/interface/include/interface/interface/msg/detail/strokes__struct.h
[3.668s] -- Up-to-date: /mnt/c/Users/minyi/Desktop/ros2_cll/ros2_ws/install/interface/include/interface/interface/msg/detail/strokes__type_support.h
[3.695s] -- Up-to-date: /mnt/c/Users/minyi/Desktop/ros2_cll/ros2_ws/install/interface/include/interface/interface/msg/detail/stroke__functions.c
[3.722s] -- Up-to-date: /mnt/c/Users/minyi/Desktop/ros2_cll/ros2_ws/install/interface/include/interface/interface/msg/detail/stroke__functions.h
[3.750s] -- Up-to-date: /mnt/c/Users/minyi/Desktop/ros2_cll/ros2_ws/install/interface/include/interface/interface/msg/detail/stroke__struct.h
[3.775s] -- Up-to-date: /mnt/c/Users/minyi/Desktop/ros2_cll/ros2_ws/install/interface/include/interface/interface/msg/detail/stroke__type_support.h
[3.799s] -- Up-to-date: /mnt/c/Users/minyi/Desktop/ros2_cll/ros2_ws/install/interface/include/interface/interface/msg/rosidl_generator_c__visibility_control.h
[3.822s] -- Up-to-date: /mnt/c/Users/minyi/Desktop/ros2_cll/ros2_ws/install/interface/include/interface/interface/msg/shape.h
[3.843s] -- Up-to-date: /mnt/c/Users/minyi/Desktop/ros2_cll/ros2_ws/install/interface/include/interface/interface/msg/stroke.h
[3.866s] -- Up-to-date: /mnt/c/Users/minyi/Desktop/ros2_cll/ros2_ws/install/interface/include/interface/interface/msg/strokes.h
[3.879s] -- Up-to-date: /mnt/c/Users/minyi/Desktop/ros2_cll/ros2_ws/install/interface/share/interface/environment/library_path.sh
[3.896s] -- Up-to-date: /mnt/c/Users/minyi/Desktop/ros2_cll/ros2_ws/install/interface/share/interface/environment/library_path.dsv
[3.915s] -- Up-to-date: /mnt/c/Users/minyi/Desktop/ros2_cll/ros2_ws/install/interface/lib/libinterface__rosidl_generator_c.so
[3.933s] -- Up-to-date: /mnt/c/Users/minyi/Desktop/ros2_cll/ros2_ws/install/interface/include/interface/interface
[3.954s] -- Up-to-date: /mnt/c/Users/minyi/Desktop/ros2_cll/ros2_ws/install/interface/include/interface/interface/msg
[3.978s] -- Up-to-date: /mnt/c/Users/minyi/Desktop/ros2_cll/ros2_ws/install/interface/include/interface/interface/msg/detail
[4.012s] -- Up-to-date: /mnt/c/Users/minyi/Desktop/ros2_cll/ros2_ws/install/interface/include/interface/interface/msg/detail/shape__rosidl_typesupport_fastrtps_c.h
[4.039s] -- Up-to-date: /mnt/c/Users/minyi/Desktop/ros2_cll/ros2_ws/install/interface/include/interface/interface/msg/detail/strokes__rosidl_typesupport_fastrtps_c.h
[4.066s] -- Up-to-date: /mnt/c/Users/minyi/Desktop/ros2_cll/ros2_ws/install/interface/include/interface/interface/msg/detail/stroke__rosidl_typesupport_fastrtps_c.h
[4.088s] -- Up-to-date: /mnt/c/Users/minyi/Desktop/ros2_cll/ros2_ws/install/interface/include/interface/interface/msg/rosidl_typesupport_fastrtps_c__visibility_control.h
[4.105s] -- Up-to-date: /mnt/c/Users/minyi/Desktop/ros2_cll/ros2_ws/install/interface/lib/libinterface__rosidl_typesupport_fastrtps_c.so
[4.120s] -- Up-to-date: /mnt/c/Users/minyi/Desktop/ros2_cll/ros2_ws/install/interface/include/interface/interface
[4.139s] -- Up-to-date: /mnt/c/Users/minyi/Desktop/ros2_cll/ros2_ws/install/interface/include/interface/interface/msg
[4.162s] -- Up-to-date: /mnt/c/Users/minyi/Desktop/ros2_cll/ros2_ws/install/interface/include/interface/interface/msg/detail
[4.198s] -- Up-to-date: /mnt/c/Users/minyi/Desktop/ros2_cll/ros2_ws/install/interface/include/interface/interface/msg/detail/shape__rosidl_typesupport_introspection_c.h
[4.225s] -- Up-to-date: /mnt/c/Users/minyi/Desktop/ros2_cll/ros2_ws/install/interface/include/interface/interface/msg/detail/shape__type_support.c
[4.251s] -- Up-to-date: /mnt/c/Users/minyi/Desktop/ros2_cll/ros2_ws/install/interface/include/interface/interface/msg/detail/strokes__rosidl_typesupport_introspection_c.h
[4.279s] -- Up-to-date: /mnt/c/Users/minyi/Desktop/ros2_cll/ros2_ws/install/interface/include/interface/interface/msg/detail/strokes__type_support.c
[4.308s] -- Up-to-date: /mnt/c/Users/minyi/Desktop/ros2_cll/ros2_ws/install/interface/include/interface/interface/msg/detail/stroke__rosidl_typesupport_introspection_c.h
[4.336s] -- Up-to-date: /mnt/c/Users/minyi/Desktop/ros2_cll/ros2_ws/install/interface/include/interface/interface/msg/detail/stroke__type_support.c
[4.361s] -- Up-to-date: /mnt/c/Users/minyi/Desktop/ros2_cll/ros2_ws/install/interface/include/interface/interface/msg/rosidl_typesupport_introspection_c__visibility_control.h
[4.378s] -- Up-to-date: /mnt/c/Users/minyi/Desktop/ros2_cll/ros2_ws/install/interface/lib/libinterface__rosidl_typesupport_introspection_c.so
[4.397s] -- Up-to-date: /mnt/c/Users/minyi/Desktop/ros2_cll/ros2_ws/install/interface/lib/libinterface__rosidl_typesupport_c.so
[4.412s] -- Up-to-date: /mnt/c/Users/minyi/Desktop/ros2_cll/ros2_ws/install/interface/include/interface/interface
[4.434s] -- Up-to-date: /mnt/c/Users/minyi/Desktop/ros2_cll/ros2_ws/install/interface/include/interface/interface/msg
[4.460s] -- Up-to-date: /mnt/c/Users/minyi/Desktop/ros2_cll/ros2_ws/install/interface/include/interface/interface/msg/detail
[4.497s] -- Up-to-date: /mnt/c/Users/minyi/Desktop/ros2_cll/ros2_ws/install/interface/include/interface/interface/msg/detail/shape__builder.hpp
[4.525s] -- Up-to-date: /mnt/c/Users/minyi/Desktop/ros2_cll/ros2_ws/install/interface/include/interface/interface/msg/detail/shape__struct.hpp
[4.555s] -- Up-to-date: /mnt/c/Users/minyi/Desktop/ros2_cll/ros2_ws/install/interface/include/interface/interface/msg/detail/shape__traits.hpp
[4.585s] -- Up-to-date: /mnt/c/Users/minyi/Desktop/ros2_cll/ros2_ws/install/interface/include/interface/interface/msg/detail/strokes__builder.hpp
[4.611s] -- Up-to-date: /mnt/c/Users/minyi/Desktop/ros2_cll/ros2_ws/install/interface/include/interface/interface/msg/detail/strokes__struct.hpp
[4.640s] -- Up-to-date: /mnt/c/Users/minyi/Desktop/ros2_cll/ros2_ws/install/interface/include/interface/interface/msg/detail/strokes__traits.hpp
[4.667s] -- Up-to-date: /mnt/c/Users/minyi/Desktop/ros2_cll/ros2_ws/install/interface/include/interface/interface/msg/detail/stroke__builder.hpp
[4.696s] -- Up-to-date: /mnt/c/Users/minyi/Desktop/ros2_cll/ros2_ws/install/interface/include/interface/interface/msg/detail/stroke__struct.hpp
[4.727s] -- Up-to-date: /mnt/c/Users/minyi/Desktop/ros2_cll/ros2_ws/install/interface/include/interface/interface/msg/detail/stroke__traits.hpp
[4.753s] -- Up-to-date: /mnt/c/Users/minyi/Desktop/ros2_cll/ros2_ws/install/interface/include/interface/interface/msg/shape.hpp
[4.777s] -- Up-to-date: /mnt/c/Users/minyi/Desktop/ros2_cll/ros2_ws/install/interface/include/interface/interface/msg/stroke.hpp
[4.802s] -- Up-to-date: /mnt/c/Users/minyi/Desktop/ros2_cll/ros2_ws/install/interface/include/interface/interface/msg/strokes.hpp
[4.815s] -- Up-to-date: /mnt/c/Users/minyi/Desktop/ros2_cll/ros2_ws/install/interface/include/interface/interface
[4.835s] -- Up-to-date: /mnt/c/Users/minyi/Desktop/ros2_cll/ros2_ws/install/interface/include/interface/interface/msg
[4.860s] -- Up-to-date: /mnt/c/Users/minyi/Desktop/ros2_cll/ros2_ws/install/interface/include/interface/interface/msg/detail
[4.888s] -- Up-to-date: /mnt/c/Users/minyi/Desktop/ros2_cll/ros2_ws/install/interface/include/interface/interface/msg/detail/dds_fastrtps
[4.925s] -- Up-to-date: /mnt/c/Users/minyi/Desktop/ros2_cll/ros2_ws/install/interface/include/interface/interface/msg/detail/shape__rosidl_typesupport_fastrtps_cpp.hpp
[4.953s] -- Up-to-date: /mnt/c/Users/minyi/Desktop/ros2_cll/ros2_ws/install/interface/include/interface/interface/msg/detail/strokes__rosidl_typesupport_fastrtps_cpp.hpp
[4.979s] -- Up-to-date: /mnt/c/Users/minyi/Desktop/ros2_cll/ros2_ws/install/interface/include/interface/interface/msg/detail/stroke__rosidl_typesupport_fastrtps_cpp.hpp
[5.002s] -- Up-to-date: /mnt/c/Users/minyi/Desktop/ros2_cll/ros2_ws/install/interface/include/interface/interface/msg/rosidl_typesupport_fastrtps_cpp__visibility_control.h
[5.024s] -- Up-to-date: /mnt/c/Users/minyi/Desktop/ros2_cll/ros2_ws/install/interface/lib/libinterface__rosidl_typesupport_fastrtps_cpp.so
[5.042s] -- Up-to-date: /mnt/c/Users/minyi/Desktop/ros2_cll/ros2_ws/install/interface/include/interface/interface
[5.063s] -- Up-to-date: /mnt/c/Users/minyi/Desktop/ros2_cll/ros2_ws/install/interface/include/interface/interface/msg
[5.088s] -- Up-to-date: /mnt/c/Users/minyi/Desktop/ros2_cll/ros2_ws/install/interface/include/interface/interface/msg/detail
[5.124s] -- Up-to-date: /mnt/c/Users/minyi/Desktop/ros2_cll/ros2_ws/install/interface/include/interface/interface/msg/detail/shape__rosidl_typesupport_introspection_cpp.hpp
[5.153s] -- Up-to-date: /mnt/c/Users/minyi/Desktop/ros2_cll/ros2_ws/install/interface/include/interface/interface/msg/detail/shape__type_support.cpp
[5.182s] -- Up-to-date: /mnt/c/Users/minyi/Desktop/ros2_cll/ros2_ws/install/interface/include/interface/interface/msg/detail/strokes__rosidl_typesupport_introspection_cpp.hpp
[5.209s] -- Up-to-date: /mnt/c/Users/minyi/Desktop/ros2_cll/ros2_ws/install/interface/include/interface/interface/msg/detail/strokes__type_support.cpp
[5.237s] -- Up-to-date: /mnt/c/Users/minyi/Desktop/ros2_cll/ros2_ws/install/interface/include/interface/interface/msg/detail/stroke__rosidl_typesupport_introspection_cpp.hpp
[5.266s] -- Up-to-date: /mnt/c/Users/minyi/Desktop/ros2_cll/ros2_ws/install/interface/include/interface/interface/msg/detail/stroke__type_support.cpp
[5.286s] -- Up-to-date: /mnt/c/Users/minyi/Desktop/ros2_cll/ros2_ws/install/interface/lib/libinterface__rosidl_typesupport_introspection_cpp.so
[5.315s] -- Up-to-date: /mnt/c/Users/minyi/Desktop/ros2_cll/ros2_ws/install/interface/lib/libinterface__rosidl_typesupport_cpp.so
[5.343s] -- Up-to-date: /mnt/c/Users/minyi/Desktop/ros2_cll/ros2_ws/install/interface/share/interface/environment/pythonpath.sh
[5.361s] -- Up-to-date: /mnt/c/Users/minyi/Desktop/ros2_cll/ros2_ws/install/interface/share/interface/environment/pythonpath.dsv
[5.371s] -- Up-to-date: /mnt/c/Users/minyi/Desktop/ros2_cll/ros2_ws/install/interface/local/lib/python3.10/dist-packages/interface-0.0.0-py3.10.egg-info
[5.391s] -- Installing: /mnt/c/Users/minyi/Desktop/ros2_cll/ros2_ws/install/interface/local/lib/python3.10/dist-packages/interface-0.0.0-py3.10.egg-info/dependency_links.txt
[5.439s] -- Installing: /mnt/c/Users/minyi/Desktop/ros2_cll/ros2_ws/install/interface/local/lib/python3.10/dist-packages/interface-0.0.0-py3.10.egg-info/PKG-INFO
[5.493s] -- Installing: /mnt/c/Users/minyi/Desktop/ros2_cll/ros2_ws/install/interface/local/lib/python3.10/dist-packages/interface-0.0.0-py3.10.egg-info/SOURCES.txt
[5.544s] -- Installing: /mnt/c/Users/minyi/Desktop/ros2_cll/ros2_ws/install/interface/local/lib/python3.10/dist-packages/interface-0.0.0-py3.10.egg-info/top_level.txt
[5.586s] -- Up-to-date: /mnt/c/Users/minyi/Desktop/ros2_cll/ros2_ws/install/interface/local/lib/python3.10/dist-packages/interface
[5.598s] -- Up-to-date: /mnt/c/Users/minyi/Desktop/ros2_cll/ros2_ws/install/interface/local/lib/python3.10/dist-packages/interface/interface_s__rosidl_typesupport_c.cpython-310-x86_64-linux-gnu.so
[5.608s] -- Up-to-date: /mnt/c/Users/minyi/Desktop/ros2_cll/ros2_ws/install/interface/local/lib/python3.10/dist-packages/interface/interface_s__rosidl_typesupport_fastrtps_c.cpython-310-x86_64-linux-gnu.so
[5.620s] -- Up-to-date: /mnt/c/Users/minyi/Desktop/ros2_cll/ros2_ws/install/interface/local/lib/python3.10/dist-packages/interface/interface_s__rosidl_typesupport_introspection_c.cpython-310-x86_64-linux-gnu.so
[5.632s] -- Up-to-date: /mnt/c/Users/minyi/Desktop/ros2_cll/ros2_ws/install/interface/local/lib/python3.10/dist-packages/interface/libinterface__rosidl_generator_py.so
[5.640s] -- Up-to-date: /mnt/c/Users/minyi/Desktop/ros2_cll/ros2_ws/install/interface/local/lib/python3.10/dist-packages/interface/msg
[5.660s] -- Up-to-date: /mnt/c/Users/minyi/Desktop/ros2_cll/ros2_ws/install/interface/local/lib/python3.10/dist-packages/interface/msg/_shape.py
[5.676s] -- Up-to-date: /mnt/c/Users/minyi/Desktop/ros2_cll/ros2_ws/install/interface/local/lib/python3.10/dist-packages/interface/msg/_shape_s.c
[5.692s] -- Up-to-date: /mnt/c/Users/minyi/Desktop/ros2_cll/ros2_ws/install/interface/local/lib/python3.10/dist-packages/interface/msg/_stroke.py
[5.709s] -- Up-to-date: /mnt/c/Users/minyi/Desktop/ros2_cll/ros2_ws/install/interface/local/lib/python3.10/dist-packages/interface/msg/_strokes.py
[5.725s] -- Up-to-date: /mnt/c/Users/minyi/Desktop/ros2_cll/ros2_ws/install/interface/local/lib/python3.10/dist-packages/interface/msg/_strokes_s.c
[5.743s] -- Up-to-date: /mnt/c/Users/minyi/Desktop/ros2_cll/ros2_ws/install/interface/local/lib/python3.10/dist-packages/interface/msg/_stroke_s.c
[5.759s] -- Up-to-date: /mnt/c/Users/minyi/Desktop/ros2_cll/ros2_ws/install/interface/local/lib/python3.10/dist-packages/interface/msg/__init__.py
[5.771s] -- Up-to-date: /mnt/c/Users/minyi/Desktop/ros2_cll/ros2_ws/install/interface/local/lib/python3.10/dist-packages/interface/_interface_s.ep.rosidl_typesupport_c.c
[5.784s] -- Up-to-date: /mnt/c/Users/minyi/Desktop/ros2_cll/ros2_ws/install/interface/local/lib/python3.10/dist-packages/interface/_interface_s.ep.rosidl_typesupport_fastrtps_c.c
[5.796s] -- Up-to-date: /mnt/c/Users/minyi/Desktop/ros2_cll/ros2_ws/install/interface/local/lib/python3.10/dist-packages/interface/_interface_s.ep.rosidl_typesupport_introspection_c.c
[5.806s] -- Up-to-date: /mnt/c/Users/minyi/Desktop/ros2_cll/ros2_ws/install/interface/local/lib/python3.10/dist-packages/interface/__init__.py
[6.069s] Listing '/mnt/c/Users/minyi/Desktop/ros2_cll/ros2_ws/install/interface/local/lib/python3.10/dist-packages/interface'...
[6.070s] Listing '/mnt/c/Users/minyi/Desktop/ros2_cll/ros2_ws/install/interface/local/lib/python3.10/dist-packages/interface/msg'...
[6.098s] -- Up-to-date: /mnt/c/Users/minyi/Desktop/ros2_cll/ros2_ws/install/interface/local/lib/python3.10/dist-packages/interface/interface_s__rosidl_typesupport_fastrtps_c.cpython-310-x86_64-linux-gnu.so
[6.135s] -- Up-to-date: /mnt/c/Users/minyi/Desktop/ros2_cll/ros2_ws/install/interface/local/lib/python3.10/dist-packages/interface/interface_s__rosidl_typesupport_introspection_c.cpython-310-x86_64-linux-gnu.so
[6.168s] -- Up-to-date: /mnt/c/Users/minyi/Desktop/ros2_cll/ros2_ws/install/interface/local/lib/python3.10/dist-packages/interface/interface_s__rosidl_typesupport_c.cpython-310-x86_64-linux-gnu.so
[6.198s] -- Up-to-date: /mnt/c/Users/minyi/Desktop/ros2_cll/ros2_ws/install/interface/lib/libinterface__rosidl_generator_py.so
[6.231s] -- Up-to-date: /mnt/c/Users/minyi/Desktop/ros2_cll/ros2_ws/install/interface/share/interface/msg/Shape.idl
[6.257s] -- Up-to-date: /mnt/c/Users/minyi/Desktop/ros2_cll/ros2_ws/install/interface/share/interface/msg/Stroke.idl
[6.285s] -- Up-to-date: /mnt/c/Users/minyi/Desktop/ros2_cll/ros2_ws/install/interface/share/interface/msg/Strokes.idl
[6.312s] -- Up-to-date: /mnt/c/Users/minyi/Desktop/ros2_cll/ros2_ws/install/interface/share/interface/msg/Shape.msg
[6.339s] -- Up-to-date: /mnt/c/Users/minyi/Desktop/ros2_cll/ros2_ws/install/interface/share/interface/msg/Stroke.msg
[6.366s] -- Up-to-date: /mnt/c/Users/minyi/Desktop/ros2_cll/ros2_ws/install/interface/share/interface/msg/Strokes.msg
[6.404s] -- Up-to-date: /mnt/c/Users/minyi/Desktop/ros2_cll/ros2_ws/install/interface/share/ament_index/resource_index/package_run_dependencies/interface
[6.442s] -- Up-to-date: /mnt/c/Users/minyi/Desktop/ros2_cll/ros2_ws/install/interface/share/ament_index/resource_index/parent_prefix_path/interface
[6.458s] -- Up-to-date: /mnt/c/Users/minyi/Desktop/ros2_cll/ros2_ws/install/interface/share/interface/environment/ament_prefix_path.sh
[6.480s] -- Up-to-date: /mnt/c/Users/minyi/Desktop/ros2_cll/ros2_ws/install/interface/share/interface/environment/ament_prefix_path.dsv
[6.494s] -- Up-to-date: /mnt/c/Users/minyi/Desktop/ros2_cll/ros2_ws/install/interface/share/interface/environment/path.sh
[6.516s] -- Up-to-date: /mnt/c/Users/minyi/Desktop/ros2_cll/ros2_ws/install/interface/share/interface/environment/path.dsv
[6.534s] -- Up-to-date: /mnt/c/Users/minyi/Desktop/ros2_cll/ros2_ws/install/interface/share/interface/local_setup.bash
[6.552s] -- Up-to-date: /mnt/c/Users/minyi/Desktop/ros2_cll/ros2_ws/install/interface/share/interface/local_setup.sh
[6.569s] -- Up-to-date: /mnt/c/Users/minyi/Desktop/ros2_cll/ros2_ws/install/interface/share/interface/local_setup.zsh
[6.588s] -- Up-to-date: /mnt/c/Users/minyi/Desktop/ros2_cll/ros2_ws/install/interface/share/interface/local_setup.dsv
[6.605s] -- Installing: /mnt/c/Users/minyi/Desktop/ros2_cll/ros2_ws/install/interface/share/interface/package.dsv
[6.678s] -- Up-to-date: /mnt/c/Users/minyi/Desktop/ros2_cll/ros2_ws/install/interface/share/ament_index/resource_index/packages/interface
[6.724s] -- Up-to-date: /mnt/c/Users/minyi/Desktop/ros2_cll/ros2_ws/install/interface/share/interface/cmake/export_interface__rosidl_generator_cExport.cmake
[6.754s] -- Up-to-date: /mnt/c/Users/minyi/Desktop/ros2_cll/ros2_ws/install/interface/share/interface/cmake/export_interface__rosidl_generator_cExport-noconfig.cmake
[6.798s] -- Up-to-date: /mnt/c/Users/minyi/Desktop/ros2_cll/ros2_ws/install/interface/share/interface/cmake/export_interface__rosidl_typesupport_fastrtps_cExport.cmake
[6.828s] -- Up-to-date: /mnt/c/Users/minyi/Desktop/ros2_cll/ros2_ws/install/interface/share/interface/cmake/export_interface__rosidl_typesupport_fastrtps_cExport-noconfig.cmake
[6.872s] -- Up-to-date: /mnt/c/Users/minyi/Desktop/ros2_cll/ros2_ws/install/interface/share/interface/cmake/interface__rosidl_typesupport_introspection_cExport.cmake
[6.901s] -- Up-to-date: /mnt/c/Users/minyi/Desktop/ros2_cll/ros2_ws/install/interface/share/interface/cmake/interface__rosidl_typesupport_introspection_cExport-noconfig.cmake
[6.944s] -- Up-to-date: /mnt/c/Users/minyi/Desktop/ros2_cll/ros2_ws/install/interface/share/interface/cmake/interface__rosidl_typesupport_cExport.cmake
[6.971s] -- Up-to-date: /mnt/c/Users/minyi/Desktop/ros2_cll/ros2_ws/install/interface/share/interface/cmake/interface__rosidl_typesupport_cExport-noconfig.cmake
[7.013s] -- Up-to-date: /mnt/c/Users/minyi/Desktop/ros2_cll/ros2_ws/install/interface/share/interface/cmake/export_interface__rosidl_generator_cppExport.cmake
[7.058s] -- Up-to-date: /mnt/c/Users/minyi/Desktop/ros2_cll/ros2_ws/install/interface/share/interface/cmake/export_interface__rosidl_typesupport_fastrtps_cppExport.cmake
[7.086s] -- Up-to-date: /mnt/c/Users/minyi/Desktop/ros2_cll/ros2_ws/install/interface/share/interface/cmake/export_interface__rosidl_typesupport_fastrtps_cppExport-noconfig.cmake
[7.128s] -- Up-to-date: /mnt/c/Users/minyi/Desktop/ros2_cll/ros2_ws/install/interface/share/interface/cmake/interface__rosidl_typesupport_introspection_cppExport.cmake
[7.158s] -- Up-to-date: /mnt/c/Users/minyi/Desktop/ros2_cll/ros2_ws/install/interface/share/interface/cmake/interface__rosidl_typesupport_introspection_cppExport-noconfig.cmake
[7.203s] -- Up-to-date: /mnt/c/Users/minyi/Desktop/ros2_cll/ros2_ws/install/interface/share/interface/cmake/interface__rosidl_typesupport_cppExport.cmake
[7.236s] -- Up-to-date: /mnt/c/Users/minyi/Desktop/ros2_cll/ros2_ws/install/interface/share/interface/cmake/interface__rosidl_typesupport_cppExport-noconfig.cmake
[7.281s] -- Up-to-date: /mnt/c/Users/minyi/Desktop/ros2_cll/ros2_ws/install/interface/share/interface/cmake/export_interface__rosidl_generator_pyExport.cmake
[7.313s] -- Up-to-date: /mnt/c/Users/minyi/Desktop/ros2_cll/ros2_ws/install/interface/share/interface/cmake/export_interface__rosidl_generator_pyExport-noconfig.cmake
[7.333s] -- Up-to-date: /mnt/c/Users/minyi/Desktop/ros2_cll/ros2_ws/install/interface/share/interface/cmake/rosidl_cmake-extras.cmake
[7.355s] -- Up-to-date: /mnt/c/Users/minyi/Desktop/ros2_cll/ros2_ws/install/interface/share/interface/cmake/ament_cmake_export_include_directories-extras.cmake
[7.376s] -- Up-to-date: /mnt/c/Users/minyi/Desktop/ros2_cll/ros2_ws/install/interface/share/interface/cmake/ament_cmake_export_libraries-extras.cmake
[7.397s] -- Up-to-date: /mnt/c/Users/minyi/Desktop/ros2_cll/ros2_ws/install/interface/share/interface/cmake/ament_cmake_export_targets-extras.cmake
[7.419s] -- Up-to-date: /mnt/c/Users/minyi/Desktop/ros2_cll/ros2_ws/install/interface/share/interface/cmake/rosidl_cmake_export_typesupport_targets-extras.cmake
[7.439s] -- Up-to-date: /mnt/c/Users/minyi/Desktop/ros2_cll/ros2_ws/install/interface/share/interface/cmake/ament_cmake_export_dependencies-extras.cmake
[7.461s] -- Up-to-date: /mnt/c/Users/minyi/Desktop/ros2_cll/ros2_ws/install/interface/share/interface/cmake/rosidl_cmake_export_typesupport_libraries-extras.cmake
[7.482s] -- Up-to-date: /mnt/c/Users/minyi/Desktop/ros2_cll/ros2_ws/install/interface/share/interface/cmake/interfaceConfig.cmake
[7.499s] -- Up-to-date: /mnt/c/Users/minyi/Desktop/ros2_cll/ros2_ws/install/interface/share/interface/cmake/interfaceConfig-version.cmake
[7.520s] -- Up-to-date: /mnt/c/Users/minyi/Desktop/ros2_cll/ros2_ws/install/interface/share/interface/package.xml
[7.536s] Invoked command in '/mnt/c/Users/minyi/Desktop/ros2_cll/ros2_ws/build/interface' returned '0': CMAKE_PREFIX_PATH=${CMAKE_PREFIX_PATH}:/mnt/c/Users/minyi/Desktop/ros2_cll/ros2_ws/install/nao_writing:/opt/ros/humble /usr/bin/cmake --install /mnt/c/Users/minyi/Desktop/ros2_cll/ros2_ws/build/interface
