[2.492s] Invoking command in '/mnt/c/Users/minyi/Desktop/ros2_cll/ros2_ws/src/nao_writing': PYTHONPATH=/mnt/c/Users/minyi/Desktop/ros2_cll/ros2_ws/build/nao_writing/prefix_override:/mnt/c/Users/minyi/Desktop/ros2_cll/ros2_ws/install/nao_writing/lib/python3.10/site-packages:${PYTHONPATH} /usr/bin/python3 setup.py egg_info --egg-base ../../build/nao_writing build --build-base /mnt/c/Users/minyi/Desktop/ros2_cll/ros2_ws/build/nao_writing/build install --record /mnt/c/Users/minyi/Desktop/ros2_cll/ros2_ws/build/nao_writing/install.log --single-version-externally-managed
[3.505s] running egg_info
[3.539s] writing ../../build/nao_writing/nao_writing.egg-info/PKG-INFO
[3.553s] writing dependency_links to ../../build/nao_writing/nao_writing.egg-info/dependency_links.txt
[3.567s] writing entry points to ../../build/nao_writing/nao_writing.egg-info/entry_points.txt
[3.576s] writing requirements to ../../build/nao_writing/nao_writing.egg-info/requires.txt
[3.583s] writing top-level names to ../../build/nao_writing/nao_writing.egg-info/top_level.txt
[3.716s] reading manifest file '../../build/nao_writing/nao_writing.egg-info/SOURCES.txt'
[3.831s] writing manifest file '../../build/nao_writing/nao_writing.egg-info/SOURCES.txt'
[3.837s] running build
[3.838s] running build_py
[3.879s] copying nao_writing/publisher_member_function.py -> /mnt/c/Users/minyi/Desktop/ros2_cll/ros2_ws/build/nao_writing/build/lib/nao_writing
[3.945s] running install
[3.946s] /usr/local/lib/python3.10/dist-packages/setuptools/command/install.py:34: SetuptoolsDeprecationWarning: setup.py install is deprecated. Use build and pip and other standards-based tools.
[3.947s]   warnings.warn(
[3.956s] running install_lib
[4.071s] copying /mnt/c/Users/minyi/Desktop/ros2_cll/ros2_ws/build/nao_writing/build/lib/nao_writing/publisher_member_function.py -> /mnt/c/Users/minyi/Desktop/ros2_cll/ros2_ws/install/nao_writing/lib/python3.10/site-packages/nao_writing
[4.215s] byte-compiling /mnt/c/Users/minyi/Desktop/ros2_cll/ros2_ws/install/nao_writing/lib/python3.10/site-packages/nao_writing/publisher_member_function.py to publisher_member_function.cpython-310.pyc
[4.314s] running install_data
[4.375s] running install_egg_info
[4.412s] removing '/mnt/c/Users/minyi/Desktop/ros2_cll/ros2_ws/install/nao_writing/lib/python3.10/site-packages/nao_writing-0.0.0-py3.10.egg-info' (and everything under it)
[4.513s] Copying ../../build/nao_writing/nao_writing.egg-info to /mnt/c/Users/minyi/Desktop/ros2_cll/ros2_ws/install/nao_writing/lib/python3.10/site-packages/nao_writing-0.0.0-py3.10.egg-info
[4.888s] running install_scripts
[5.237s] Installing listener script to /mnt/c/Users/minyi/Desktop/ros2_cll/ros2_ws/install/nao_writing/lib/nao_writing
[5.254s] Installing talker script to /mnt/c/Users/minyi/Desktop/ros2_cll/ros2_ws/install/nao_writing/lib/nao_writing
[5.274s] writing list of installed files to '/mnt/c/Users/minyi/Desktop/ros2_cll/ros2_ws/build/nao_writing/install.log'
[5.307s] Invoked command in '/mnt/c/Users/minyi/Desktop/ros2_cll/ros2_ws/src/nao_writing' returned '0': PYTHONPATH=/mnt/c/Users/minyi/Desktop/ros2_cll/ros2_ws/build/nao_writing/prefix_override:/mnt/c/Users/minyi/Desktop/ros2_cll/ros2_ws/install/nao_writing/lib/python3.10/site-packages:${PYTHONPATH} /usr/bin/python3 setup.py egg_info --egg-base ../../build/nao_writing build --build-base /mnt/c/Users/minyi/Desktop/ros2_cll/ros2_ws/build/nao_writing/build install --record /mnt/c/Users/minyi/Desktop/ros2_cll/ros2_ws/build/nao_writing/install.log --single-version-externally-managed
