[0.601s] DEBUG:colcon:Command line arguments: ['/usr/bin/colcon', 'build']
[0.602s] DEBUG:colcon:Parsed command line arguments: Namespace(log_base=None, log_level=None, verb_name='build', build_base='build', install_base='install', merge_install=False, symlink_install=False, test_result_base=None, continue_on_error=False, executor='parallel', parallel_workers=16, event_handlers=None, ignore_user_meta=False, metas=['./colcon.meta'], base_paths=['.'], packages_ignore=None, packages_ignore_regex=None, paths=None, packages_up_to=None, packages_up_to_regex=None, packages_above=None, packages_above_and_dependencies=None, packages_above_depth=None, packages_select_by_dep=None, packages_skip_by_dep=None, packages_skip_up_to=None, packages_select_build_failed=False, packages_skip_build_finished=False, packages_select_test_failures=False, packages_skip_test_passed=False, packages_select=None, packages_skip=None, packages_select_regex=None, packages_skip_regex=None, packages_start=None, packages_end=None, allow_overriding=[], cmake_args=None, cmake_target=None, cmake_target_skip_unavailable=False, cmake_clean_cache=False, cmake_clean_first=False, cmake_force_configure=False, ament_cmake_args=None, catkin_cmake_args=None, catkin_skip_building_tests=False, verb_parser=<colcon_defaults.argument_parser.defaults.DefaultArgumentsDecorator object at 0x7f7a91eb3730>, verb_extension=<colcon_core.verb.build.BuildVerb object at 0x7f7a92085240>, main=<bound method BuildVerb.main of <colcon_core.verb.build.BuildVerb object at 0x7f7a92085240>>)
[0.662s] Level 1:colcon.colcon_core.package_discovery:discover_packages(colcon_meta) check parameters
[0.662s] Level 1:colcon.colcon_core.package_discovery:discover_packages(recursive) check parameters
[0.663s] Level 1:colcon.colcon_core.package_discovery:discover_packages(ignore) check parameters
[0.663s] Level 1:colcon.colcon_core.package_discovery:discover_packages(path) check parameters
[0.663s] Level 1:colcon.colcon_core.package_discovery:discover_packages(colcon_meta) discover
[0.663s] Level 1:colcon.colcon_core.package_discovery:discover_packages(recursive) discover
[0.664s] INFO:colcon.colcon_core.package_discovery:Crawling recursively for packages in '/mnt/c/Users/minyi/Desktop/ros2_cll/ros2_ws'
[0.665s] Level 1:colcon.colcon_core.package_identification:_identify(.) by extensions ['ignore', 'ignore_ament_install']
[0.666s] Level 1:colcon.colcon_core.package_identification:_identify(.) by extension 'ignore'
[0.666s] Level 1:colcon.colcon_core.package_identification:_identify(.) by extension 'ignore_ament_install'
[0.667s] Level 1:colcon.colcon_core.package_identification:_identify(.) by extensions ['colcon_pkg']
[0.667s] Level 1:colcon.colcon_core.package_identification:_identify(.) by extension 'colcon_pkg'
[0.668s] Level 1:colcon.colcon_core.package_identification:_identify(.) by extensions ['colcon_meta']
[0.668s] Level 1:colcon.colcon_core.package_identification:_identify(.) by extension 'colcon_meta'
[0.668s] Level 1:colcon.colcon_core.package_identification:_identify(.) by extensions ['ros']
[0.668s] Level 1:colcon.colcon_core.package_identification:_identify(.) by extension 'ros'
[0.688s] Level 1:colcon.colcon_core.package_identification:_identify(.) by extensions ['cmake', 'python']
[0.688s] Level 1:colcon.colcon_core.package_identification:_identify(.) by extension 'cmake'
[0.689s] Level 1:colcon.colcon_core.package_identification:_identify(.) by extension 'python'
[0.689s] Level 1:colcon.colcon_core.package_identification:_identify(.) by extensions ['python_setup_py']
[0.690s] Level 1:colcon.colcon_core.package_identification:_identify(.) by extension 'python_setup_py'
[0.693s] Level 1:colcon.colcon_core.package_identification:_identify(__pycache__) by extensions ['ignore', 'ignore_ament_install']
[0.694s] Level 1:colcon.colcon_core.package_identification:_identify(__pycache__) by extension 'ignore'
[0.694s] Level 1:colcon.colcon_core.package_identification:_identify(__pycache__) by extension 'ignore_ament_install'
[0.696s] Level 1:colcon.colcon_core.package_identification:_identify(__pycache__) by extensions ['colcon_pkg']
[0.696s] Level 1:colcon.colcon_core.package_identification:_identify(__pycache__) by extension 'colcon_pkg'
[0.697s] Level 1:colcon.colcon_core.package_identification:_identify(__pycache__) by extensions ['colcon_meta']
[0.698s] Level 1:colcon.colcon_core.package_identification:_identify(__pycache__) by extension 'colcon_meta'
[0.699s] Level 1:colcon.colcon_core.package_identification:_identify(__pycache__) by extensions ['ros']
[0.699s] Level 1:colcon.colcon_core.package_identification:_identify(__pycache__) by extension 'ros'
[0.703s] Level 1:colcon.colcon_core.package_identification:_identify(__pycache__) by extensions ['cmake', 'python']
[0.703s] Level 1:colcon.colcon_core.package_identification:_identify(__pycache__) by extension 'cmake'
[0.704s] Level 1:colcon.colcon_core.package_identification:_identify(__pycache__) by extension 'python'
[0.705s] Level 1:colcon.colcon_core.package_identification:_identify(__pycache__) by extensions ['python_setup_py']
[0.706s] Level 1:colcon.colcon_core.package_identification:_identify(__pycache__) by extension 'python_setup_py'
[0.710s] Level 1:colcon.colcon_core.package_identification:_identify(build) by extensions ['ignore', 'ignore_ament_install']
[0.710s] Level 1:colcon.colcon_core.package_identification:_identify(build) by extension 'ignore'
[0.711s] Level 1:colcon.colcon_core.package_identification:_identify(build) ignored
[0.713s] Level 1:colcon.colcon_core.package_identification:_identify(install) by extensions ['ignore', 'ignore_ament_install']
[0.714s] Level 1:colcon.colcon_core.package_identification:_identify(install) by extension 'ignore'
[0.715s] Level 1:colcon.colcon_core.package_identification:_identify(install) ignored
[0.720s] Level 1:colcon.colcon_core.package_identification:_identify(log) by extensions ['ignore', 'ignore_ament_install']
[0.720s] Level 1:colcon.colcon_core.package_identification:_identify(log) by extension 'ignore'
[0.721s] Level 1:colcon.colcon_core.package_identification:_identify(log) ignored
[0.724s] Level 1:colcon.colcon_core.package_identification:_identify(src) by extensions ['ignore', 'ignore_ament_install']
[0.724s] Level 1:colcon.colcon_core.package_identification:_identify(src) by extension 'ignore'
[0.726s] Level 1:colcon.colcon_core.package_identification:_identify(src) by extension 'ignore_ament_install'
[0.727s] Level 1:colcon.colcon_core.package_identification:_identify(src) by extensions ['colcon_pkg']
[0.728s] Level 1:colcon.colcon_core.package_identification:_identify(src) by extension 'colcon_pkg'
[0.729s] Level 1:colcon.colcon_core.package_identification:_identify(src) by extensions ['colcon_meta']
[0.729s] Level 1:colcon.colcon_core.package_identification:_identify(src) by extension 'colcon_meta'
[0.730s] Level 1:colcon.colcon_core.package_identification:_identify(src) by extensions ['ros']
[0.730s] Level 1:colcon.colcon_core.package_identification:_identify(src) by extension 'ros'
[0.735s] Level 1:colcon.colcon_core.package_identification:_identify(src) by extensions ['cmake', 'python']
[0.735s] Level 1:colcon.colcon_core.package_identification:_identify(src) by extension 'cmake'
[0.737s] Level 1:colcon.colcon_core.package_identification:_identify(src) by extension 'python'
[0.738s] Level 1:colcon.colcon_core.package_identification:_identify(src) by extensions ['python_setup_py']
[0.738s] Level 1:colcon.colcon_core.package_identification:_identify(src) by extension 'python_setup_py'
[0.744s] Level 1:colcon.colcon_core.package_identification:_identify(src/__pycache__) by extensions ['ignore', 'ignore_ament_install']
[0.744s] Level 1:colcon.colcon_core.package_identification:_identify(src/__pycache__) by extension 'ignore'
[0.746s] Level 1:colcon.colcon_core.package_identification:_identify(src/__pycache__) by extension 'ignore_ament_install'
[0.749s] Level 1:colcon.colcon_core.package_identification:_identify(src/__pycache__) by extensions ['colcon_pkg']
[0.749s] Level 1:colcon.colcon_core.package_identification:_identify(src/__pycache__) by extension 'colcon_pkg'
[0.751s] Level 1:colcon.colcon_core.package_identification:_identify(src/__pycache__) by extensions ['colcon_meta']
[0.751s] Level 1:colcon.colcon_core.package_identification:_identify(src/__pycache__) by extension 'colcon_meta'
[0.753s] Level 1:colcon.colcon_core.package_identification:_identify(src/__pycache__) by extensions ['ros']
[0.754s] Level 1:colcon.colcon_core.package_identification:_identify(src/__pycache__) by extension 'ros'
[0.761s] Level 1:colcon.colcon_core.package_identification:_identify(src/__pycache__) by extensions ['cmake', 'python']
[0.761s] Level 1:colcon.colcon_core.package_identification:_identify(src/__pycache__) by extension 'cmake'
[0.763s] Level 1:colcon.colcon_core.package_identification:_identify(src/__pycache__) by extension 'python'
[0.764s] Level 1:colcon.colcon_core.package_identification:_identify(src/__pycache__) by extensions ['python_setup_py']
[0.765s] Level 1:colcon.colcon_core.package_identification:_identify(src/__pycache__) by extension 'python_setup_py'
[0.771s] Level 1:colcon.colcon_core.package_identification:_identify(src/interface) by extensions ['ignore', 'ignore_ament_install']
[0.772s] Level 1:colcon.colcon_core.package_identification:_identify(src/interface) by extension 'ignore'
[0.774s] Level 1:colcon.colcon_core.package_identification:_identify(src/interface) by extension 'ignore_ament_install'
[0.776s] Level 1:colcon.colcon_core.package_identification:_identify(src/interface) by extensions ['colcon_pkg']
[0.777s] Level 1:colcon.colcon_core.package_identification:_identify(src/interface) by extension 'colcon_pkg'
[0.778s] Level 1:colcon.colcon_core.package_identification:_identify(src/interface) by extensions ['colcon_meta']
[0.778s] Level 1:colcon.colcon_core.package_identification:_identify(src/interface) by extension 'colcon_meta'
[0.781s] Level 1:colcon.colcon_core.package_identification:_identify(src/interface) by extensions ['ros']
[0.781s] Level 1:colcon.colcon_core.package_identification:_identify(src/interface) by extension 'ros'
[0.800s] DEBUG:colcon.colcon_core.package_identification:Package 'src/interface' with type 'ros.ament_cmake' and name 'interface'
[0.805s] Level 1:colcon.colcon_core.package_identification:_identify(src/nao_writing) by extensions ['ignore', 'ignore_ament_install']
[0.805s] Level 1:colcon.colcon_core.package_identification:_identify(src/nao_writing) by extension 'ignore'
[0.807s] Level 1:colcon.colcon_core.package_identification:_identify(src/nao_writing) by extension 'ignore_ament_install'
[0.810s] Level 1:colcon.colcon_core.package_identification:_identify(src/nao_writing) by extensions ['colcon_pkg']
[0.811s] Level 1:colcon.colcon_core.package_identification:_identify(src/nao_writing) by extension 'colcon_pkg'
[0.812s] Level 1:colcon.colcon_core.package_identification:_identify(src/nao_writing) by extensions ['colcon_meta']
[0.812s] Level 1:colcon.colcon_core.package_identification:_identify(src/nao_writing) by extension 'colcon_meta'
[0.815s] Level 1:colcon.colcon_core.package_identification:_identify(src/nao_writing) by extensions ['ros']
[0.815s] Level 1:colcon.colcon_core.package_identification:_identify(src/nao_writing) by extension 'ros'
[0.833s] DEBUG:colcon.colcon_core.package_identification:Package 'src/nao_writing' with type 'ros.ament_python' and name 'nao_writing'
[0.833s] Level 1:colcon.colcon_core.package_discovery:discover_packages(recursive) using defaults
[0.833s] Level 1:colcon.colcon_core.package_discovery:discover_packages(ignore) discover
[0.834s] Level 1:colcon.colcon_core.package_discovery:discover_packages(ignore) using defaults
[0.834s] Level 1:colcon.colcon_core.package_discovery:discover_packages(path) discover
[0.834s] Level 1:colcon.colcon_core.package_discovery:discover_packages(path) using defaults
[0.908s] Level 1:colcon.colcon_core.package_discovery:discover_packages(prefix_path) check parameters
[0.908s] Level 1:colcon.colcon_core.package_discovery:discover_packages(prefix_path) discover
[0.946s] DEBUG:colcon.colcon_installed_package_information.package_discovery:Found 2 installed packages in /mnt/c/Users/minyi/Desktop/ros2_cll/ros2_ws/install
[0.948s] DEBUG:colcon.colcon_installed_package_information.package_discovery:Found 270 installed packages in /opt/ros/humble
[0.949s] Level 1:colcon.colcon_core.package_discovery:discover_packages(prefix_path) using defaults
[1.019s] Level 5:colcon.colcon_core.verb:set package 'interface' build argument 'cmake_args' from command line to 'None'
[1.019s] Level 5:colcon.colcon_core.verb:set package 'interface' build argument 'cmake_target' from command line to 'None'
[1.019s] Level 5:colcon.colcon_core.verb:set package 'interface' build argument 'cmake_target_skip_unavailable' from command line to 'False'
[1.020s] Level 5:colcon.colcon_core.verb:set package 'interface' build argument 'cmake_clean_cache' from command line to 'False'
[1.020s] Level 5:colcon.colcon_core.verb:set package 'interface' build argument 'cmake_clean_first' from command line to 'False'
[1.020s] Level 5:colcon.colcon_core.verb:set package 'interface' build argument 'cmake_force_configure' from command line to 'False'
[1.020s] Level 5:colcon.colcon_core.verb:set package 'interface' build argument 'ament_cmake_args' from command line to 'None'
[1.021s] Level 5:colcon.colcon_core.verb:set package 'interface' build argument 'catkin_cmake_args' from command line to 'None'
[1.021s] Level 5:colcon.colcon_core.verb:set package 'interface' build argument 'catkin_skip_building_tests' from command line to 'False'
[1.021s] DEBUG:colcon.colcon_core.verb:Building package 'interface' with the following arguments: {'ament_cmake_args': None, 'build_base': '/mnt/c/Users/minyi/Desktop/ros2_cll/ros2_ws/build/interface', 'catkin_cmake_args': None, 'catkin_skip_building_tests': False, 'cmake_args': None, 'cmake_clean_cache': False, 'cmake_clean_first': False, 'cmake_force_configure': False, 'cmake_target': None, 'cmake_target_skip_unavailable': False, 'install_base': '/mnt/c/Users/minyi/Desktop/ros2_cll/ros2_ws/install/interface', 'merge_install': False, 'path': '/mnt/c/Users/minyi/Desktop/ros2_cll/ros2_ws/src/interface', 'symlink_install': False, 'test_result_base': None}
[1.022s] Level 5:colcon.colcon_core.verb:set package 'nao_writing' build argument 'cmake_args' from command line to 'None'
[1.023s] Level 5:colcon.colcon_core.verb:set package 'nao_writing' build argument 'cmake_target' from command line to 'None'
[1.023s] Level 5:colcon.colcon_core.verb:set package 'nao_writing' build argument 'cmake_target_skip_unavailable' from command line to 'False'
[1.023s] Level 5:colcon.colcon_core.verb:set package 'nao_writing' build argument 'cmake_clean_cache' from command line to 'False'
[1.023s] Level 5:colcon.colcon_core.verb:set package 'nao_writing' build argument 'cmake_clean_first' from command line to 'False'
[1.023s] Level 5:colcon.colcon_core.verb:set package 'nao_writing' build argument 'cmake_force_configure' from command line to 'False'
[1.024s] Level 5:colcon.colcon_core.verb:set package 'nao_writing' build argument 'ament_cmake_args' from command line to 'None'
[1.024s] Level 5:colcon.colcon_core.verb:set package 'nao_writing' build argument 'catkin_cmake_args' from command line to 'None'
[1.024s] Level 5:colcon.colcon_core.verb:set package 'nao_writing' build argument 'catkin_skip_building_tests' from command line to 'False'
[1.024s] DEBUG:colcon.colcon_core.verb:Building package 'nao_writing' with the following arguments: {'ament_cmake_args': None, 'build_base': '/mnt/c/Users/minyi/Desktop/ros2_cll/ros2_ws/build/nao_writing', 'catkin_cmake_args': None, 'catkin_skip_building_tests': False, 'cmake_args': None, 'cmake_clean_cache': False, 'cmake_clean_first': False, 'cmake_force_configure': False, 'cmake_target': None, 'cmake_target_skip_unavailable': False, 'install_base': '/mnt/c/Users/minyi/Desktop/ros2_cll/ros2_ws/install/nao_writing', 'merge_install': False, 'path': '/mnt/c/Users/minyi/Desktop/ros2_cll/ros2_ws/src/nao_writing', 'symlink_install': False, 'test_result_base': None}
[1.025s] INFO:colcon.colcon_core.executor:Executing jobs using 'parallel' executor
[1.028s] DEBUG:colcon.colcon_parallel_executor.executor.parallel:run_until_complete
[1.029s] INFO:colcon.colcon_ros.task.ament_cmake.build:Building ROS package in '/mnt/c/Users/minyi/Desktop/ros2_cll/ros2_ws/src/interface' with build type 'ament_cmake'
[1.029s] INFO:colcon.colcon_cmake.task.cmake.build:Building CMake package in '/mnt/c/Users/minyi/Desktop/ros2_cll/ros2_ws/src/interface'
[1.038s] INFO:colcon.colcon_core.plugin_system:Skipping extension 'colcon_core.shell.bat': Not used on non-Windows systems
[1.039s] INFO:colcon.colcon_core.shell:Skip shell extension 'powershell' for command environment: Not usable outside of PowerShell
[1.039s] DEBUG:colcon.colcon_core.shell:Skip shell extension 'dsv' for command environment
[1.155s] DEBUG:colcon.colcon_core.event_handler.log_command:Invoking command in '/mnt/c/Users/minyi/Desktop/ros2_cll/ros2_ws/build/interface': CMAKE_PREFIX_PATH=${CMAKE_PREFIX_PATH}:/mnt/c/Users/minyi/Desktop/ros2_cll/ros2_ws/install/nao_writing:/opt/ros/humble /usr/bin/cmake --build /mnt/c/Users/minyi/Desktop/ros2_cll/ros2_ws/build/interface -- -j16 -l16
[3.602s] DEBUG:colcon.colcon_core.event_handler.log_command:Invoked command in '/mnt/c/Users/minyi/Desktop/ros2_cll/ros2_ws/build/interface' returned '0': CMAKE_PREFIX_PATH=${CMAKE_PREFIX_PATH}:/mnt/c/Users/minyi/Desktop/ros2_cll/ros2_ws/install/nao_writing:/opt/ros/humble /usr/bin/cmake --build /mnt/c/Users/minyi/Desktop/ros2_cll/ros2_ws/build/interface -- -j16 -l16
[4.204s] DEBUG:colcon.colcon_core.event_handler.log_command:Invoking command in '/mnt/c/Users/minyi/Desktop/ros2_cll/ros2_ws/build/interface': CMAKE_PREFIX_PATH=${CMAKE_PREFIX_PATH}:/mnt/c/Users/minyi/Desktop/ros2_cll/ros2_ws/install/nao_writing:/opt/ros/humble /usr/bin/cmake --install /mnt/c/Users/minyi/Desktop/ros2_cll/ros2_ws/build/interface
[8.642s] Level 1:colcon.colcon_core.environment:create_environment_scripts_only(interface)
[8.644s] DEBUG:colcon.colcon_core.event_handler.log_command:Invoked command in '/mnt/c/Users/minyi/Desktop/ros2_cll/ros2_ws/build/interface' returned '0': CMAKE_PREFIX_PATH=${CMAKE_PREFIX_PATH}:/mnt/c/Users/minyi/Desktop/ros2_cll/ros2_ws/install/nao_writing:/opt/ros/humble /usr/bin/cmake --install /mnt/c/Users/minyi/Desktop/ros2_cll/ros2_ws/build/interface
[8.654s] Level 1:colcon.colcon_core.environment:checking '/mnt/c/Users/minyi/Desktop/ros2_cll/ros2_ws/install/interface' for CMake module files
[8.835s] Level 1:colcon.colcon_core.environment:checking '/mnt/c/Users/minyi/Desktop/ros2_cll/ros2_ws/install/interface' for CMake config files
[8.958s] Level 1:colcon.colcon_core.shell:create_environment_hook('interface', 'cmake_prefix_path')
[8.959s] INFO:colcon.colcon_core.shell:Creating environment hook '/mnt/c/Users/minyi/Desktop/ros2_cll/ros2_ws/install/interface/share/interface/hook/cmake_prefix_path.ps1'
[8.972s] INFO:colcon.colcon_core.shell:Creating environment descriptor '/mnt/c/Users/minyi/Desktop/ros2_cll/ros2_ws/install/interface/share/interface/hook/cmake_prefix_path.dsv'
[8.985s] INFO:colcon.colcon_core.shell:Creating environment hook '/mnt/c/Users/minyi/Desktop/ros2_cll/ros2_ws/install/interface/share/interface/hook/cmake_prefix_path.sh'
[9.000s] Level 1:colcon.colcon_core.environment:checking '/mnt/c/Users/minyi/Desktop/ros2_cll/ros2_ws/install/interface/lib'
[9.003s] Level 1:colcon.colcon_core.shell:create_environment_hook('interface', 'ld_library_path_lib')
[9.005s] INFO:colcon.colcon_core.shell:Creating environment hook '/mnt/c/Users/minyi/Desktop/ros2_cll/ros2_ws/install/interface/share/interface/hook/ld_library_path_lib.ps1'
[9.019s] INFO:colcon.colcon_core.shell:Creating environment descriptor '/mnt/c/Users/minyi/Desktop/ros2_cll/ros2_ws/install/interface/share/interface/hook/ld_library_path_lib.dsv'
[9.032s] INFO:colcon.colcon_core.shell:Creating environment hook '/mnt/c/Users/minyi/Desktop/ros2_cll/ros2_ws/install/interface/share/interface/hook/ld_library_path_lib.sh'
[9.045s] Level 1:colcon.colcon_core.environment:checking '/mnt/c/Users/minyi/Desktop/ros2_cll/ros2_ws/install/interface/bin'
[9.045s] Level 1:colcon.colcon_core.environment:checking '/mnt/c/Users/minyi/Desktop/ros2_cll/ros2_ws/install/interface/lib/pkgconfig/interface.pc'
[9.046s] Level 1:colcon.colcon_core.environment:checking '/mnt/c/Users/minyi/Desktop/ros2_cll/ros2_ws/install/interface/lib/python3.10/site-packages'
[9.047s] Level 1:colcon.colcon_core.environment:checking '/mnt/c/Users/minyi/Desktop/ros2_cll/ros2_ws/install/interface/bin'
[9.048s] INFO:colcon.colcon_core.shell:Creating package script '/mnt/c/Users/minyi/Desktop/ros2_cll/ros2_ws/install/interface/share/interface/package.ps1'
[9.059s] INFO:colcon.colcon_core.shell:Creating package descriptor '/mnt/c/Users/minyi/Desktop/ros2_cll/ros2_ws/install/interface/share/interface/package.dsv'
[9.069s] INFO:colcon.colcon_core.shell:Creating package script '/mnt/c/Users/minyi/Desktop/ros2_cll/ros2_ws/install/interface/share/interface/package.sh'
[9.081s] INFO:colcon.colcon_core.shell:Creating package script '/mnt/c/Users/minyi/Desktop/ros2_cll/ros2_ws/install/interface/share/interface/package.bash'
[9.092s] INFO:colcon.colcon_core.shell:Creating package script '/mnt/c/Users/minyi/Desktop/ros2_cll/ros2_ws/install/interface/share/interface/package.zsh'
[9.102s] Level 1:colcon.colcon_core.environment:create_file_with_runtime_dependencies(/mnt/c/Users/minyi/Desktop/ros2_cll/ros2_ws/install/interface/share/colcon-core/packages/interface)
[9.714s] Level 1:colcon.colcon_core.environment:create_environment_scripts_only(interface)
[9.716s] Level 1:colcon.colcon_core.environment:checking '/mnt/c/Users/minyi/Desktop/ros2_cll/ros2_ws/install/interface' for CMake module files
[9.874s] Level 1:colcon.colcon_core.environment:checking '/mnt/c/Users/minyi/Desktop/ros2_cll/ros2_ws/install/interface' for CMake config files
[9.996s] Level 1:colcon.colcon_core.shell:create_environment_hook('interface', 'cmake_prefix_path')
[9.997s] INFO:colcon.colcon_core.shell:Creating environment hook '/mnt/c/Users/minyi/Desktop/ros2_cll/ros2_ws/install/interface/share/interface/hook/cmake_prefix_path.ps1'
[10.011s] INFO:colcon.colcon_core.shell:Creating environment descriptor '/mnt/c/Users/minyi/Desktop/ros2_cll/ros2_ws/install/interface/share/interface/hook/cmake_prefix_path.dsv'
[10.024s] INFO:colcon.colcon_core.shell:Creating environment hook '/mnt/c/Users/minyi/Desktop/ros2_cll/ros2_ws/install/interface/share/interface/hook/cmake_prefix_path.sh'
[10.039s] Level 1:colcon.colcon_core.environment:checking '/mnt/c/Users/minyi/Desktop/ros2_cll/ros2_ws/install/interface/lib'
[10.041s] Level 1:colcon.colcon_core.shell:create_environment_hook('interface', 'ld_library_path_lib')
[10.042s] INFO:colcon.colcon_core.shell:Creating environment hook '/mnt/c/Users/minyi/Desktop/ros2_cll/ros2_ws/install/interface/share/interface/hook/ld_library_path_lib.ps1'
[10.055s] INFO:colcon.colcon_core.shell:Creating environment descriptor '/mnt/c/Users/minyi/Desktop/ros2_cll/ros2_ws/install/interface/share/interface/hook/ld_library_path_lib.dsv'
[10.068s] INFO:colcon.colcon_core.shell:Creating environment hook '/mnt/c/Users/minyi/Desktop/ros2_cll/ros2_ws/install/interface/share/interface/hook/ld_library_path_lib.sh'
[10.080s] Level 1:colcon.colcon_core.environment:checking '/mnt/c/Users/minyi/Desktop/ros2_cll/ros2_ws/install/interface/bin'
[10.081s] Level 1:colcon.colcon_core.environment:checking '/mnt/c/Users/minyi/Desktop/ros2_cll/ros2_ws/install/interface/lib/pkgconfig/interface.pc'
[10.081s] Level 1:colcon.colcon_core.environment:checking '/mnt/c/Users/minyi/Desktop/ros2_cll/ros2_ws/install/interface/lib/python3.10/site-packages'
[10.082s] Level 1:colcon.colcon_core.environment:checking '/mnt/c/Users/minyi/Desktop/ros2_cll/ros2_ws/install/interface/bin'
[10.084s] INFO:colcon.colcon_core.shell:Creating package script '/mnt/c/Users/minyi/Desktop/ros2_cll/ros2_ws/install/interface/share/interface/package.ps1'
[10.093s] INFO:colcon.colcon_core.shell:Creating package descriptor '/mnt/c/Users/minyi/Desktop/ros2_cll/ros2_ws/install/interface/share/interface/package.dsv'
[10.103s] INFO:colcon.colcon_core.shell:Creating package script '/mnt/c/Users/minyi/Desktop/ros2_cll/ros2_ws/install/interface/share/interface/package.sh'
[10.112s] INFO:colcon.colcon_core.shell:Creating package script '/mnt/c/Users/minyi/Desktop/ros2_cll/ros2_ws/install/interface/share/interface/package.bash'
[10.121s] INFO:colcon.colcon_core.shell:Creating package script '/mnt/c/Users/minyi/Desktop/ros2_cll/ros2_ws/install/interface/share/interface/package.zsh'
[10.130s] Level 1:colcon.colcon_core.environment:create_file_with_runtime_dependencies(/mnt/c/Users/minyi/Desktop/ros2_cll/ros2_ws/install/interface/share/colcon-core/packages/interface)
[10.138s] INFO:colcon.colcon_ros.task.ament_python.build:Building ROS package in '/mnt/c/Users/minyi/Desktop/ros2_cll/ros2_ws/src/nao_writing' with build type 'ament_python'
[10.139s] Level 1:colcon.colcon_core.shell:create_environment_hook('nao_writing', 'ament_prefix_path')
[10.140s] INFO:colcon.colcon_core.shell:Creating environment hook '/mnt/c/Users/minyi/Desktop/ros2_cll/ros2_ws/install/nao_writing/share/nao_writing/hook/ament_prefix_path.ps1'
[10.158s] INFO:colcon.colcon_core.shell:Creating environment descriptor '/mnt/c/Users/minyi/Desktop/ros2_cll/ros2_ws/install/nao_writing/share/nao_writing/hook/ament_prefix_path.dsv'
[10.174s] INFO:colcon.colcon_core.shell:Creating environment hook '/mnt/c/Users/minyi/Desktop/ros2_cll/ros2_ws/install/nao_writing/share/nao_writing/hook/ament_prefix_path.sh'
[10.191s] INFO:colcon.colcon_core.shell:Skip shell extension 'powershell' for command environment: Not usable outside of PowerShell
[10.191s] DEBUG:colcon.colcon_core.shell:Skip shell extension 'dsv' for command environment
[10.906s] INFO:colcon.colcon_core.task.python.build:Building Python package in '/mnt/c/Users/minyi/Desktop/ros2_cll/ros2_ws/src/nao_writing'
[10.908s] INFO:colcon.colcon_core.shell:Skip shell extension 'powershell' for command environment: Not usable outside of PowerShell
[10.908s] DEBUG:colcon.colcon_core.shell:Skip shell extension 'dsv' for command environment
[12.449s] DEBUG:colcon.colcon_core.event_handler.log_command:Invoking command in '/mnt/c/Users/minyi/Desktop/ros2_cll/ros2_ws/src/nao_writing': PYTHONPATH=/mnt/c/Users/minyi/Desktop/ros2_cll/ros2_ws/build/nao_writing/prefix_override:/mnt/c/Users/minyi/Desktop/ros2_cll/ros2_ws/install/nao_writing/lib/python3.10/site-packages:${PYTHONPATH} /usr/bin/python3 setup.py egg_info --egg-base ../../build/nao_writing build --build-base /mnt/c/Users/minyi/Desktop/ros2_cll/ros2_ws/build/nao_writing/build install --record /mnt/c/Users/minyi/Desktop/ros2_cll/ros2_ws/build/nao_writing/install.log --single-version-externally-managed
[14.902s] Level 1:colcon.colcon_core.environment:checking '/mnt/c/Users/minyi/Desktop/ros2_cll/ros2_ws/install/nao_writing' for CMake module files
[14.903s] DEBUG:colcon.colcon_core.event_handler.log_command:Invoked command in '/mnt/c/Users/minyi/Desktop/ros2_cll/ros2_ws/src/nao_writing' returned '0': PYTHONPATH=/mnt/c/Users/minyi/Desktop/ros2_cll/ros2_ws/build/nao_writing/prefix_override:/mnt/c/Users/minyi/Desktop/ros2_cll/ros2_ws/install/nao_writing/lib/python3.10/site-packages:${PYTHONPATH} /usr/bin/python3 setup.py egg_info --egg-base ../../build/nao_writing build --build-base /mnt/c/Users/minyi/Desktop/ros2_cll/ros2_ws/build/nao_writing/build install --record /mnt/c/Users/minyi/Desktop/ros2_cll/ros2_ws/build/nao_writing/install.log --single-version-externally-managed
[14.959s] Level 1:colcon.colcon_core.environment:checking '/mnt/c/Users/minyi/Desktop/ros2_cll/ros2_ws/install/nao_writing' for CMake config files
[15.056s] Level 1:colcon.colcon_core.environment:checking '/mnt/c/Users/minyi/Desktop/ros2_cll/ros2_ws/install/nao_writing/lib'
[15.060s] Level 1:colcon.colcon_core.environment:checking '/mnt/c/Users/minyi/Desktop/ros2_cll/ros2_ws/install/nao_writing/bin'
[15.061s] Level 1:colcon.colcon_core.environment:checking '/mnt/c/Users/minyi/Desktop/ros2_cll/ros2_ws/install/nao_writing/lib/pkgconfig/nao_writing.pc'
[15.063s] Level 1:colcon.colcon_core.environment:checking '/mnt/c/Users/minyi/Desktop/ros2_cll/ros2_ws/install/nao_writing/lib/python3.10/site-packages'
[15.066s] Level 1:colcon.colcon_core.shell:create_environment_hook('nao_writing', 'pythonpath')
[15.067s] INFO:colcon.colcon_core.shell:Creating environment hook '/mnt/c/Users/minyi/Desktop/ros2_cll/ros2_ws/install/nao_writing/share/nao_writing/hook/pythonpath.ps1'
[15.082s] INFO:colcon.colcon_core.shell:Creating environment descriptor '/mnt/c/Users/minyi/Desktop/ros2_cll/ros2_ws/install/nao_writing/share/nao_writing/hook/pythonpath.dsv'
[15.098s] INFO:colcon.colcon_core.shell:Creating environment hook '/mnt/c/Users/minyi/Desktop/ros2_cll/ros2_ws/install/nao_writing/share/nao_writing/hook/pythonpath.sh'
[15.113s] Level 1:colcon.colcon_core.environment:checking '/mnt/c/Users/minyi/Desktop/ros2_cll/ros2_ws/install/nao_writing/bin'
[15.114s] Level 1:colcon.colcon_core.environment:create_environment_scripts_only(nao_writing)
[15.115s] INFO:colcon.colcon_core.shell:Creating package script '/mnt/c/Users/minyi/Desktop/ros2_cll/ros2_ws/install/nao_writing/share/nao_writing/package.ps1'
[15.127s] INFO:colcon.colcon_core.shell:Creating package descriptor '/mnt/c/Users/minyi/Desktop/ros2_cll/ros2_ws/install/nao_writing/share/nao_writing/package.dsv'
[15.139s] INFO:colcon.colcon_core.shell:Creating package script '/mnt/c/Users/minyi/Desktop/ros2_cll/ros2_ws/install/nao_writing/share/nao_writing/package.sh'
[15.152s] INFO:colcon.colcon_core.shell:Creating package script '/mnt/c/Users/minyi/Desktop/ros2_cll/ros2_ws/install/nao_writing/share/nao_writing/package.bash'
[15.164s] INFO:colcon.colcon_core.shell:Creating package script '/mnt/c/Users/minyi/Desktop/ros2_cll/ros2_ws/install/nao_writing/share/nao_writing/package.zsh'
[15.176s] Level 1:colcon.colcon_core.environment:create_file_with_runtime_dependencies(/mnt/c/Users/minyi/Desktop/ros2_cll/ros2_ws/install/nao_writing/share/colcon-core/packages/nao_writing)
[15.186s] DEBUG:colcon.colcon_parallel_executor.executor.parallel:closing loop
[15.186s] DEBUG:colcon.colcon_parallel_executor.executor.parallel:loop closed
[15.187s] DEBUG:colcon.colcon_parallel_executor.executor.parallel:run_until_complete finished with '0'
[15.187s] DEBUG:colcon.colcon_core.event_reactor:joining thread
[15.262s] INFO:colcon.colcon_core.plugin_system:Skipping extension 'colcon_notification.desktop_notification.notify_send': Could not find 'notify-send'
[15.262s] INFO:colcon.colcon_core.plugin_system:Skipping extension 'colcon_notification.desktop_notification.terminal_notifier': Not used on non-Darwin systems
[15.263s] INFO:colcon.colcon_core.plugin_system:Skipping extension 'colcon_notification.desktop_notification.win32': Not used on non-Windows systems
[15.263s] INFO:colcon.colcon_notification.desktop_notification:Sending desktop notification using 'notify2'
[15.274s] DEBUG:colcon.colcon_notification.desktop_notification.notify2:Failed to initialize notify2: org.freedesktop.DBus.Error.ServiceUnknown: The name org.freedesktop.Notifications was not provided by any .service files
[15.275s] DEBUG:colcon.colcon_core.event_reactor:joined thread
[15.276s] INFO:colcon.colcon_core.shell:Creating prefix script '/mnt/c/Users/minyi/Desktop/ros2_cll/ros2_ws/install/local_setup.ps1'
[15.281s] INFO:colcon.colcon_core.shell:Creating prefix util module '/mnt/c/Users/minyi/Desktop/ros2_cll/ros2_ws/install/_local_setup_util_ps1.py'
[15.287s] INFO:colcon.colcon_core.shell:Creating prefix chain script '/mnt/c/Users/minyi/Desktop/ros2_cll/ros2_ws/install/setup.ps1'
[15.304s] INFO:colcon.colcon_core.shell:Creating prefix script '/mnt/c/Users/minyi/Desktop/ros2_cll/ros2_ws/install/local_setup.sh'
[15.308s] INFO:colcon.colcon_core.shell:Creating prefix util module '/mnt/c/Users/minyi/Desktop/ros2_cll/ros2_ws/install/_local_setup_util_sh.py'
[15.312s] INFO:colcon.colcon_core.shell:Creating prefix chain script '/mnt/c/Users/minyi/Desktop/ros2_cll/ros2_ws/install/setup.sh'
[15.329s] INFO:colcon.colcon_core.shell:Creating prefix script '/mnt/c/Users/minyi/Desktop/ros2_cll/ros2_ws/install/local_setup.bash'
[15.334s] INFO:colcon.colcon_core.shell:Creating prefix chain script '/mnt/c/Users/minyi/Desktop/ros2_cll/ros2_ws/install/setup.bash'
[15.350s] INFO:colcon.colcon_core.shell:Creating prefix script '/mnt/c/Users/minyi/Desktop/ros2_cll/ros2_ws/install/local_setup.zsh'
[15.355s] INFO:colcon.colcon_core.shell:Creating prefix chain script '/mnt/c/Users/minyi/Desktop/ros2_cll/ros2_ws/install/setup.zsh'
