[2.421s] Invoking command in '/mnt/c/Users/minyi/Desktop/ros2_cll/ros2_ws/src/nao_writing': PYTHONPATH=/mnt/c/Users/minyi/Desktop/ros2_cll/ros2_ws/build/nao_writing/prefix_override:/mnt/c/Users/minyi/Desktop/ros2_cll/ros2_ws/install/nao_writing/lib/python3.10/site-packages:${PYTHONPATH} /usr/bin/python3 setup.py egg_info --egg-base ../../build/nao_writing build --build-base /mnt/c/Users/minyi/Desktop/ros2_cll/ros2_ws/build/nao_writing/build install --record /mnt/c/Users/minyi/Desktop/ros2_cll/ros2_ws/build/nao_writing/install.log --single-version-externally-managed
[3.221s] running egg_info
[3.250s] writing ../../build/nao_writing/nao_writing.egg-info/PKG-INFO
[3.260s] writing dependency_links to ../../build/nao_writing/nao_writing.egg-info/dependency_links.txt
[3.269s] writing entry points to ../../build/nao_writing/nao_writing.egg-info/entry_points.txt
[3.276s] writing requirements to ../../build/nao_writing/nao_writing.egg-info/requires.txt
[3.280s] writing top-level names to ../../build/nao_writing/nao_writing.egg-info/top_level.txt
[3.369s] reading manifest file '../../build/nao_writing/nao_writing.egg-info/SOURCES.txt'
[3.454s] writing manifest file '../../build/nao_writing/nao_writing.egg-info/SOURCES.txt'
[3.458s] running build
[3.459s] running build_py
[3.479s] copying nao_writing/input_interpreter.py -> /mnt/c/Users/minyi/Desktop/ros2_cll/ros2_ws/build/nao_writing/build/lib/nao_writing
[3.549s] running install
[3.550s] /usr/local/lib/python3.10/dist-packages/setuptools/command/install.py:34: SetuptoolsDeprecationWarning: setup.py install is deprecated. Use build and pip and other standards-based tools.
[3.551s]   warnings.warn(
[3.559s] running install_lib
[3.625s] copying /mnt/c/Users/minyi/Desktop/ros2_cll/ros2_ws/build/nao_writing/build/lib/nao_writing/input_interpreter.py -> /mnt/c/Users/minyi/Desktop/ros2_cll/ros2_ws/install/nao_writing/lib/python3.10/site-packages/nao_writing
[3.793s] byte-compiling /mnt/c/Users/minyi/Desktop/ros2_cll/ros2_ws/install/nao_writing/lib/python3.10/site-packages/nao_writing/input_interpreter.py to input_interpreter.cpython-310.pyc
[3.912s] running install_data
[3.969s] running install_egg_info
[4.006s] removing '/mnt/c/Users/minyi/Desktop/ros2_cll/ros2_ws/install/nao_writing/lib/python3.10/site-packages/nao_writing-0.0.0-py3.10.egg-info' (and everything under it)
[4.078s] Copying ../../build/nao_writing/nao_writing.egg-info to /mnt/c/Users/minyi/Desktop/ros2_cll/ros2_ws/install/nao_writing/lib/python3.10/site-packages/nao_writing-0.0.0-py3.10.egg-info
[4.389s] running install_scripts
[4.752s] Installing input_interpreter script to /mnt/c/Users/minyi/Desktop/ros2_cll/ros2_ws/install/nao_writing/lib/nao_writing
[4.763s] Installing learning_word script to /mnt/c/Users/minyi/Desktop/ros2_cll/ros2_ws/install/nao_writing/lib/nao_writing
[4.779s] writing list of installed files to '/mnt/c/Users/minyi/Desktop/ros2_cll/ros2_ws/build/nao_writing/install.log'
[4.814s] Invoked command in '/mnt/c/Users/minyi/Desktop/ros2_cll/ros2_ws/src/nao_writing' returned '0': PYTHONPATH=/mnt/c/Users/minyi/Desktop/ros2_cll/ros2_ws/build/nao_writing/prefix_override:/mnt/c/Users/minyi/Desktop/ros2_cll/ros2_ws/install/nao_writing/lib/python3.10/site-packages:${PYTHONPATH} /usr/bin/python3 setup.py egg_info --egg-base ../../build/nao_writing build --build-base /mnt/c/Users/minyi/Desktop/ros2_cll/ros2_ws/build/nao_writing/build install --record /mnt/c/Users/minyi/Desktop/ros2_cll/ros2_ws/build/nao_writing/install.log --single-version-externally-managed
