[0.122s] Invoking command in '/mnt/c/Users/minyi/Desktop/ros2_cll/ros2_ws/build/interface': CMAKE_PREFIX_PATH=${CMAKE_PREFIX_PATH}:/mnt/c/Users/minyi/Desktop/ros2_cll/ros2_ws/install/nao_writing:/opt/ros/humble /usr/bin/cmake --build /mnt/c/Users/minyi/Desktop/ros2_cll/ros2_ws/build/interface -- -j16 -l16
[0.571s] [  2%] Built target interface__cpp
[0.860s] [ 12%] Built target interface__rosidl_generator_c
[0.985s] [ 23%] Built target interface__rosidl_typesupport_cpp
[1.056s] [ 34%] Built target interface__rosidl_typesupport_introspection_cpp
[1.109s] [ 44%] Built target interface__rosidl_typesupport_fastrtps_cpp
[1.255s] [ 55%] Built target interface__rosidl_typesupport_c
[1.308s] [ 72%] Built target interface__rosidl_typesupport_fastrtps_c
[1.318s] [ 76%] Built target interface__rosidl_typesupport_introspection_c
[1.449s] [ 76%] Built target interface
[1.555s] [ 76%] Built target ament_cmake_python_copy_interface
[1.646s] [ 78%] Built target interface__py
[1.885s] [ 87%] Built target interface__rosidl_generator_py
[2.083s] [ 97%] Built target interface__rosidl_typesupport_introspection_c__pyext
[2.087s] [100%] Built target interface__rosidl_typesupport_c__pyext
[2.091s] [100%] Built target interface__rosidl_typesupport_fastrtps_c__pyext
[2.306s] running egg_info
[2.329s] writing interface.egg-info/PKG-INFO
[2.334s] writing dependency_links to interface.egg-info/dependency_links.txt
[2.342s] writing top-level names to interface.egg-info/top_level.txt
[2.444s] reading manifest file 'interface.egg-info/SOURCES.txt'
[2.510s] writing manifest file 'interface.egg-info/SOURCES.txt'
[2.581s] [100%] Built target ament_cmake_python_build_interface_egg
[2.821s] Invoked command in '/mnt/c/Users/minyi/Desktop/ros2_cll/ros2_ws/build/interface' returned '0': CMAKE_PREFIX_PATH=${CMAKE_PREFIX_PATH}:/mnt/c/Users/minyi/Desktop/ros2_cll/ros2_ws/install/nao_writing:/opt/ros/humble /usr/bin/cmake --build /mnt/c/Users/minyi/Desktop/ros2_cll/ros2_ws/build/interface -- -j16 -l16
[3.442s] Invoking command in '/mnt/c/Users/minyi/Desktop/ros2_cll/ros2_ws/build/interface': CMAKE_PREFIX_PATH=${CMAKE_PREFIX_PATH}:/mnt/c/Users/minyi/Desktop/ros2_cll/ros2_ws/install/nao_writing:/opt/ros/humble /usr/bin/cmake --install /mnt/c/Users/minyi/Desktop/ros2_cll/ros2_ws/build/interface
[3.465s] -- Install configuration: ""
[3.495s] -- Up-to-date: /mnt/c/Users/minyi/Desktop/ros2_cll/ros2_ws/install/interface/share/ament_index/resource_index/rosidl_interfaces/interface
[3.509s] -- Up-to-date: /mnt/c/Users/minyi/Desktop/ros2_cll/ros2_ws/install/interface/include/interface/interface
[3.532s] -- Up-to-date: /mnt/c/Users/minyi/Desktop/ros2_cll/ros2_ws/install/interface/include/interface/interface/msg
[3.559s] -- Up-to-date: /mnt/c/Users/minyi/Desktop/ros2_cll/ros2_ws/install/interface/include/interface/interface/msg/detail
[3.604s] -- Up-to-date: /mnt/c/Users/minyi/Desktop/ros2_cll/ros2_ws/install/interface/include/interface/interface/msg/detail/shape__functions.c
[3.642s] -- Up-to-date: /mnt/c/Users/minyi/Desktop/ros2_cll/ros2_ws/install/interface/include/interface/interface/msg/detail/shape__functions.h
[3.675s] -- Up-to-date: /mnt/c/Users/minyi/Desktop/ros2_cll/ros2_ws/install/interface/include/interface/interface/msg/detail/shape__struct.h
[3.708s] -- Up-to-date: /mnt/c/Users/minyi/Desktop/ros2_cll/ros2_ws/install/interface/include/interface/interface/msg/detail/shape__type_support.h
[3.741s] -- Up-to-date: /mnt/c/Users/minyi/Desktop/ros2_cll/ros2_ws/install/interface/include/interface/interface/msg/detail/strokes__functions.c
[3.777s] -- Up-to-date: /mnt/c/Users/minyi/Desktop/ros2_cll/ros2_ws/install/interface/include/interface/interface/msg/detail/strokes__functions.h
[3.813s] -- Up-to-date: /mnt/c/Users/minyi/Desktop/ros2_cll/ros2_ws/install/interface/include/interface/interface/msg/detail/strokes__struct.h
[3.854s] -- Up-to-date: /mnt/c/Users/minyi/Desktop/ros2_cll/ros2_ws/install/interface/include/interface/interface/msg/detail/strokes__type_support.h
[3.895s] -- Up-to-date: /mnt/c/Users/minyi/Desktop/ros2_cll/ros2_ws/install/interface/include/interface/interface/msg/detail/stroke__functions.c
[3.925s] -- Up-to-date: /mnt/c/Users/minyi/Desktop/ros2_cll/ros2_ws/install/interface/include/interface/interface/msg/detail/stroke__functions.h
[3.951s] -- Up-to-date: /mnt/c/Users/minyi/Desktop/ros2_cll/ros2_ws/install/interface/include/interface/interface/msg/detail/stroke__struct.h
[3.983s] -- Up-to-date: /mnt/c/Users/minyi/Desktop/ros2_cll/ros2_ws/install/interface/include/interface/interface/msg/detail/stroke__type_support.h
[4.011s] -- Up-to-date: /mnt/c/Users/minyi/Desktop/ros2_cll/ros2_ws/install/interface/include/interface/interface/msg/rosidl_generator_c__visibility_control.h
[4.034s] -- Up-to-date: /mnt/c/Users/minyi/Desktop/ros2_cll/ros2_ws/install/interface/include/interface/interface/msg/shape.h
[4.061s] -- Up-to-date: /mnt/c/Users/minyi/Desktop/ros2_cll/ros2_ws/install/interface/include/interface/interface/msg/stroke.h
[4.087s] -- Up-to-date: /mnt/c/Users/minyi/Desktop/ros2_cll/ros2_ws/install/interface/include/interface/interface/msg/strokes.h
[4.101s] -- Up-to-date: /mnt/c/Users/minyi/Desktop/ros2_cll/ros2_ws/install/interface/share/interface/environment/library_path.sh
[4.123s] -- Up-to-date: /mnt/c/Users/minyi/Desktop/ros2_cll/ros2_ws/install/interface/share/interface/environment/library_path.dsv
[4.143s] -- Up-to-date: /mnt/c/Users/minyi/Desktop/ros2_cll/ros2_ws/install/interface/lib/libinterface__rosidl_generator_c.so
[4.165s] -- Up-to-date: /mnt/c/Users/minyi/Desktop/ros2_cll/ros2_ws/install/interface/include/interface/interface
[4.186s] -- Up-to-date: /mnt/c/Users/minyi/Desktop/ros2_cll/ros2_ws/install/interface/include/interface/interface/msg
[4.215s] -- Up-to-date: /mnt/c/Users/minyi/Desktop/ros2_cll/ros2_ws/install/interface/include/interface/interface/msg/detail
[4.255s] -- Up-to-date: /mnt/c/Users/minyi/Desktop/ros2_cll/ros2_ws/install/interface/include/interface/interface/msg/detail/shape__rosidl_typesupport_fastrtps_c.h
[4.286s] -- Up-to-date: /mnt/c/Users/minyi/Desktop/ros2_cll/ros2_ws/install/interface/include/interface/interface/msg/detail/strokes__rosidl_typesupport_fastrtps_c.h
[4.314s] -- Up-to-date: /mnt/c/Users/minyi/Desktop/ros2_cll/ros2_ws/install/interface/include/interface/interface/msg/detail/stroke__rosidl_typesupport_fastrtps_c.h
[4.340s] -- Up-to-date: /mnt/c/Users/minyi/Desktop/ros2_cll/ros2_ws/install/interface/include/interface/interface/msg/rosidl_typesupport_fastrtps_c__visibility_control.h
[4.358s] -- Up-to-date: /mnt/c/Users/minyi/Desktop/ros2_cll/ros2_ws/install/interface/lib/libinterface__rosidl_typesupport_fastrtps_c.so
[4.376s] -- Up-to-date: /mnt/c/Users/minyi/Desktop/ros2_cll/ros2_ws/install/interface/include/interface/interface
[4.397s] -- Up-to-date: /mnt/c/Users/minyi/Desktop/ros2_cll/ros2_ws/install/interface/include/interface/interface/msg
[4.426s] -- Up-to-date: /mnt/c/Users/minyi/Desktop/ros2_cll/ros2_ws/install/interface/include/interface/interface/msg/detail
[4.465s] -- Up-to-date: /mnt/c/Users/minyi/Desktop/ros2_cll/ros2_ws/install/interface/include/interface/interface/msg/detail/shape__rosidl_typesupport_introspection_c.h
[4.500s] -- Up-to-date: /mnt/c/Users/minyi/Desktop/ros2_cll/ros2_ws/install/interface/include/interface/interface/msg/detail/shape__type_support.c
[4.532s] -- Up-to-date: /mnt/c/Users/minyi/Desktop/ros2_cll/ros2_ws/install/interface/include/interface/interface/msg/detail/strokes__rosidl_typesupport_introspection_c.h
[4.561s] -- Up-to-date: /mnt/c/Users/minyi/Desktop/ros2_cll/ros2_ws/install/interface/include/interface/interface/msg/detail/strokes__type_support.c
[4.592s] -- Up-to-date: /mnt/c/Users/minyi/Desktop/ros2_cll/ros2_ws/install/interface/include/interface/interface/msg/detail/stroke__rosidl_typesupport_introspection_c.h
[4.623s] -- Up-to-date: /mnt/c/Users/minyi/Desktop/ros2_cll/ros2_ws/install/interface/include/interface/interface/msg/detail/stroke__type_support.c
[4.650s] -- Up-to-date: /mnt/c/Users/minyi/Desktop/ros2_cll/ros2_ws/install/interface/include/interface/interface/msg/rosidl_typesupport_introspection_c__visibility_control.h
[4.665s] -- Up-to-date: /mnt/c/Users/minyi/Desktop/ros2_cll/ros2_ws/install/interface/lib/libinterface__rosidl_typesupport_introspection_c.so
[4.687s] -- Up-to-date: /mnt/c/Users/minyi/Desktop/ros2_cll/ros2_ws/install/interface/lib/libinterface__rosidl_typesupport_c.so
[4.704s] -- Up-to-date: /mnt/c/Users/minyi/Desktop/ros2_cll/ros2_ws/install/interface/include/interface/interface
[4.728s] -- Up-to-date: /mnt/c/Users/minyi/Desktop/ros2_cll/ros2_ws/install/interface/include/interface/interface/msg
[4.756s] -- Up-to-date: /mnt/c/Users/minyi/Desktop/ros2_cll/ros2_ws/install/interface/include/interface/interface/msg/detail
[4.798s] -- Up-to-date: /mnt/c/Users/minyi/Desktop/ros2_cll/ros2_ws/install/interface/include/interface/interface/msg/detail/shape__builder.hpp
[4.832s] -- Up-to-date: /mnt/c/Users/minyi/Desktop/ros2_cll/ros2_ws/install/interface/include/interface/interface/msg/detail/shape__struct.hpp
[4.865s] -- Up-to-date: /mnt/c/Users/minyi/Desktop/ros2_cll/ros2_ws/install/interface/include/interface/interface/msg/detail/shape__traits.hpp
[4.898s] -- Up-to-date: /mnt/c/Users/minyi/Desktop/ros2_cll/ros2_ws/install/interface/include/interface/interface/msg/detail/strokes__builder.hpp
[4.930s] -- Up-to-date: /mnt/c/Users/minyi/Desktop/ros2_cll/ros2_ws/install/interface/include/interface/interface/msg/detail/strokes__struct.hpp
[4.959s] -- Up-to-date: /mnt/c/Users/minyi/Desktop/ros2_cll/ros2_ws/install/interface/include/interface/interface/msg/detail/strokes__traits.hpp
[4.991s] -- Up-to-date: /mnt/c/Users/minyi/Desktop/ros2_cll/ros2_ws/install/interface/include/interface/interface/msg/detail/stroke__builder.hpp
[5.023s] -- Up-to-date: /mnt/c/Users/minyi/Desktop/ros2_cll/ros2_ws/install/interface/include/interface/interface/msg/detail/stroke__struct.hpp
[5.055s] -- Up-to-date: /mnt/c/Users/minyi/Desktop/ros2_cll/ros2_ws/install/interface/include/interface/interface/msg/detail/stroke__traits.hpp
[5.081s] -- Up-to-date: /mnt/c/Users/minyi/Desktop/ros2_cll/ros2_ws/install/interface/include/interface/interface/msg/shape.hpp
[5.106s] -- Up-to-date: /mnt/c/Users/minyi/Desktop/ros2_cll/ros2_ws/install/interface/include/interface/interface/msg/stroke.hpp
[5.138s] -- Up-to-date: /mnt/c/Users/minyi/Desktop/ros2_cll/ros2_ws/install/interface/include/interface/interface/msg/strokes.hpp
[5.152s] -- Up-to-date: /mnt/c/Users/minyi/Desktop/ros2_cll/ros2_ws/install/interface/include/interface/interface
[5.175s] -- Up-to-date: /mnt/c/Users/minyi/Desktop/ros2_cll/ros2_ws/install/interface/include/interface/interface/msg
[5.203s] -- Up-to-date: /mnt/c/Users/minyi/Desktop/ros2_cll/ros2_ws/install/interface/include/interface/interface/msg/detail
[5.232s] -- Up-to-date: /mnt/c/Users/minyi/Desktop/ros2_cll/ros2_ws/install/interface/include/interface/interface/msg/detail/dds_fastrtps
[5.269s] -- Up-to-date: /mnt/c/Users/minyi/Desktop/ros2_cll/ros2_ws/install/interface/include/interface/interface/msg/detail/shape__rosidl_typesupport_fastrtps_cpp.hpp
[5.297s] -- Up-to-date: /mnt/c/Users/minyi/Desktop/ros2_cll/ros2_ws/install/interface/include/interface/interface/msg/detail/strokes__rosidl_typesupport_fastrtps_cpp.hpp
[5.325s] -- Up-to-date: /mnt/c/Users/minyi/Desktop/ros2_cll/ros2_ws/install/interface/include/interface/interface/msg/detail/stroke__rosidl_typesupport_fastrtps_cpp.hpp
[5.350s] -- Up-to-date: /mnt/c/Users/minyi/Desktop/ros2_cll/ros2_ws/install/interface/include/interface/interface/msg/rosidl_typesupport_fastrtps_cpp__visibility_control.h
[5.373s] -- Up-to-date: /mnt/c/Users/minyi/Desktop/ros2_cll/ros2_ws/install/interface/lib/libinterface__rosidl_typesupport_fastrtps_cpp.so
[5.394s] -- Up-to-date: /mnt/c/Users/minyi/Desktop/ros2_cll/ros2_ws/install/interface/include/interface/interface
[5.417s] -- Up-to-date: /mnt/c/Users/minyi/Desktop/ros2_cll/ros2_ws/install/interface/include/interface/interface/msg
[5.446s] -- Up-to-date: /mnt/c/Users/minyi/Desktop/ros2_cll/ros2_ws/install/interface/include/interface/interface/msg/detail
[5.487s] -- Up-to-date: /mnt/c/Users/minyi/Desktop/ros2_cll/ros2_ws/install/interface/include/interface/interface/msg/detail/shape__rosidl_typesupport_introspection_cpp.hpp
[5.518s] -- Up-to-date: /mnt/c/Users/minyi/Desktop/ros2_cll/ros2_ws/install/interface/include/interface/interface/msg/detail/shape__type_support.cpp
[5.548s] -- Up-to-date: /mnt/c/Users/minyi/Desktop/ros2_cll/ros2_ws/install/interface/include/interface/interface/msg/detail/strokes__rosidl_typesupport_introspection_cpp.hpp
[5.582s] -- Up-to-date: /mnt/c/Users/minyi/Desktop/ros2_cll/ros2_ws/install/interface/include/interface/interface/msg/detail/strokes__type_support.cpp
[5.613s] -- Up-to-date: /mnt/c/Users/minyi/Desktop/ros2_cll/ros2_ws/install/interface/include/interface/interface/msg/detail/stroke__rosidl_typesupport_introspection_cpp.hpp
[5.644s] -- Up-to-date: /mnt/c/Users/minyi/Desktop/ros2_cll/ros2_ws/install/interface/include/interface/interface/msg/detail/stroke__type_support.cpp
[5.667s] -- Up-to-date: /mnt/c/Users/minyi/Desktop/ros2_cll/ros2_ws/install/interface/lib/libinterface__rosidl_typesupport_introspection_cpp.so
[5.699s] -- Up-to-date: /mnt/c/Users/minyi/Desktop/ros2_cll/ros2_ws/install/interface/lib/libinterface__rosidl_typesupport_cpp.so
[5.730s] -- Up-to-date: /mnt/c/Users/minyi/Desktop/ros2_cll/ros2_ws/install/interface/share/interface/environment/pythonpath.sh
[5.749s] -- Up-to-date: /mnt/c/Users/minyi/Desktop/ros2_cll/ros2_ws/install/interface/share/interface/environment/pythonpath.dsv
[5.763s] -- Up-to-date: /mnt/c/Users/minyi/Desktop/ros2_cll/ros2_ws/install/interface/local/lib/python3.10/dist-packages/interface-0.0.0-py3.10.egg-info
[5.784s] -- Installing: /mnt/c/Users/minyi/Desktop/ros2_cll/ros2_ws/install/interface/local/lib/python3.10/dist-packages/interface-0.0.0-py3.10.egg-info/dependency_links.txt
[5.839s] -- Installing: /mnt/c/Users/minyi/Desktop/ros2_cll/ros2_ws/install/interface/local/lib/python3.10/dist-packages/interface-0.0.0-py3.10.egg-info/PKG-INFO
[5.895s] -- Installing: /mnt/c/Users/minyi/Desktop/ros2_cll/ros2_ws/install/interface/local/lib/python3.10/dist-packages/interface-0.0.0-py3.10.egg-info/SOURCES.txt
[5.950s] -- Installing: /mnt/c/Users/minyi/Desktop/ros2_cll/ros2_ws/install/interface/local/lib/python3.10/dist-packages/interface-0.0.0-py3.10.egg-info/top_level.txt
[5.994s] -- Up-to-date: /mnt/c/Users/minyi/Desktop/ros2_cll/ros2_ws/install/interface/local/lib/python3.10/dist-packages/interface
[6.010s] -- Up-to-date: /mnt/c/Users/minyi/Desktop/ros2_cll/ros2_ws/install/interface/local/lib/python3.10/dist-packages/interface/interface_s__rosidl_typesupport_c.cpython-310-x86_64-linux-gnu.so
[6.020s] -- Up-to-date: /mnt/c/Users/minyi/Desktop/ros2_cll/ros2_ws/install/interface/local/lib/python3.10/dist-packages/interface/interface_s__rosidl_typesupport_fastrtps_c.cpython-310-x86_64-linux-gnu.so
[6.033s] -- Up-to-date: /mnt/c/Users/minyi/Desktop/ros2_cll/ros2_ws/install/interface/local/lib/python3.10/dist-packages/interface/interface_s__rosidl_typesupport_introspection_c.cpython-310-x86_64-linux-gnu.so
[6.047s] -- Up-to-date: /mnt/c/Users/minyi/Desktop/ros2_cll/ros2_ws/install/interface/local/lib/python3.10/dist-packages/interface/libinterface__rosidl_generator_py.so
[6.057s] -- Up-to-date: /mnt/c/Users/minyi/Desktop/ros2_cll/ros2_ws/install/interface/local/lib/python3.10/dist-packages/interface/msg
[6.078s] -- Up-to-date: /mnt/c/Users/minyi/Desktop/ros2_cll/ros2_ws/install/interface/local/lib/python3.10/dist-packages/interface/msg/_shape.py
[6.098s] -- Up-to-date: /mnt/c/Users/minyi/Desktop/ros2_cll/ros2_ws/install/interface/local/lib/python3.10/dist-packages/interface/msg/_shape_s.c
[6.117s] -- Up-to-date: /mnt/c/Users/minyi/Desktop/ros2_cll/ros2_ws/install/interface/local/lib/python3.10/dist-packages/interface/msg/_stroke.py
[6.138s] -- Up-to-date: /mnt/c/Users/minyi/Desktop/ros2_cll/ros2_ws/install/interface/local/lib/python3.10/dist-packages/interface/msg/_strokes.py
[6.156s] -- Up-to-date: /mnt/c/Users/minyi/Desktop/ros2_cll/ros2_ws/install/interface/local/lib/python3.10/dist-packages/interface/msg/_strokes_s.c
[6.177s] -- Up-to-date: /mnt/c/Users/minyi/Desktop/ros2_cll/ros2_ws/install/interface/local/lib/python3.10/dist-packages/interface/msg/_stroke_s.c
[6.196s] -- Up-to-date: /mnt/c/Users/minyi/Desktop/ros2_cll/ros2_ws/install/interface/local/lib/python3.10/dist-packages/interface/msg/__init__.py
[6.213s] -- Up-to-date: /mnt/c/Users/minyi/Desktop/ros2_cll/ros2_ws/install/interface/local/lib/python3.10/dist-packages/interface/_interface_s.ep.rosidl_typesupport_c.c
[6.227s] -- Up-to-date: /mnt/c/Users/minyi/Desktop/ros2_cll/ros2_ws/install/interface/local/lib/python3.10/dist-packages/interface/_interface_s.ep.rosidl_typesupport_fastrtps_c.c
[6.242s] -- Up-to-date: /mnt/c/Users/minyi/Desktop/ros2_cll/ros2_ws/install/interface/local/lib/python3.10/dist-packages/interface/_interface_s.ep.rosidl_typesupport_introspection_c.c
[6.254s] -- Up-to-date: /mnt/c/Users/minyi/Desktop/ros2_cll/ros2_ws/install/interface/local/lib/python3.10/dist-packages/interface/__init__.py
[6.531s] Listing '/mnt/c/Users/minyi/Desktop/ros2_cll/ros2_ws/install/interface/local/lib/python3.10/dist-packages/interface'...
[6.532s] Listing '/mnt/c/Users/minyi/Desktop/ros2_cll/ros2_ws/install/interface/local/lib/python3.10/dist-packages/interface/msg'...
[6.557s] -- Up-to-date: /mnt/c/Users/minyi/Desktop/ros2_cll/ros2_ws/install/interface/local/lib/python3.10/dist-packages/interface/interface_s__rosidl_typesupport_fastrtps_c.cpython-310-x86_64-linux-gnu.so
[6.595s] -- Up-to-date: /mnt/c/Users/minyi/Desktop/ros2_cll/ros2_ws/install/interface/local/lib/python3.10/dist-packages/interface/interface_s__rosidl_typesupport_introspection_c.cpython-310-x86_64-linux-gnu.so
[6.628s] -- Up-to-date: /mnt/c/Users/minyi/Desktop/ros2_cll/ros2_ws/install/interface/local/lib/python3.10/dist-packages/interface/interface_s__rosidl_typesupport_c.cpython-310-x86_64-linux-gnu.so
[6.657s] -- Up-to-date: /mnt/c/Users/minyi/Desktop/ros2_cll/ros2_ws/install/interface/lib/libinterface__rosidl_generator_py.so
[6.690s] -- Up-to-date: /mnt/c/Users/minyi/Desktop/ros2_cll/ros2_ws/install/interface/share/interface/msg/Shape.idl
[6.716s] -- Up-to-date: /mnt/c/Users/minyi/Desktop/ros2_cll/ros2_ws/install/interface/share/interface/msg/Stroke.idl
[6.745s] -- Up-to-date: /mnt/c/Users/minyi/Desktop/ros2_cll/ros2_ws/install/interface/share/interface/msg/Strokes.idl
[6.774s] -- Up-to-date: /mnt/c/Users/minyi/Desktop/ros2_cll/ros2_ws/install/interface/share/interface/msg/Shape.msg
[6.801s] -- Up-to-date: /mnt/c/Users/minyi/Desktop/ros2_cll/ros2_ws/install/interface/share/interface/msg/Stroke.msg
[6.829s] -- Up-to-date: /mnt/c/Users/minyi/Desktop/ros2_cll/ros2_ws/install/interface/share/interface/msg/Strokes.msg
[6.864s] -- Up-to-date: /mnt/c/Users/minyi/Desktop/ros2_cll/ros2_ws/install/interface/share/ament_index/resource_index/package_run_dependencies/interface
[6.900s] -- Up-to-date: /mnt/c/Users/minyi/Desktop/ros2_cll/ros2_ws/install/interface/share/ament_index/resource_index/parent_prefix_path/interface
[6.915s] -- Up-to-date: /mnt/c/Users/minyi/Desktop/ros2_cll/ros2_ws/install/interface/share/interface/environment/ament_prefix_path.sh
[6.937s] -- Up-to-date: /mnt/c/Users/minyi/Desktop/ros2_cll/ros2_ws/install/interface/share/interface/environment/ament_prefix_path.dsv
[6.952s] -- Up-to-date: /mnt/c/Users/minyi/Desktop/ros2_cll/ros2_ws/install/interface/share/interface/environment/path.sh
[6.974s] -- Up-to-date: /mnt/c/Users/minyi/Desktop/ros2_cll/ros2_ws/install/interface/share/interface/environment/path.dsv
[6.991s] -- Up-to-date: /mnt/c/Users/minyi/Desktop/ros2_cll/ros2_ws/install/interface/share/interface/local_setup.bash
[7.009s] -- Up-to-date: /mnt/c/Users/minyi/Desktop/ros2_cll/ros2_ws/install/interface/share/interface/local_setup.sh
[7.026s] -- Up-to-date: /mnt/c/Users/minyi/Desktop/ros2_cll/ros2_ws/install/interface/share/interface/local_setup.zsh
[7.044s] -- Up-to-date: /mnt/c/Users/minyi/Desktop/ros2_cll/ros2_ws/install/interface/share/interface/local_setup.dsv
[7.061s] -- Installing: /mnt/c/Users/minyi/Desktop/ros2_cll/ros2_ws/install/interface/share/interface/package.dsv
[7.134s] -- Up-to-date: /mnt/c/Users/minyi/Desktop/ros2_cll/ros2_ws/install/interface/share/ament_index/resource_index/packages/interface
[7.183s] -- Up-to-date: /mnt/c/Users/minyi/Desktop/ros2_cll/ros2_ws/install/interface/share/interface/cmake/export_interface__rosidl_generator_cExport.cmake
[7.217s] -- Up-to-date: /mnt/c/Users/minyi/Desktop/ros2_cll/ros2_ws/install/interface/share/interface/cmake/export_interface__rosidl_generator_cExport-noconfig.cmake
[7.264s] -- Up-to-date: /mnt/c/Users/minyi/Desktop/ros2_cll/ros2_ws/install/interface/share/interface/cmake/export_interface__rosidl_typesupport_fastrtps_cExport.cmake
[7.297s] -- Up-to-date: /mnt/c/Users/minyi/Desktop/ros2_cll/ros2_ws/install/interface/share/interface/cmake/export_interface__rosidl_typesupport_fastrtps_cExport-noconfig.cmake
[7.345s] -- Up-to-date: /mnt/c/Users/minyi/Desktop/ros2_cll/ros2_ws/install/interface/share/interface/cmake/interface__rosidl_typesupport_introspection_cExport.cmake
[7.378s] -- Up-to-date: /mnt/c/Users/minyi/Desktop/ros2_cll/ros2_ws/install/interface/share/interface/cmake/interface__rosidl_typesupport_introspection_cExport-noconfig.cmake
[7.426s] -- Up-to-date: /mnt/c/Users/minyi/Desktop/ros2_cll/ros2_ws/install/interface/share/interface/cmake/interface__rosidl_typesupport_cExport.cmake
[7.460s] -- Up-to-date: /mnt/c/Users/minyi/Desktop/ros2_cll/ros2_ws/install/interface/share/interface/cmake/interface__rosidl_typesupport_cExport-noconfig.cmake
[7.511s] -- Up-to-date: /mnt/c/Users/minyi/Desktop/ros2_cll/ros2_ws/install/interface/share/interface/cmake/export_interface__rosidl_generator_cppExport.cmake
[7.565s] -- Up-to-date: /mnt/c/Users/minyi/Desktop/ros2_cll/ros2_ws/install/interface/share/interface/cmake/export_interface__rosidl_typesupport_fastrtps_cppExport.cmake
[7.604s] -- Up-to-date: /mnt/c/Users/minyi/Desktop/ros2_cll/ros2_ws/install/interface/share/interface/cmake/export_interface__rosidl_typesupport_fastrtps_cppExport-noconfig.cmake
[7.659s] -- Up-to-date: /mnt/c/Users/minyi/Desktop/ros2_cll/ros2_ws/install/interface/share/interface/cmake/interface__rosidl_typesupport_introspection_cppExport.cmake
[7.697s] -- Up-to-date: /mnt/c/Users/minyi/Desktop/ros2_cll/ros2_ws/install/interface/share/interface/cmake/interface__rosidl_typesupport_introspection_cppExport-noconfig.cmake
[7.750s] -- Up-to-date: /mnt/c/Users/minyi/Desktop/ros2_cll/ros2_ws/install/interface/share/interface/cmake/interface__rosidl_typesupport_cppExport.cmake
[7.783s] -- Up-to-date: /mnt/c/Users/minyi/Desktop/ros2_cll/ros2_ws/install/interface/share/interface/cmake/interface__rosidl_typesupport_cppExport-noconfig.cmake
[7.831s] -- Up-to-date: /mnt/c/Users/minyi/Desktop/ros2_cll/ros2_ws/install/interface/share/interface/cmake/export_interface__rosidl_generator_pyExport.cmake
[7.864s] -- Up-to-date: /mnt/c/Users/minyi/Desktop/ros2_cll/ros2_ws/install/interface/share/interface/cmake/export_interface__rosidl_generator_pyExport-noconfig.cmake
[7.886s] -- Up-to-date: /mnt/c/Users/minyi/Desktop/ros2_cll/ros2_ws/install/interface/share/interface/cmake/rosidl_cmake-extras.cmake
[7.905s] -- Up-to-date: /mnt/c/Users/minyi/Desktop/ros2_cll/ros2_ws/install/interface/share/interface/cmake/ament_cmake_export_include_directories-extras.cmake
[7.927s] -- Up-to-date: /mnt/c/Users/minyi/Desktop/ros2_cll/ros2_ws/install/interface/share/interface/cmake/ament_cmake_export_libraries-extras.cmake
[7.947s] -- Up-to-date: /mnt/c/Users/minyi/Desktop/ros2_cll/ros2_ws/install/interface/share/interface/cmake/ament_cmake_export_targets-extras.cmake
[7.970s] -- Up-to-date: /mnt/c/Users/minyi/Desktop/ros2_cll/ros2_ws/install/interface/share/interface/cmake/rosidl_cmake_export_typesupport_targets-extras.cmake
[7.990s] -- Up-to-date: /mnt/c/Users/minyi/Desktop/ros2_cll/ros2_ws/install/interface/share/interface/cmake/ament_cmake_export_dependencies-extras.cmake
[8.012s] -- Up-to-date: /mnt/c/Users/minyi/Desktop/ros2_cll/ros2_ws/install/interface/share/interface/cmake/rosidl_cmake_export_typesupport_libraries-extras.cmake
[8.032s] -- Up-to-date: /mnt/c/Users/minyi/Desktop/ros2_cll/ros2_ws/install/interface/share/interface/cmake/interfaceConfig.cmake
[8.050s] -- Up-to-date: /mnt/c/Users/minyi/Desktop/ros2_cll/ros2_ws/install/interface/share/interface/cmake/interfaceConfig-version.cmake
[8.070s] -- Up-to-date: /mnt/c/Users/minyi/Desktop/ros2_cll/ros2_ws/install/interface/share/interface/package.xml
[8.090s] Invoked command in '/mnt/c/Users/minyi/Desktop/ros2_cll/ros2_ws/build/interface' returned '0': CMAKE_PREFIX_PATH=${CMAKE_PREFIX_PATH}:/mnt/c/Users/minyi/Desktop/ros2_cll/ros2_ws/install/nao_writing:/opt/ros/humble /usr/bin/cmake --install /mnt/c/Users/minyi/Desktop/ros2_cll/ros2_ws/build/interface
