[1.965s] Invoking command in '/mnt/c/Users/minyi/Desktop/ros2_cll/ros2_ws/src/nao_writing': AMENT_PREFIX_PATH=/mnt/c/Users/minyi/Desktop/ros2_cll/ros2_ws/install/interface:${AMENT_PREFIX_PATH} CMAKE_PREFIX_PATH=/mnt/c/Users/minyi/Desktop/ros2_cll/ros2_ws/install/interface LD_LIBRARY_PATH=/mnt/c/Users/minyi/Desktop/ros2_cll/ros2_ws/install/interface/lib:${LD_LIBRARY_PATH} PYTHONPATH=/mnt/c/Users/minyi/Desktop/ros2_cll/ros2_ws/build/nao_writing/prefix_override:/mnt/c/Users/minyi/Desktop/ros2_cll/ros2_ws/install/nao_writing/lib/python3.10/site-packages:/mnt/c/Users/minyi/Desktop/ros2_cll/ros2_ws/install/interface/local/lib/python3.10/dist-packages:${PYTHONPATH} /usr/bin/python3 setup.py egg_info --egg-base ../../build/nao_writing build --build-base /mnt/c/Users/minyi/Desktop/ros2_cll/ros2_ws/build/nao_writing/build install --record /mnt/c/Users/minyi/Desktop/ros2_cll/ros2_ws/build/nao_writing/install.log --single-version-externally-managed
[2.752s] running egg_info
[2.779s] writing ../../build/nao_writing/nao_writing.egg-info/PKG-INFO
[2.788s] writing dependency_links to ../../build/nao_writing/nao_writing.egg-info/dependency_links.txt
[2.796s] writing entry points to ../../build/nao_writing/nao_writing.egg-info/entry_points.txt
[2.802s] writing requirements to ../../build/nao_writing/nao_writing.egg-info/requires.txt
[2.807s] writing top-level names to ../../build/nao_writing/nao_writing.egg-info/top_level.txt
[2.899s] reading manifest file '../../build/nao_writing/nao_writing.egg-info/SOURCES.txt'
[3.006s] writing manifest file '../../build/nao_writing/nao_writing.egg-info/SOURCES.txt'
[3.010s] running build
[3.011s] running build_py
[3.051s] copying nao_writing/learning_word.py -> /mnt/c/Users/minyi/Desktop/ros2_cll/ros2_ws/build/nao_writing/build/lib/nao_writing
[3.160s] running install
[3.161s] /usr/local/lib/python3.10/dist-packages/setuptools/command/install.py:34: SetuptoolsDeprecationWarning: setup.py install is deprecated. Use build and pip and other standards-based tools.
[3.162s]   warnings.warn(
[3.171s] running install_lib
[3.264s] copying /mnt/c/Users/minyi/Desktop/ros2_cll/ros2_ws/build/nao_writing/build/lib/nao_writing/learning_word.py -> /mnt/c/Users/minyi/Desktop/ros2_cll/ros2_ws/install/nao_writing/lib/python3.10/site-packages/nao_writing
[3.508s] byte-compiling /mnt/c/Users/minyi/Desktop/ros2_cll/ros2_ws/install/nao_writing/lib/python3.10/site-packages/nao_writing/learning_word.py to learning_word.cpython-310.pyc
[3.656s] running install_data
[3.706s] running install_egg_info
[3.738s] removing '/mnt/c/Users/minyi/Desktop/ros2_cll/ros2_ws/install/nao_writing/lib/python3.10/site-packages/nao_writing-0.0.0-py3.10.egg-info' (and everything under it)
[3.805s] Copying ../../build/nao_writing/nao_writing.egg-info to /mnt/c/Users/minyi/Desktop/ros2_cll/ros2_ws/install/nao_writing/lib/python3.10/site-packages/nao_writing-0.0.0-py3.10.egg-info
[4.079s] running install_scripts
[4.401s] Installing input_interpreter script to /mnt/c/Users/minyi/Desktop/ros2_cll/ros2_ws/install/nao_writing/lib/nao_writing
[4.413s] Installing learning_word script to /mnt/c/Users/minyi/Desktop/ros2_cll/ros2_ws/install/nao_writing/lib/nao_writing
[4.429s] writing list of installed files to '/mnt/c/Users/minyi/Desktop/ros2_cll/ros2_ws/build/nao_writing/install.log'
[4.455s] Invoked command in '/mnt/c/Users/minyi/Desktop/ros2_cll/ros2_ws/src/nao_writing' returned '0': AMENT_PREFIX_PATH=/mnt/c/Users/minyi/Desktop/ros2_cll/ros2_ws/install/interface:${AMENT_PREFIX_PATH} CMAKE_PREFIX_PATH=/mnt/c/Users/minyi/Desktop/ros2_cll/ros2_ws/install/interface LD_LIBRARY_PATH=/mnt/c/Users/minyi/Desktop/ros2_cll/ros2_ws/install/interface/lib:${LD_LIBRARY_PATH} PYTHONPATH=/mnt/c/Users/minyi/Desktop/ros2_cll/ros2_ws/build/nao_writing/prefix_override:/mnt/c/Users/minyi/Desktop/ros2_cll/ros2_ws/install/nao_writing/lib/python3.10/site-packages:/mnt/c/Users/minyi/Desktop/ros2_cll/ros2_ws/install/interface/local/lib/python3.10/dist-packages:${PYTHONPATH} /usr/bin/python3 setup.py egg_info --egg-base ../../build/nao_writing build --build-base /mnt/c/Users/minyi/Desktop/ros2_cll/ros2_ws/build/nao_writing/build install --record /mnt/c/Users/minyi/Desktop/ros2_cll/ros2_ws/build/nao_writing/install.log --single-version-externally-managed
