[0.114s] Invoking command in '/mnt/c/Users/minyi/Desktop/ros2_cll/ros2_ws/build/interface': CMAKE_PREFIX_PATH=${CMAKE_PREFIX_PATH}:/mnt/c/Users/minyi/Desktop/ros2_cll/ros2_ws/install/nao_writing:/opt/ros/humble /usr/bin/cmake --build /mnt/c/Users/minyi/Desktop/ros2_cll/ros2_ws/build/interface -- -j16 -l16
[0.529s] [  2%] Built target interface__cpp
[0.789s] [ 12%] Built target interface__rosidl_generator_c
[0.943s] [ 23%] Built target interface__rosidl_typesupport_cpp
[0.987s] [ 34%] Built target interface__rosidl_typesupport_introspection_cpp
[1.023s] [ 44%] Built target interface__rosidl_typesupport_fastrtps_cpp
[1.141s] [ 55%] Built target interface__rosidl_typesupport_c
[1.201s] [ 76%] Built target interface__rosidl_typesupport_introspection_c
[1.203s] [ 76%] Built target interface__rosidl_typesupport_fastrtps_c
[1.326s] [ 76%] Built target interface
[1.443s] [ 76%] Built target ament_cmake_python_copy_interface
[1.524s] [ 78%] Built target interface__py
[1.801s] [ 87%] Built target interface__rosidl_generator_py
[1.989s] [ 95%] Built target interface__rosidl_typesupport_c__pyext
[1.991s] [ 95%] Built target interface__rosidl_typesupport_fastrtps_c__pyext
[2.025s] [100%] Built target interface__rosidl_typesupport_introspection_c__pyext
[2.198s] running egg_info
[2.219s] writing interface.egg-info/PKG-INFO
[2.224s] writing dependency_links to interface.egg-info/dependency_links.txt
[2.231s] writing top-level names to interface.egg-info/top_level.txt
[2.324s] reading manifest file 'interface.egg-info/SOURCES.txt'
[2.370s] writing manifest file 'interface.egg-info/SOURCES.txt'
[2.422s] [100%] Built target ament_cmake_python_build_interface_egg
[2.646s] Invoked command in '/mnt/c/Users/minyi/Desktop/ros2_cll/ros2_ws/build/interface' returned '0': CMAKE_PREFIX_PATH=${CMAKE_PREFIX_PATH}:/mnt/c/Users/minyi/Desktop/ros2_cll/ros2_ws/install/nao_writing:/opt/ros/humble /usr/bin/cmake --build /mnt/c/Users/minyi/Desktop/ros2_cll/ros2_ws/build/interface -- -j16 -l16
[3.250s] Invoking command in '/mnt/c/Users/minyi/Desktop/ros2_cll/ros2_ws/build/interface': CMAKE_PREFIX_PATH=${CMAKE_PREFIX_PATH}:/mnt/c/Users/minyi/Desktop/ros2_cll/ros2_ws/install/nao_writing:/opt/ros/humble /usr/bin/cmake --install /mnt/c/Users/minyi/Desktop/ros2_cll/ros2_ws/build/interface
[3.271s] -- Install configuration: ""
[3.295s] -- Up-to-date: /mnt/c/Users/minyi/Desktop/ros2_cll/ros2_ws/install/interface/share/ament_index/resource_index/rosidl_interfaces/interface
[3.307s] -- Up-to-date: /mnt/c/Users/minyi/Desktop/ros2_cll/ros2_ws/install/interface/include/interface/interface
[3.326s] -- Up-to-date: /mnt/c/Users/minyi/Desktop/ros2_cll/ros2_ws/install/interface/include/interface/interface/msg
[3.350s] -- Up-to-date: /mnt/c/Users/minyi/Desktop/ros2_cll/ros2_ws/install/interface/include/interface/interface/msg/detail
[3.387s] -- Up-to-date: /mnt/c/Users/minyi/Desktop/ros2_cll/ros2_ws/install/interface/include/interface/interface/msg/detail/shape__functions.c
[3.417s] -- Up-to-date: /mnt/c/Users/minyi/Desktop/ros2_cll/ros2_ws/install/interface/include/interface/interface/msg/detail/shape__functions.h
[3.447s] -- Up-to-date: /mnt/c/Users/minyi/Desktop/ros2_cll/ros2_ws/install/interface/include/interface/interface/msg/detail/shape__struct.h
[3.477s] -- Up-to-date: /mnt/c/Users/minyi/Desktop/ros2_cll/ros2_ws/install/interface/include/interface/interface/msg/detail/shape__type_support.h
[3.506s] -- Up-to-date: /mnt/c/Users/minyi/Desktop/ros2_cll/ros2_ws/install/interface/include/interface/interface/msg/detail/strokes__functions.c
[3.536s] -- Up-to-date: /mnt/c/Users/minyi/Desktop/ros2_cll/ros2_ws/install/interface/include/interface/interface/msg/detail/strokes__functions.h
[3.568s] -- Up-to-date: /mnt/c/Users/minyi/Desktop/ros2_cll/ros2_ws/install/interface/include/interface/interface/msg/detail/strokes__struct.h
[3.601s] -- Up-to-date: /mnt/c/Users/minyi/Desktop/ros2_cll/ros2_ws/install/interface/include/interface/interface/msg/detail/strokes__type_support.h
[3.635s] -- Up-to-date: /mnt/c/Users/minyi/Desktop/ros2_cll/ros2_ws/install/interface/include/interface/interface/msg/detail/stroke__functions.c
[3.667s] -- Up-to-date: /mnt/c/Users/minyi/Desktop/ros2_cll/ros2_ws/install/interface/include/interface/interface/msg/detail/stroke__functions.h
[3.699s] -- Up-to-date: /mnt/c/Users/minyi/Desktop/ros2_cll/ros2_ws/install/interface/include/interface/interface/msg/detail/stroke__struct.h
[3.728s] -- Up-to-date: /mnt/c/Users/minyi/Desktop/ros2_cll/ros2_ws/install/interface/include/interface/interface/msg/detail/stroke__type_support.h
[3.754s] -- Up-to-date: /mnt/c/Users/minyi/Desktop/ros2_cll/ros2_ws/install/interface/include/interface/interface/msg/rosidl_generator_c__visibility_control.h
[3.787s] -- Up-to-date: /mnt/c/Users/minyi/Desktop/ros2_cll/ros2_ws/install/interface/include/interface/interface/msg/shape.h
[3.810s] -- Up-to-date: /mnt/c/Users/minyi/Desktop/ros2_cll/ros2_ws/install/interface/include/interface/interface/msg/stroke.h
[3.834s] -- Up-to-date: /mnt/c/Users/minyi/Desktop/ros2_cll/ros2_ws/install/interface/include/interface/interface/msg/strokes.h
[3.848s] -- Up-to-date: /mnt/c/Users/minyi/Desktop/ros2_cll/ros2_ws/install/interface/share/interface/environment/library_path.sh
[3.868s] -- Up-to-date: /mnt/c/Users/minyi/Desktop/ros2_cll/ros2_ws/install/interface/share/interface/environment/library_path.dsv
[3.888s] -- Up-to-date: /mnt/c/Users/minyi/Desktop/ros2_cll/ros2_ws/install/interface/lib/libinterface__rosidl_generator_c.so
[3.907s] -- Up-to-date: /mnt/c/Users/minyi/Desktop/ros2_cll/ros2_ws/install/interface/include/interface/interface
[3.927s] -- Up-to-date: /mnt/c/Users/minyi/Desktop/ros2_cll/ros2_ws/install/interface/include/interface/interface/msg
[3.953s] -- Up-to-date: /mnt/c/Users/minyi/Desktop/ros2_cll/ros2_ws/install/interface/include/interface/interface/msg/detail
[3.991s] -- Up-to-date: /mnt/c/Users/minyi/Desktop/ros2_cll/ros2_ws/install/interface/include/interface/interface/msg/detail/shape__rosidl_typesupport_fastrtps_c.h
[4.019s] -- Up-to-date: /mnt/c/Users/minyi/Desktop/ros2_cll/ros2_ws/install/interface/include/interface/interface/msg/detail/strokes__rosidl_typesupport_fastrtps_c.h
[4.048s] -- Up-to-date: /mnt/c/Users/minyi/Desktop/ros2_cll/ros2_ws/install/interface/include/interface/interface/msg/detail/stroke__rosidl_typesupport_fastrtps_c.h
[4.071s] -- Up-to-date: /mnt/c/Users/minyi/Desktop/ros2_cll/ros2_ws/install/interface/include/interface/interface/msg/rosidl_typesupport_fastrtps_c__visibility_control.h
[4.088s] -- Up-to-date: /mnt/c/Users/minyi/Desktop/ros2_cll/ros2_ws/install/interface/lib/libinterface__rosidl_typesupport_fastrtps_c.so
[4.104s] -- Up-to-date: /mnt/c/Users/minyi/Desktop/ros2_cll/ros2_ws/install/interface/include/interface/interface
[4.124s] -- Up-to-date: /mnt/c/Users/minyi/Desktop/ros2_cll/ros2_ws/install/interface/include/interface/interface/msg
[4.151s] -- Up-to-date: /mnt/c/Users/minyi/Desktop/ros2_cll/ros2_ws/install/interface/include/interface/interface/msg/detail
[4.190s] -- Up-to-date: /mnt/c/Users/minyi/Desktop/ros2_cll/ros2_ws/install/interface/include/interface/interface/msg/detail/shape__rosidl_typesupport_introspection_c.h
[4.219s] -- Up-to-date: /mnt/c/Users/minyi/Desktop/ros2_cll/ros2_ws/install/interface/include/interface/interface/msg/detail/shape__type_support.c
[4.248s] -- Up-to-date: /mnt/c/Users/minyi/Desktop/ros2_cll/ros2_ws/install/interface/include/interface/interface/msg/detail/strokes__rosidl_typesupport_introspection_c.h
[4.277s] -- Up-to-date: /mnt/c/Users/minyi/Desktop/ros2_cll/ros2_ws/install/interface/include/interface/interface/msg/detail/strokes__type_support.c
[4.307s] -- Up-to-date: /mnt/c/Users/minyi/Desktop/ros2_cll/ros2_ws/install/interface/include/interface/interface/msg/detail/stroke__rosidl_typesupport_introspection_c.h
[4.336s] -- Up-to-date: /mnt/c/Users/minyi/Desktop/ros2_cll/ros2_ws/install/interface/include/interface/interface/msg/detail/stroke__type_support.c
[4.361s] -- Up-to-date: /mnt/c/Users/minyi/Desktop/ros2_cll/ros2_ws/install/interface/include/interface/interface/msg/rosidl_typesupport_introspection_c__visibility_control.h
[4.379s] -- Up-to-date: /mnt/c/Users/minyi/Desktop/ros2_cll/ros2_ws/install/interface/lib/libinterface__rosidl_typesupport_introspection_c.so
[4.400s] -- Up-to-date: /mnt/c/Users/minyi/Desktop/ros2_cll/ros2_ws/install/interface/lib/libinterface__rosidl_typesupport_c.so
[4.418s] -- Up-to-date: /mnt/c/Users/minyi/Desktop/ros2_cll/ros2_ws/install/interface/include/interface/interface
[4.439s] -- Up-to-date: /mnt/c/Users/minyi/Desktop/ros2_cll/ros2_ws/install/interface/include/interface/interface/msg
[4.468s] -- Up-to-date: /mnt/c/Users/minyi/Desktop/ros2_cll/ros2_ws/install/interface/include/interface/interface/msg/detail
[4.508s] -- Up-to-date: /mnt/c/Users/minyi/Desktop/ros2_cll/ros2_ws/install/interface/include/interface/interface/msg/detail/shape__builder.hpp
[4.540s] -- Up-to-date: /mnt/c/Users/minyi/Desktop/ros2_cll/ros2_ws/install/interface/include/interface/interface/msg/detail/shape__struct.hpp
[4.571s] -- Up-to-date: /mnt/c/Users/minyi/Desktop/ros2_cll/ros2_ws/install/interface/include/interface/interface/msg/detail/shape__traits.hpp
[4.602s] -- Up-to-date: /mnt/c/Users/minyi/Desktop/ros2_cll/ros2_ws/install/interface/include/interface/interface/msg/detail/strokes__builder.hpp
[4.632s] -- Up-to-date: /mnt/c/Users/minyi/Desktop/ros2_cll/ros2_ws/install/interface/include/interface/interface/msg/detail/strokes__struct.hpp
[4.662s] -- Up-to-date: /mnt/c/Users/minyi/Desktop/ros2_cll/ros2_ws/install/interface/include/interface/interface/msg/detail/strokes__traits.hpp
[4.692s] -- Up-to-date: /mnt/c/Users/minyi/Desktop/ros2_cll/ros2_ws/install/interface/include/interface/interface/msg/detail/stroke__builder.hpp
[4.722s] -- Up-to-date: /mnt/c/Users/minyi/Desktop/ros2_cll/ros2_ws/install/interface/include/interface/interface/msg/detail/stroke__struct.hpp
[4.751s] -- Up-to-date: /mnt/c/Users/minyi/Desktop/ros2_cll/ros2_ws/install/interface/include/interface/interface/msg/detail/stroke__traits.hpp
[4.781s] -- Up-to-date: /mnt/c/Users/minyi/Desktop/ros2_cll/ros2_ws/install/interface/include/interface/interface/msg/shape.hpp
[4.805s] -- Up-to-date: /mnt/c/Users/minyi/Desktop/ros2_cll/ros2_ws/install/interface/include/interface/interface/msg/stroke.hpp
[4.830s] -- Up-to-date: /mnt/c/Users/minyi/Desktop/ros2_cll/ros2_ws/install/interface/include/interface/interface/msg/strokes.hpp
[4.843s] -- Up-to-date: /mnt/c/Users/minyi/Desktop/ros2_cll/ros2_ws/install/interface/include/interface/interface
[4.863s] -- Up-to-date: /mnt/c/Users/minyi/Desktop/ros2_cll/ros2_ws/install/interface/include/interface/interface/msg
[4.886s] -- Up-to-date: /mnt/c/Users/minyi/Desktop/ros2_cll/ros2_ws/install/interface/include/interface/interface/msg/detail
[4.914s] -- Up-to-date: /mnt/c/Users/minyi/Desktop/ros2_cll/ros2_ws/install/interface/include/interface/interface/msg/detail/dds_fastrtps
[4.953s] -- Up-to-date: /mnt/c/Users/minyi/Desktop/ros2_cll/ros2_ws/install/interface/include/interface/interface/msg/detail/shape__rosidl_typesupport_fastrtps_cpp.hpp
[4.982s] -- Up-to-date: /mnt/c/Users/minyi/Desktop/ros2_cll/ros2_ws/install/interface/include/interface/interface/msg/detail/strokes__rosidl_typesupport_fastrtps_cpp.hpp
[5.012s] -- Up-to-date: /mnt/c/Users/minyi/Desktop/ros2_cll/ros2_ws/install/interface/include/interface/interface/msg/detail/stroke__rosidl_typesupport_fastrtps_cpp.hpp
[5.037s] -- Up-to-date: /mnt/c/Users/minyi/Desktop/ros2_cll/ros2_ws/install/interface/include/interface/interface/msg/rosidl_typesupport_fastrtps_cpp__visibility_control.h
[5.059s] -- Up-to-date: /mnt/c/Users/minyi/Desktop/ros2_cll/ros2_ws/install/interface/lib/libinterface__rosidl_typesupport_fastrtps_cpp.so
[5.078s] -- Up-to-date: /mnt/c/Users/minyi/Desktop/ros2_cll/ros2_ws/install/interface/include/interface/interface
[5.099s] -- Up-to-date: /mnt/c/Users/minyi/Desktop/ros2_cll/ros2_ws/install/interface/include/interface/interface/msg
[5.126s] -- Up-to-date: /mnt/c/Users/minyi/Desktop/ros2_cll/ros2_ws/install/interface/include/interface/interface/msg/detail
[5.166s] -- Up-to-date: /mnt/c/Users/minyi/Desktop/ros2_cll/ros2_ws/install/interface/include/interface/interface/msg/detail/shape__rosidl_typesupport_introspection_cpp.hpp
[5.197s] -- Up-to-date: /mnt/c/Users/minyi/Desktop/ros2_cll/ros2_ws/install/interface/include/interface/interface/msg/detail/shape__type_support.cpp
[5.228s] -- Up-to-date: /mnt/c/Users/minyi/Desktop/ros2_cll/ros2_ws/install/interface/include/interface/interface/msg/detail/strokes__rosidl_typesupport_introspection_cpp.hpp
[5.260s] -- Up-to-date: /mnt/c/Users/minyi/Desktop/ros2_cll/ros2_ws/install/interface/include/interface/interface/msg/detail/strokes__type_support.cpp
[5.291s] -- Up-to-date: /mnt/c/Users/minyi/Desktop/ros2_cll/ros2_ws/install/interface/include/interface/interface/msg/detail/stroke__rosidl_typesupport_introspection_cpp.hpp
[5.322s] -- Up-to-date: /mnt/c/Users/minyi/Desktop/ros2_cll/ros2_ws/install/interface/include/interface/interface/msg/detail/stroke__type_support.cpp
[5.345s] -- Up-to-date: /mnt/c/Users/minyi/Desktop/ros2_cll/ros2_ws/install/interface/lib/libinterface__rosidl_typesupport_introspection_cpp.so
[5.375s] -- Up-to-date: /mnt/c/Users/minyi/Desktop/ros2_cll/ros2_ws/install/interface/lib/libinterface__rosidl_typesupport_cpp.so
[5.404s] -- Up-to-date: /mnt/c/Users/minyi/Desktop/ros2_cll/ros2_ws/install/interface/share/interface/environment/pythonpath.sh
[5.424s] -- Up-to-date: /mnt/c/Users/minyi/Desktop/ros2_cll/ros2_ws/install/interface/share/interface/environment/pythonpath.dsv
[5.437s] -- Up-to-date: /mnt/c/Users/minyi/Desktop/ros2_cll/ros2_ws/install/interface/local/lib/python3.10/dist-packages/interface-0.0.0-py3.10.egg-info
[5.458s] -- Installing: /mnt/c/Users/minyi/Desktop/ros2_cll/ros2_ws/install/interface/local/lib/python3.10/dist-packages/interface-0.0.0-py3.10.egg-info/dependency_links.txt
[5.511s] -- Installing: /mnt/c/Users/minyi/Desktop/ros2_cll/ros2_ws/install/interface/local/lib/python3.10/dist-packages/interface-0.0.0-py3.10.egg-info/PKG-INFO
[5.566s] -- Installing: /mnt/c/Users/minyi/Desktop/ros2_cll/ros2_ws/install/interface/local/lib/python3.10/dist-packages/interface-0.0.0-py3.10.egg-info/SOURCES.txt
[5.620s] -- Installing: /mnt/c/Users/minyi/Desktop/ros2_cll/ros2_ws/install/interface/local/lib/python3.10/dist-packages/interface-0.0.0-py3.10.egg-info/top_level.txt
[5.665s] -- Up-to-date: /mnt/c/Users/minyi/Desktop/ros2_cll/ros2_ws/install/interface/local/lib/python3.10/dist-packages/interface
[5.678s] -- Up-to-date: /mnt/c/Users/minyi/Desktop/ros2_cll/ros2_ws/install/interface/local/lib/python3.10/dist-packages/interface/interface_s__rosidl_typesupport_c.cpython-310-x86_64-linux-gnu.so
[5.690s] -- Up-to-date: /mnt/c/Users/minyi/Desktop/ros2_cll/ros2_ws/install/interface/local/lib/python3.10/dist-packages/interface/interface_s__rosidl_typesupport_fastrtps_c.cpython-310-x86_64-linux-gnu.so
[5.703s] -- Up-to-date: /mnt/c/Users/minyi/Desktop/ros2_cll/ros2_ws/install/interface/local/lib/python3.10/dist-packages/interface/interface_s__rosidl_typesupport_introspection_c.cpython-310-x86_64-linux-gnu.so
[5.715s] -- Up-to-date: /mnt/c/Users/minyi/Desktop/ros2_cll/ros2_ws/install/interface/local/lib/python3.10/dist-packages/interface/libinterface__rosidl_generator_py.so
[5.724s] -- Up-to-date: /mnt/c/Users/minyi/Desktop/ros2_cll/ros2_ws/install/interface/local/lib/python3.10/dist-packages/interface/msg
[5.745s] -- Up-to-date: /mnt/c/Users/minyi/Desktop/ros2_cll/ros2_ws/install/interface/local/lib/python3.10/dist-packages/interface/msg/_shape.py
[5.762s] -- Up-to-date: /mnt/c/Users/minyi/Desktop/ros2_cll/ros2_ws/install/interface/local/lib/python3.10/dist-packages/interface/msg/_shape_s.c
[5.779s] -- Up-to-date: /mnt/c/Users/minyi/Desktop/ros2_cll/ros2_ws/install/interface/local/lib/python3.10/dist-packages/interface/msg/_stroke.py
[5.797s] -- Up-to-date: /mnt/c/Users/minyi/Desktop/ros2_cll/ros2_ws/install/interface/local/lib/python3.10/dist-packages/interface/msg/_strokes.py
[5.814s] -- Up-to-date: /mnt/c/Users/minyi/Desktop/ros2_cll/ros2_ws/install/interface/local/lib/python3.10/dist-packages/interface/msg/_strokes_s.c
[5.831s] -- Up-to-date: /mnt/c/Users/minyi/Desktop/ros2_cll/ros2_ws/install/interface/local/lib/python3.10/dist-packages/interface/msg/_stroke_s.c
[5.849s] -- Up-to-date: /mnt/c/Users/minyi/Desktop/ros2_cll/ros2_ws/install/interface/local/lib/python3.10/dist-packages/interface/msg/__init__.py
[5.863s] -- Up-to-date: /mnt/c/Users/minyi/Desktop/ros2_cll/ros2_ws/install/interface/local/lib/python3.10/dist-packages/interface/_interface_s.ep.rosidl_typesupport_c.c
[5.875s] -- Up-to-date: /mnt/c/Users/minyi/Desktop/ros2_cll/ros2_ws/install/interface/local/lib/python3.10/dist-packages/interface/_interface_s.ep.rosidl_typesupport_fastrtps_c.c
[5.888s] -- Up-to-date: /mnt/c/Users/minyi/Desktop/ros2_cll/ros2_ws/install/interface/local/lib/python3.10/dist-packages/interface/_interface_s.ep.rosidl_typesupport_introspection_c.c
[5.901s] -- Up-to-date: /mnt/c/Users/minyi/Desktop/ros2_cll/ros2_ws/install/interface/local/lib/python3.10/dist-packages/interface/__init__.py
[6.175s] Listing '/mnt/c/Users/minyi/Desktop/ros2_cll/ros2_ws/install/interface/local/lib/python3.10/dist-packages/interface'...
[6.177s] Listing '/mnt/c/Users/minyi/Desktop/ros2_cll/ros2_ws/install/interface/local/lib/python3.10/dist-packages/interface/msg'...
[6.203s] -- Up-to-date: /mnt/c/Users/minyi/Desktop/ros2_cll/ros2_ws/install/interface/local/lib/python3.10/dist-packages/interface/interface_s__rosidl_typesupport_fastrtps_c.cpython-310-x86_64-linux-gnu.so
[6.241s] -- Up-to-date: /mnt/c/Users/minyi/Desktop/ros2_cll/ros2_ws/install/interface/local/lib/python3.10/dist-packages/interface/interface_s__rosidl_typesupport_introspection_c.cpython-310-x86_64-linux-gnu.so
[6.275s] -- Up-to-date: /mnt/c/Users/minyi/Desktop/ros2_cll/ros2_ws/install/interface/local/lib/python3.10/dist-packages/interface/interface_s__rosidl_typesupport_c.cpython-310-x86_64-linux-gnu.so
[6.303s] -- Up-to-date: /mnt/c/Users/minyi/Desktop/ros2_cll/ros2_ws/install/interface/lib/libinterface__rosidl_generator_py.so
[6.337s] -- Up-to-date: /mnt/c/Users/minyi/Desktop/ros2_cll/ros2_ws/install/interface/share/interface/msg/Shape.idl
[6.362s] -- Up-to-date: /mnt/c/Users/minyi/Desktop/ros2_cll/ros2_ws/install/interface/share/interface/msg/Stroke.idl
[6.388s] -- Up-to-date: /mnt/c/Users/minyi/Desktop/ros2_cll/ros2_ws/install/interface/share/interface/msg/Strokes.idl
[6.412s] -- Up-to-date: /mnt/c/Users/minyi/Desktop/ros2_cll/ros2_ws/install/interface/share/interface/msg/Shape.msg
[6.438s] -- Up-to-date: /mnt/c/Users/minyi/Desktop/ros2_cll/ros2_ws/install/interface/share/interface/msg/Stroke.msg
[6.464s] -- Up-to-date: /mnt/c/Users/minyi/Desktop/ros2_cll/ros2_ws/install/interface/share/interface/msg/Strokes.msg
[6.497s] -- Up-to-date: /mnt/c/Users/minyi/Desktop/ros2_cll/ros2_ws/install/interface/share/ament_index/resource_index/package_run_dependencies/interface
[6.531s] -- Up-to-date: /mnt/c/Users/minyi/Desktop/ros2_cll/ros2_ws/install/interface/share/ament_index/resource_index/parent_prefix_path/interface
[6.546s] -- Up-to-date: /mnt/c/Users/minyi/Desktop/ros2_cll/ros2_ws/install/interface/share/interface/environment/ament_prefix_path.sh
[6.567s] -- Up-to-date: /mnt/c/Users/minyi/Desktop/ros2_cll/ros2_ws/install/interface/share/interface/environment/ament_prefix_path.dsv
[6.581s] -- Up-to-date: /mnt/c/Users/minyi/Desktop/ros2_cll/ros2_ws/install/interface/share/interface/environment/path.sh
[6.601s] -- Up-to-date: /mnt/c/Users/minyi/Desktop/ros2_cll/ros2_ws/install/interface/share/interface/environment/path.dsv
[6.618s] -- Up-to-date: /mnt/c/Users/minyi/Desktop/ros2_cll/ros2_ws/install/interface/share/interface/local_setup.bash
[6.636s] -- Up-to-date: /mnt/c/Users/minyi/Desktop/ros2_cll/ros2_ws/install/interface/share/interface/local_setup.sh
[6.654s] -- Up-to-date: /mnt/c/Users/minyi/Desktop/ros2_cll/ros2_ws/install/interface/share/interface/local_setup.zsh
[6.672s] -- Up-to-date: /mnt/c/Users/minyi/Desktop/ros2_cll/ros2_ws/install/interface/share/interface/local_setup.dsv
[6.690s] -- Installing: /mnt/c/Users/minyi/Desktop/ros2_cll/ros2_ws/install/interface/share/interface/package.dsv
[6.764s] -- Up-to-date: /mnt/c/Users/minyi/Desktop/ros2_cll/ros2_ws/install/interface/share/ament_index/resource_index/packages/interface
[6.815s] -- Up-to-date: /mnt/c/Users/minyi/Desktop/ros2_cll/ros2_ws/install/interface/share/interface/cmake/export_interface__rosidl_generator_cExport.cmake
[6.848s] -- Up-to-date: /mnt/c/Users/minyi/Desktop/ros2_cll/ros2_ws/install/interface/share/interface/cmake/export_interface__rosidl_generator_cExport-noconfig.cmake
[6.900s] -- Up-to-date: /mnt/c/Users/minyi/Desktop/ros2_cll/ros2_ws/install/interface/share/interface/cmake/export_interface__rosidl_typesupport_fastrtps_cExport.cmake
[6.933s] -- Up-to-date: /mnt/c/Users/minyi/Desktop/ros2_cll/ros2_ws/install/interface/share/interface/cmake/export_interface__rosidl_typesupport_fastrtps_cExport-noconfig.cmake
[6.980s] -- Up-to-date: /mnt/c/Users/minyi/Desktop/ros2_cll/ros2_ws/install/interface/share/interface/cmake/interface__rosidl_typesupport_introspection_cExport.cmake
[7.011s] -- Up-to-date: /mnt/c/Users/minyi/Desktop/ros2_cll/ros2_ws/install/interface/share/interface/cmake/interface__rosidl_typesupport_introspection_cExport-noconfig.cmake
[7.058s] -- Up-to-date: /mnt/c/Users/minyi/Desktop/ros2_cll/ros2_ws/install/interface/share/interface/cmake/interface__rosidl_typesupport_cExport.cmake
[7.090s] -- Up-to-date: /mnt/c/Users/minyi/Desktop/ros2_cll/ros2_ws/install/interface/share/interface/cmake/interface__rosidl_typesupport_cExport-noconfig.cmake
[7.136s] -- Up-to-date: /mnt/c/Users/minyi/Desktop/ros2_cll/ros2_ws/install/interface/share/interface/cmake/export_interface__rosidl_generator_cppExport.cmake
[7.185s] -- Up-to-date: /mnt/c/Users/minyi/Desktop/ros2_cll/ros2_ws/install/interface/share/interface/cmake/export_interface__rosidl_typesupport_fastrtps_cppExport.cmake
[7.215s] -- Up-to-date: /mnt/c/Users/minyi/Desktop/ros2_cll/ros2_ws/install/interface/share/interface/cmake/export_interface__rosidl_typesupport_fastrtps_cppExport-noconfig.cmake
[7.264s] -- Up-to-date: /mnt/c/Users/minyi/Desktop/ros2_cll/ros2_ws/install/interface/share/interface/cmake/interface__rosidl_typesupport_introspection_cppExport.cmake
[7.297s] -- Up-to-date: /mnt/c/Users/minyi/Desktop/ros2_cll/ros2_ws/install/interface/share/interface/cmake/interface__rosidl_typesupport_introspection_cppExport-noconfig.cmake
[7.346s] -- Up-to-date: /mnt/c/Users/minyi/Desktop/ros2_cll/ros2_ws/install/interface/share/interface/cmake/interface__rosidl_typesupport_cppExport.cmake
[7.377s] -- Up-to-date: /mnt/c/Users/minyi/Desktop/ros2_cll/ros2_ws/install/interface/share/interface/cmake/interface__rosidl_typesupport_cppExport-noconfig.cmake
[7.423s] -- Up-to-date: /mnt/c/Users/minyi/Desktop/ros2_cll/ros2_ws/install/interface/share/interface/cmake/export_interface__rosidl_generator_pyExport.cmake
[7.455s] -- Up-to-date: /mnt/c/Users/minyi/Desktop/ros2_cll/ros2_ws/install/interface/share/interface/cmake/export_interface__rosidl_generator_pyExport-noconfig.cmake
[7.475s] -- Up-to-date: /mnt/c/Users/minyi/Desktop/ros2_cll/ros2_ws/install/interface/share/interface/cmake/rosidl_cmake-extras.cmake
[7.495s] -- Up-to-date: /mnt/c/Users/minyi/Desktop/ros2_cll/ros2_ws/install/interface/share/interface/cmake/ament_cmake_export_include_directories-extras.cmake
[7.515s] -- Up-to-date: /mnt/c/Users/minyi/Desktop/ros2_cll/ros2_ws/install/interface/share/interface/cmake/ament_cmake_export_libraries-extras.cmake
[7.535s] -- Up-to-date: /mnt/c/Users/minyi/Desktop/ros2_cll/ros2_ws/install/interface/share/interface/cmake/ament_cmake_export_targets-extras.cmake
[7.555s] -- Up-to-date: /mnt/c/Users/minyi/Desktop/ros2_cll/ros2_ws/install/interface/share/interface/cmake/rosidl_cmake_export_typesupport_targets-extras.cmake
[7.575s] -- Up-to-date: /mnt/c/Users/minyi/Desktop/ros2_cll/ros2_ws/install/interface/share/interface/cmake/ament_cmake_export_dependencies-extras.cmake
[7.595s] -- Up-to-date: /mnt/c/Users/minyi/Desktop/ros2_cll/ros2_ws/install/interface/share/interface/cmake/rosidl_cmake_export_typesupport_libraries-extras.cmake
[7.615s] -- Up-to-date: /mnt/c/Users/minyi/Desktop/ros2_cll/ros2_ws/install/interface/share/interface/cmake/interfaceConfig.cmake
[7.632s] -- Up-to-date: /mnt/c/Users/minyi/Desktop/ros2_cll/ros2_ws/install/interface/share/interface/cmake/interfaceConfig-version.cmake
[7.652s] -- Up-to-date: /mnt/c/Users/minyi/Desktop/ros2_cll/ros2_ws/install/interface/share/interface/package.xml
[7.670s] Invoked command in '/mnt/c/Users/minyi/Desktop/ros2_cll/ros2_ws/build/interface' returned '0': CMAKE_PREFIX_PATH=${CMAKE_PREFIX_PATH}:/mnt/c/Users/minyi/Desktop/ros2_cll/ros2_ws/install/nao_writing:/opt/ros/humble /usr/bin/cmake --install /mnt/c/Users/minyi/Desktop/ros2_cll/ros2_ws/build/interface
