[0.961s] DEBUG:colcon:Command line arguments: ['/usr/bin/colcon', 'build']
[0.961s] DEBUG:colcon:Parsed command line arguments: Namespace(log_base=None, log_level=None, verb_name='build', build_base='build', install_base='install', merge_install=False, symlink_install=False, test_result_base=None, continue_on_error=False, executor='parallel', parallel_workers=16, event_handlers=None, ignore_user_meta=False, metas=['./colcon.meta'], base_paths=['.'], packages_ignore=None, packages_ignore_regex=None, paths=None, packages_up_to=None, packages_up_to_regex=None, packages_above=None, packages_above_and_dependencies=None, packages_above_depth=None, packages_select_by_dep=None, packages_skip_by_dep=None, packages_skip_up_to=None, packages_select_build_failed=False, packages_skip_build_finished=False, packages_select_test_failures=False, packages_skip_test_passed=False, packages_select=None, packages_skip=None, packages_select_regex=None, packages_skip_regex=None, packages_start=None, packages_end=None, allow_overriding=[], cmake_args=None, cmake_target=None, cmake_target_skip_unavailable=False, cmake_clean_cache=False, cmake_clean_first=False, cmake_force_configure=False, ament_cmake_args=None, catkin_cmake_args=None, catkin_skip_building_tests=False, verb_parser=<colcon_defaults.argument_parser.defaults.DefaultArgumentsDecorator object at 0x7fa405697850>, verb_extension=<colcon_core.verb.build.BuildVerb object at 0x7fa405865330>, main=<bound method BuildVerb.main of <colcon_core.verb.build.BuildVerb object at 0x7fa405865330>>)
[1.052s] Level 1:colcon.colcon_core.package_discovery:discover_packages(colcon_meta) check parameters
[1.053s] Level 1:colcon.colcon_core.package_discovery:discover_packages(recursive) check parameters
[1.053s] Level 1:colcon.colcon_core.package_discovery:discover_packages(ignore) check parameters
[1.053s] Level 1:colcon.colcon_core.package_discovery:discover_packages(path) check parameters
[1.053s] Level 1:colcon.colcon_core.package_discovery:discover_packages(colcon_meta) discover
[1.054s] Level 1:colcon.colcon_core.package_discovery:discover_packages(recursive) discover
[1.054s] INFO:colcon.colcon_core.package_discovery:Crawling recursively for packages in '/mnt/c/Users/minyi/Desktop/ros2_cll/ros2_ws'
[1.056s] Level 1:colcon.colcon_core.package_identification:_identify(.) by extensions ['ignore', 'ignore_ament_install']
[1.056s] Level 1:colcon.colcon_core.package_identification:_identify(.) by extension 'ignore'
[1.057s] Level 1:colcon.colcon_core.package_identification:_identify(.) by extension 'ignore_ament_install'
[1.057s] Level 1:colcon.colcon_core.package_identification:_identify(.) by extensions ['colcon_pkg']
[1.057s] Level 1:colcon.colcon_core.package_identification:_identify(.) by extension 'colcon_pkg'
[1.058s] Level 1:colcon.colcon_core.package_identification:_identify(.) by extensions ['colcon_meta']
[1.058s] Level 1:colcon.colcon_core.package_identification:_identify(.) by extension 'colcon_meta'
[1.059s] Level 1:colcon.colcon_core.package_identification:_identify(.) by extensions ['ros']
[1.059s] Level 1:colcon.colcon_core.package_identification:_identify(.) by extension 'ros'
[1.087s] Level 1:colcon.colcon_core.package_identification:_identify(.) by extensions ['cmake', 'python']
[1.088s] Level 1:colcon.colcon_core.package_identification:_identify(.) by extension 'cmake'
[1.088s] Level 1:colcon.colcon_core.package_identification:_identify(.) by extension 'python'
[1.088s] Level 1:colcon.colcon_core.package_identification:_identify(.) by extensions ['python_setup_py']
[1.089s] Level 1:colcon.colcon_core.package_identification:_identify(.) by extension 'python_setup_py'
[1.092s] Level 1:colcon.colcon_core.package_identification:_identify(__pycache__) by extensions ['ignore', 'ignore_ament_install']
[1.093s] Level 1:colcon.colcon_core.package_identification:_identify(__pycache__) by extension 'ignore'
[1.094s] Level 1:colcon.colcon_core.package_identification:_identify(__pycache__) by extension 'ignore_ament_install'
[1.096s] Level 1:colcon.colcon_core.package_identification:_identify(__pycache__) by extensions ['colcon_pkg']
[1.096s] Level 1:colcon.colcon_core.package_identification:_identify(__pycache__) by extension 'colcon_pkg'
[1.097s] Level 1:colcon.colcon_core.package_identification:_identify(__pycache__) by extensions ['colcon_meta']
[1.097s] Level 1:colcon.colcon_core.package_identification:_identify(__pycache__) by extension 'colcon_meta'
[1.098s] Level 1:colcon.colcon_core.package_identification:_identify(__pycache__) by extensions ['ros']
[1.098s] Level 1:colcon.colcon_core.package_identification:_identify(__pycache__) by extension 'ros'
[1.103s] Level 1:colcon.colcon_core.package_identification:_identify(__pycache__) by extensions ['cmake', 'python']
[1.103s] Level 1:colcon.colcon_core.package_identification:_identify(__pycache__) by extension 'cmake'
[1.104s] Level 1:colcon.colcon_core.package_identification:_identify(__pycache__) by extension 'python'
[1.105s] Level 1:colcon.colcon_core.package_identification:_identify(__pycache__) by extensions ['python_setup_py']
[1.105s] Level 1:colcon.colcon_core.package_identification:_identify(__pycache__) by extension 'python_setup_py'
[1.109s] Level 1:colcon.colcon_core.package_identification:_identify(build) by extensions ['ignore', 'ignore_ament_install']
[1.110s] Level 1:colcon.colcon_core.package_identification:_identify(build) by extension 'ignore'
[1.111s] Level 1:colcon.colcon_core.package_identification:_identify(build) ignored
[1.115s] Level 1:colcon.colcon_core.package_identification:_identify(install) by extensions ['ignore', 'ignore_ament_install']
[1.115s] Level 1:colcon.colcon_core.package_identification:_identify(install) by extension 'ignore'
[1.117s] Level 1:colcon.colcon_core.package_identification:_identify(install) ignored
[1.121s] Level 1:colcon.colcon_core.package_identification:_identify(log) by extensions ['ignore', 'ignore_ament_install']
[1.122s] Level 1:colcon.colcon_core.package_identification:_identify(log) by extension 'ignore'
[1.123s] Level 1:colcon.colcon_core.package_identification:_identify(log) ignored
[1.126s] Level 1:colcon.colcon_core.package_identification:_identify(src) by extensions ['ignore', 'ignore_ament_install']
[1.126s] Level 1:colcon.colcon_core.package_identification:_identify(src) by extension 'ignore'
[1.127s] Level 1:colcon.colcon_core.package_identification:_identify(src) by extension 'ignore_ament_install'
[1.130s] Level 1:colcon.colcon_core.package_identification:_identify(src) by extensions ['colcon_pkg']
[1.130s] Level 1:colcon.colcon_core.package_identification:_identify(src) by extension 'colcon_pkg'
[1.131s] Level 1:colcon.colcon_core.package_identification:_identify(src) by extensions ['colcon_meta']
[1.131s] Level 1:colcon.colcon_core.package_identification:_identify(src) by extension 'colcon_meta'
[1.132s] Level 1:colcon.colcon_core.package_identification:_identify(src) by extensions ['ros']
[1.133s] Level 1:colcon.colcon_core.package_identification:_identify(src) by extension 'ros'
[1.136s] Level 1:colcon.colcon_core.package_identification:_identify(src) by extensions ['cmake', 'python']
[1.137s] Level 1:colcon.colcon_core.package_identification:_identify(src) by extension 'cmake'
[1.138s] Level 1:colcon.colcon_core.package_identification:_identify(src) by extension 'python'
[1.139s] Level 1:colcon.colcon_core.package_identification:_identify(src) by extensions ['python_setup_py']
[1.139s] Level 1:colcon.colcon_core.package_identification:_identify(src) by extension 'python_setup_py'
[1.145s] Level 1:colcon.colcon_core.package_identification:_identify(src/__pycache__) by extensions ['ignore', 'ignore_ament_install']
[1.145s] Level 1:colcon.colcon_core.package_identification:_identify(src/__pycache__) by extension 'ignore'
[1.147s] Level 1:colcon.colcon_core.package_identification:_identify(src/__pycache__) by extension 'ignore_ament_install'
[1.150s] Level 1:colcon.colcon_core.package_identification:_identify(src/__pycache__) by extensions ['colcon_pkg']
[1.150s] Level 1:colcon.colcon_core.package_identification:_identify(src/__pycache__) by extension 'colcon_pkg'
[1.151s] Level 1:colcon.colcon_core.package_identification:_identify(src/__pycache__) by extensions ['colcon_meta']
[1.152s] Level 1:colcon.colcon_core.package_identification:_identify(src/__pycache__) by extension 'colcon_meta'
[1.154s] Level 1:colcon.colcon_core.package_identification:_identify(src/__pycache__) by extensions ['ros']
[1.154s] Level 1:colcon.colcon_core.package_identification:_identify(src/__pycache__) by extension 'ros'
[1.162s] Level 1:colcon.colcon_core.package_identification:_identify(src/__pycache__) by extensions ['cmake', 'python']
[1.162s] Level 1:colcon.colcon_core.package_identification:_identify(src/__pycache__) by extension 'cmake'
[1.164s] Level 1:colcon.colcon_core.package_identification:_identify(src/__pycache__) by extension 'python'
[1.165s] Level 1:colcon.colcon_core.package_identification:_identify(src/__pycache__) by extensions ['python_setup_py']
[1.166s] Level 1:colcon.colcon_core.package_identification:_identify(src/__pycache__) by extension 'python_setup_py'
[1.173s] Level 1:colcon.colcon_core.package_identification:_identify(src/interface) by extensions ['ignore', 'ignore_ament_install']
[1.173s] Level 1:colcon.colcon_core.package_identification:_identify(src/interface) by extension 'ignore'
[1.175s] Level 1:colcon.colcon_core.package_identification:_identify(src/interface) by extension 'ignore_ament_install'
[1.177s] Level 1:colcon.colcon_core.package_identification:_identify(src/interface) by extensions ['colcon_pkg']
[1.178s] Level 1:colcon.colcon_core.package_identification:_identify(src/interface) by extension 'colcon_pkg'
[1.179s] Level 1:colcon.colcon_core.package_identification:_identify(src/interface) by extensions ['colcon_meta']
[1.179s] Level 1:colcon.colcon_core.package_identification:_identify(src/interface) by extension 'colcon_meta'
[1.182s] Level 1:colcon.colcon_core.package_identification:_identify(src/interface) by extensions ['ros']
[1.182s] Level 1:colcon.colcon_core.package_identification:_identify(src/interface) by extension 'ros'
[1.201s] DEBUG:colcon.colcon_core.package_identification:Package 'src/interface' with type 'ros.ament_cmake' and name 'interface'
[1.207s] Level 1:colcon.colcon_core.package_identification:_identify(src/nao_writing) by extensions ['ignore', 'ignore_ament_install']
[1.208s] Level 1:colcon.colcon_core.package_identification:_identify(src/nao_writing) by extension 'ignore'
[1.210s] Level 1:colcon.colcon_core.package_identification:_identify(src/nao_writing) by extension 'ignore_ament_install'
[1.213s] Level 1:colcon.colcon_core.package_identification:_identify(src/nao_writing) by extensions ['colcon_pkg']
[1.213s] Level 1:colcon.colcon_core.package_identification:_identify(src/nao_writing) by extension 'colcon_pkg'
[1.214s] Level 1:colcon.colcon_core.package_identification:_identify(src/nao_writing) by extensions ['colcon_meta']
[1.215s] Level 1:colcon.colcon_core.package_identification:_identify(src/nao_writing) by extension 'colcon_meta'
[1.217s] Level 1:colcon.colcon_core.package_identification:_identify(src/nao_writing) by extensions ['ros']
[1.217s] Level 1:colcon.colcon_core.package_identification:_identify(src/nao_writing) by extension 'ros'
[1.234s] DEBUG:colcon.colcon_core.package_identification:Package 'src/nao_writing' with type 'ros.ament_python' and name 'nao_writing'
[1.239s] Level 1:colcon.colcon_core.package_identification:_identify(src/utils) by extensions ['ignore', 'ignore_ament_install']
[1.239s] Level 1:colcon.colcon_core.package_identification:_identify(src/utils) by extension 'ignore'
[1.241s] Level 1:colcon.colcon_core.package_identification:_identify(src/utils) by extension 'ignore_ament_install'
[1.244s] Level 1:colcon.colcon_core.package_identification:_identify(src/utils) by extensions ['colcon_pkg']
[1.244s] Level 1:colcon.colcon_core.package_identification:_identify(src/utils) by extension 'colcon_pkg'
[1.246s] Level 1:colcon.colcon_core.package_identification:_identify(src/utils) by extensions ['colcon_meta']
[1.246s] Level 1:colcon.colcon_core.package_identification:_identify(src/utils) by extension 'colcon_meta'
[1.249s] Level 1:colcon.colcon_core.package_identification:_identify(src/utils) by extensions ['ros']
[1.249s] Level 1:colcon.colcon_core.package_identification:_identify(src/utils) by extension 'ros'
[1.256s] Level 1:colcon.colcon_core.package_identification:_identify(src/utils) by extensions ['cmake', 'python']
[1.256s] Level 1:colcon.colcon_core.package_identification:_identify(src/utils) by extension 'cmake'
[1.258s] Level 1:colcon.colcon_core.package_identification:_identify(src/utils) by extension 'python'
[1.259s] Level 1:colcon.colcon_core.package_identification:_identify(src/utils) by extensions ['python_setup_py']
[1.259s] Level 1:colcon.colcon_core.package_identification:_identify(src/utils) by extension 'python_setup_py'
[1.268s] Level 1:colcon.colcon_core.package_identification:_identify(src/utils/__pycache__) by extensions ['ignore', 'ignore_ament_install']
[1.268s] Level 1:colcon.colcon_core.package_identification:_identify(src/utils/__pycache__) by extension 'ignore'
[1.270s] Level 1:colcon.colcon_core.package_identification:_identify(src/utils/__pycache__) by extension 'ignore_ament_install'
[1.274s] Level 1:colcon.colcon_core.package_identification:_identify(src/utils/__pycache__) by extensions ['colcon_pkg']
[1.275s] Level 1:colcon.colcon_core.package_identification:_identify(src/utils/__pycache__) by extension 'colcon_pkg'
[1.277s] Level 1:colcon.colcon_core.package_identification:_identify(src/utils/__pycache__) by extensions ['colcon_meta']
[1.277s] Level 1:colcon.colcon_core.package_identification:_identify(src/utils/__pycache__) by extension 'colcon_meta'
[1.281s] Level 1:colcon.colcon_core.package_identification:_identify(src/utils/__pycache__) by extensions ['ros']
[1.282s] Level 1:colcon.colcon_core.package_identification:_identify(src/utils/__pycache__) by extension 'ros'
[1.292s] Level 1:colcon.colcon_core.package_identification:_identify(src/utils/__pycache__) by extensions ['cmake', 'python']
[1.292s] Level 1:colcon.colcon_core.package_identification:_identify(src/utils/__pycache__) by extension 'cmake'
[1.295s] Level 1:colcon.colcon_core.package_identification:_identify(src/utils/__pycache__) by extension 'python'
[1.297s] Level 1:colcon.colcon_core.package_identification:_identify(src/utils/__pycache__) by extensions ['python_setup_py']
[1.297s] Level 1:colcon.colcon_core.package_identification:_identify(src/utils/__pycache__) by extension 'python_setup_py'
[1.307s] Level 1:colcon.colcon_core.package_identification:_identify(src/utils/letter_model_datasets) by extensions ['ignore', 'ignore_ament_install']
[1.307s] Level 1:colcon.colcon_core.package_identification:_identify(src/utils/letter_model_datasets) by extension 'ignore'
[1.309s] Level 1:colcon.colcon_core.package_identification:_identify(src/utils/letter_model_datasets) by extension 'ignore_ament_install'
[1.314s] Level 1:colcon.colcon_core.package_identification:_identify(src/utils/letter_model_datasets) by extensions ['colcon_pkg']
[1.314s] Level 1:colcon.colcon_core.package_identification:_identify(src/utils/letter_model_datasets) by extension 'colcon_pkg'
[1.316s] Level 1:colcon.colcon_core.package_identification:_identify(src/utils/letter_model_datasets) by extensions ['colcon_meta']
[1.316s] Level 1:colcon.colcon_core.package_identification:_identify(src/utils/letter_model_datasets) by extension 'colcon_meta'
[1.321s] Level 1:colcon.colcon_core.package_identification:_identify(src/utils/letter_model_datasets) by extensions ['ros']
[1.321s] Level 1:colcon.colcon_core.package_identification:_identify(src/utils/letter_model_datasets) by extension 'ros'
[1.331s] Level 1:colcon.colcon_core.package_identification:_identify(src/utils/letter_model_datasets) by extensions ['cmake', 'python']
[1.332s] Level 1:colcon.colcon_core.package_identification:_identify(src/utils/letter_model_datasets) by extension 'cmake'
[1.334s] Level 1:colcon.colcon_core.package_identification:_identify(src/utils/letter_model_datasets) by extension 'python'
[1.336s] Level 1:colcon.colcon_core.package_identification:_identify(src/utils/letter_model_datasets) by extensions ['python_setup_py']
[1.336s] Level 1:colcon.colcon_core.package_identification:_identify(src/utils/letter_model_datasets) by extension 'python_setup_py'
[1.349s] Level 1:colcon.colcon_core.package_identification:_identify(src/utils/letter_model_datasets/alexis_set_for_children) by extensions ['ignore', 'ignore_ament_install']
[1.349s] Level 1:colcon.colcon_core.package_identification:_identify(src/utils/letter_model_datasets/alexis_set_for_children) by extension 'ignore'
[1.352s] Level 1:colcon.colcon_core.package_identification:_identify(src/utils/letter_model_datasets/alexis_set_for_children) by extension 'ignore_ament_install'
[1.357s] Level 1:colcon.colcon_core.package_identification:_identify(src/utils/letter_model_datasets/alexis_set_for_children) by extensions ['colcon_pkg']
[1.357s] Level 1:colcon.colcon_core.package_identification:_identify(src/utils/letter_model_datasets/alexis_set_for_children) by extension 'colcon_pkg'
[1.360s] Level 1:colcon.colcon_core.package_identification:_identify(src/utils/letter_model_datasets/alexis_set_for_children) by extensions ['colcon_meta']
[1.360s] Level 1:colcon.colcon_core.package_identification:_identify(src/utils/letter_model_datasets/alexis_set_for_children) by extension 'colcon_meta'
[1.367s] Level 1:colcon.colcon_core.package_identification:_identify(src/utils/letter_model_datasets/alexis_set_for_children) by extensions ['ros']
[1.368s] Level 1:colcon.colcon_core.package_identification:_identify(src/utils/letter_model_datasets/alexis_set_for_children) by extension 'ros'
[1.381s] Level 1:colcon.colcon_core.package_identification:_identify(src/utils/letter_model_datasets/alexis_set_for_children) by extensions ['cmake', 'python']
[1.381s] Level 1:colcon.colcon_core.package_identification:_identify(src/utils/letter_model_datasets/alexis_set_for_children) by extension 'cmake'
[1.385s] Level 1:colcon.colcon_core.package_identification:_identify(src/utils/letter_model_datasets/alexis_set_for_children) by extension 'python'
[1.388s] Level 1:colcon.colcon_core.package_identification:_identify(src/utils/letter_model_datasets/alexis_set_for_children) by extensions ['python_setup_py']
[1.388s] Level 1:colcon.colcon_core.package_identification:_identify(src/utils/letter_model_datasets/alexis_set_for_children) by extension 'python_setup_py'
[1.402s] Level 1:colcon.colcon_core.package_identification:_identify(src/utils/letter_model_datasets/bad_letters) by extensions ['ignore', 'ignore_ament_install']
[1.402s] Level 1:colcon.colcon_core.package_identification:_identify(src/utils/letter_model_datasets/bad_letters) by extension 'ignore'
[1.405s] Level 1:colcon.colcon_core.package_identification:_identify(src/utils/letter_model_datasets/bad_letters) by extension 'ignore_ament_install'
[1.411s] Level 1:colcon.colcon_core.package_identification:_identify(src/utils/letter_model_datasets/bad_letters) by extensions ['colcon_pkg']
[1.412s] Level 1:colcon.colcon_core.package_identification:_identify(src/utils/letter_model_datasets/bad_letters) by extension 'colcon_pkg'
[1.415s] Level 1:colcon.colcon_core.package_identification:_identify(src/utils/letter_model_datasets/bad_letters) by extensions ['colcon_meta']
[1.415s] Level 1:colcon.colcon_core.package_identification:_identify(src/utils/letter_model_datasets/bad_letters) by extension 'colcon_meta'
[1.423s] Level 1:colcon.colcon_core.package_identification:_identify(src/utils/letter_model_datasets/bad_letters) by extensions ['ros']
[1.423s] Level 1:colcon.colcon_core.package_identification:_identify(src/utils/letter_model_datasets/bad_letters) by extension 'ros'
[1.436s] Level 1:colcon.colcon_core.package_identification:_identify(src/utils/letter_model_datasets/bad_letters) by extensions ['cmake', 'python']
[1.436s] Level 1:colcon.colcon_core.package_identification:_identify(src/utils/letter_model_datasets/bad_letters) by extension 'cmake'
[1.439s] Level 1:colcon.colcon_core.package_identification:_identify(src/utils/letter_model_datasets/bad_letters) by extension 'python'
[1.441s] Level 1:colcon.colcon_core.package_identification:_identify(src/utils/letter_model_datasets/bad_letters) by extensions ['python_setup_py']
[1.442s] Level 1:colcon.colcon_core.package_identification:_identify(src/utils/letter_model_datasets/bad_letters) by extension 'python_setup_py'
[1.455s] Level 1:colcon.colcon_core.package_identification:_identify(src/utils/letter_model_datasets/uji_pen_chars2) by extensions ['ignore', 'ignore_ament_install']
[1.455s] Level 1:colcon.colcon_core.package_identification:_identify(src/utils/letter_model_datasets/uji_pen_chars2) by extension 'ignore'
[1.458s] Level 1:colcon.colcon_core.package_identification:_identify(src/utils/letter_model_datasets/uji_pen_chars2) by extension 'ignore_ament_install'
[1.464s] Level 1:colcon.colcon_core.package_identification:_identify(src/utils/letter_model_datasets/uji_pen_chars2) by extensions ['colcon_pkg']
[1.464s] Level 1:colcon.colcon_core.package_identification:_identify(src/utils/letter_model_datasets/uji_pen_chars2) by extension 'colcon_pkg'
[1.467s] Level 1:colcon.colcon_core.package_identification:_identify(src/utils/letter_model_datasets/uji_pen_chars2) by extensions ['colcon_meta']
[1.467s] Level 1:colcon.colcon_core.package_identification:_identify(src/utils/letter_model_datasets/uji_pen_chars2) by extension 'colcon_meta'
[1.474s] Level 1:colcon.colcon_core.package_identification:_identify(src/utils/letter_model_datasets/uji_pen_chars2) by extensions ['ros']
[1.474s] Level 1:colcon.colcon_core.package_identification:_identify(src/utils/letter_model_datasets/uji_pen_chars2) by extension 'ros'
[1.486s] Level 1:colcon.colcon_core.package_identification:_identify(src/utils/letter_model_datasets/uji_pen_chars2) by extensions ['cmake', 'python']
[1.487s] Level 1:colcon.colcon_core.package_identification:_identify(src/utils/letter_model_datasets/uji_pen_chars2) by extension 'cmake'
[1.490s] Level 1:colcon.colcon_core.package_identification:_identify(src/utils/letter_model_datasets/uji_pen_chars2) by extension 'python'
[1.493s] Level 1:colcon.colcon_core.package_identification:_identify(src/utils/letter_model_datasets/uji_pen_chars2) by extensions ['python_setup_py']
[1.493s] Level 1:colcon.colcon_core.package_identification:_identify(src/utils/letter_model_datasets/uji_pen_chars2) by extension 'python_setup_py'
[1.506s] Level 1:colcon.colcon_core.package_identification:_identify(src/utils/letter_model_datasets/uji_pen_subset) by extensions ['ignore', 'ignore_ament_install']
[1.507s] Level 1:colcon.colcon_core.package_identification:_identify(src/utils/letter_model_datasets/uji_pen_subset) by extension 'ignore'
[1.510s] Level 1:colcon.colcon_core.package_identification:_identify(src/utils/letter_model_datasets/uji_pen_subset) by extension 'ignore_ament_install'
[1.515s] Level 1:colcon.colcon_core.package_identification:_identify(src/utils/letter_model_datasets/uji_pen_subset) by extensions ['colcon_pkg']
[1.515s] Level 1:colcon.colcon_core.package_identification:_identify(src/utils/letter_model_datasets/uji_pen_subset) by extension 'colcon_pkg'
[1.517s] Level 1:colcon.colcon_core.package_identification:_identify(src/utils/letter_model_datasets/uji_pen_subset) by extensions ['colcon_meta']
[1.518s] Level 1:colcon.colcon_core.package_identification:_identify(src/utils/letter_model_datasets/uji_pen_subset) by extension 'colcon_meta'
[1.524s] Level 1:colcon.colcon_core.package_identification:_identify(src/utils/letter_model_datasets/uji_pen_subset) by extensions ['ros']
[1.525s] Level 1:colcon.colcon_core.package_identification:_identify(src/utils/letter_model_datasets/uji_pen_subset) by extension 'ros'
[1.538s] Level 1:colcon.colcon_core.package_identification:_identify(src/utils/letter_model_datasets/uji_pen_subset) by extensions ['cmake', 'python']
[1.538s] Level 1:colcon.colcon_core.package_identification:_identify(src/utils/letter_model_datasets/uji_pen_subset) by extension 'cmake'
[1.540s] Level 1:colcon.colcon_core.package_identification:_identify(src/utils/letter_model_datasets/uji_pen_subset) by extension 'python'
[1.543s] Level 1:colcon.colcon_core.package_identification:_identify(src/utils/letter_model_datasets/uji_pen_subset) by extensions ['python_setup_py']
[1.543s] Level 1:colcon.colcon_core.package_identification:_identify(src/utils/letter_model_datasets/uji_pen_subset) by extension 'python_setup_py'
[1.546s] Level 1:colcon.colcon_core.package_discovery:discover_packages(recursive) using defaults
[1.546s] Level 1:colcon.colcon_core.package_discovery:discover_packages(ignore) discover
[1.546s] Level 1:colcon.colcon_core.package_discovery:discover_packages(ignore) using defaults
[1.547s] Level 1:colcon.colcon_core.package_discovery:discover_packages(path) discover
[1.547s] Level 1:colcon.colcon_core.package_discovery:discover_packages(path) using defaults
[1.682s] Level 1:colcon.colcon_core.package_discovery:discover_packages(prefix_path) check parameters
[1.683s] Level 1:colcon.colcon_core.package_discovery:discover_packages(prefix_path) discover
[1.759s] DEBUG:colcon.colcon_installed_package_information.package_discovery:Found 2 installed packages in /mnt/c/Users/minyi/Desktop/ros2_cll/ros2_ws/install
[1.762s] DEBUG:colcon.colcon_installed_package_information.package_discovery:Found 270 installed packages in /opt/ros/humble
[1.763s] Level 1:colcon.colcon_core.package_discovery:discover_packages(prefix_path) using defaults
[1.854s] Level 5:colcon.colcon_core.verb:set package 'interface' build argument 'cmake_args' from command line to 'None'
[1.855s] Level 5:colcon.colcon_core.verb:set package 'interface' build argument 'cmake_target' from command line to 'None'
[1.855s] Level 5:colcon.colcon_core.verb:set package 'interface' build argument 'cmake_target_skip_unavailable' from command line to 'False'
[1.855s] Level 5:colcon.colcon_core.verb:set package 'interface' build argument 'cmake_clean_cache' from command line to 'False'
[1.856s] Level 5:colcon.colcon_core.verb:set package 'interface' build argument 'cmake_clean_first' from command line to 'False'
[1.856s] Level 5:colcon.colcon_core.verb:set package 'interface' build argument 'cmake_force_configure' from command line to 'False'
[1.856s] Level 5:colcon.colcon_core.verb:set package 'interface' build argument 'ament_cmake_args' from command line to 'None'
[1.857s] Level 5:colcon.colcon_core.verb:set package 'interface' build argument 'catkin_cmake_args' from command line to 'None'
[1.857s] Level 5:colcon.colcon_core.verb:set package 'interface' build argument 'catkin_skip_building_tests' from command line to 'False'
[1.857s] DEBUG:colcon.colcon_core.verb:Building package 'interface' with the following arguments: {'ament_cmake_args': None, 'build_base': '/mnt/c/Users/minyi/Desktop/ros2_cll/ros2_ws/build/interface', 'catkin_cmake_args': None, 'catkin_skip_building_tests': False, 'cmake_args': None, 'cmake_clean_cache': False, 'cmake_clean_first': False, 'cmake_force_configure': False, 'cmake_target': None, 'cmake_target_skip_unavailable': False, 'install_base': '/mnt/c/Users/minyi/Desktop/ros2_cll/ros2_ws/install/interface', 'merge_install': False, 'path': '/mnt/c/Users/minyi/Desktop/ros2_cll/ros2_ws/src/interface', 'symlink_install': False, 'test_result_base': None}
[1.859s] Level 5:colcon.colcon_core.verb:set package 'nao_writing' build argument 'cmake_args' from command line to 'None'
[1.859s] Level 5:colcon.colcon_core.verb:set package 'nao_writing' build argument 'cmake_target' from command line to 'None'
[1.859s] Level 5:colcon.colcon_core.verb:set package 'nao_writing' build argument 'cmake_target_skip_unavailable' from command line to 'False'
[1.859s] Level 5:colcon.colcon_core.verb:set package 'nao_writing' build argument 'cmake_clean_cache' from command line to 'False'
[1.859s] Level 5:colcon.colcon_core.verb:set package 'nao_writing' build argument 'cmake_clean_first' from command line to 'False'
[1.860s] Level 5:colcon.colcon_core.verb:set package 'nao_writing' build argument 'cmake_force_configure' from command line to 'False'
[1.860s] Level 5:colcon.colcon_core.verb:set package 'nao_writing' build argument 'ament_cmake_args' from command line to 'None'
[1.860s] Level 5:colcon.colcon_core.verb:set package 'nao_writing' build argument 'catkin_cmake_args' from command line to 'None'
[1.860s] Level 5:colcon.colcon_core.verb:set package 'nao_writing' build argument 'catkin_skip_building_tests' from command line to 'False'
[1.861s] DEBUG:colcon.colcon_core.verb:Building package 'nao_writing' with the following arguments: {'ament_cmake_args': None, 'build_base': '/mnt/c/Users/minyi/Desktop/ros2_cll/ros2_ws/build/nao_writing', 'catkin_cmake_args': None, 'catkin_skip_building_tests': False, 'cmake_args': None, 'cmake_clean_cache': False, 'cmake_clean_first': False, 'cmake_force_configure': False, 'cmake_target': None, 'cmake_target_skip_unavailable': False, 'install_base': '/mnt/c/Users/minyi/Desktop/ros2_cll/ros2_ws/install/nao_writing', 'merge_install': False, 'path': '/mnt/c/Users/minyi/Desktop/ros2_cll/ros2_ws/src/nao_writing', 'symlink_install': False, 'test_result_base': None}
[1.862s] INFO:colcon.colcon_core.executor:Executing jobs using 'parallel' executor
[1.865s] DEBUG:colcon.colcon_parallel_executor.executor.parallel:run_until_complete
[1.865s] INFO:colcon.colcon_ros.task.ament_cmake.build:Building ROS package in '/mnt/c/Users/minyi/Desktop/ros2_cll/ros2_ws/src/interface' with build type 'ament_cmake'
[1.866s] INFO:colcon.colcon_cmake.task.cmake.build:Building CMake package in '/mnt/c/Users/minyi/Desktop/ros2_cll/ros2_ws/src/interface'
[1.884s] INFO:colcon.colcon_core.plugin_system:Skipping extension 'colcon_core.shell.bat': Not used on non-Windows systems
[1.884s] INFO:colcon.colcon_core.shell:Skip shell extension 'powershell' for command environment: Not usable outside of PowerShell
[1.885s] DEBUG:colcon.colcon_core.shell:Skip shell extension 'dsv' for command environment
[2.117s] DEBUG:colcon.colcon_core.event_handler.log_command:Invoking command in '/mnt/c/Users/minyi/Desktop/ros2_cll/ros2_ws/build/interface': CMAKE_PREFIX_PATH=${CMAKE_PREFIX_PATH}:/mnt/c/Users/minyi/Desktop/ros2_cll/ros2_ws/install/nao_writing:/opt/ros/humble /usr/bin/cmake --build /mnt/c/Users/minyi/Desktop/ros2_cll/ros2_ws/build/interface -- -j16 -l16
[6.309s] DEBUG:colcon.colcon_core.event_handler.log_command:Invoked command in '/mnt/c/Users/minyi/Desktop/ros2_cll/ros2_ws/build/interface' returned '0': CMAKE_PREFIX_PATH=${CMAKE_PREFIX_PATH}:/mnt/c/Users/minyi/Desktop/ros2_cll/ros2_ws/install/nao_writing:/opt/ros/humble /usr/bin/cmake --build /mnt/c/Users/minyi/Desktop/ros2_cll/ros2_ws/build/interface -- -j16 -l16
[10.897s] DEBUG:colcon.colcon_core.event_handler.log_command:Invoking command in '/mnt/c/Users/minyi/Desktop/ros2_cll/ros2_ws/build/interface': CMAKE_PREFIX_PATH=${CMAKE_PREFIX_PATH}:/mnt/c/Users/minyi/Desktop/ros2_cll/ros2_ws/install/nao_writing:/opt/ros/humble /usr/bin/cmake --install /mnt/c/Users/minyi/Desktop/ros2_cll/ros2_ws/build/interface
[18.324s] Level 1:colcon.colcon_core.environment:create_environment_scripts_only(interface)
[18.327s] DEBUG:colcon.colcon_core.event_handler.log_command:Invoked command in '/mnt/c/Users/minyi/Desktop/ros2_cll/ros2_ws/build/interface' returned '0': CMAKE_PREFIX_PATH=${CMAKE_PREFIX_PATH}:/mnt/c/Users/minyi/Desktop/ros2_cll/ros2_ws/install/nao_writing:/opt/ros/humble /usr/bin/cmake --install /mnt/c/Users/minyi/Desktop/ros2_cll/ros2_ws/build/interface
[18.344s] Level 1:colcon.colcon_core.environment:checking '/mnt/c/Users/minyi/Desktop/ros2_cll/ros2_ws/install/interface' for CMake module files
[18.630s] Level 1:colcon.colcon_core.environment:checking '/mnt/c/Users/minyi/Desktop/ros2_cll/ros2_ws/install/interface' for CMake config files
[18.845s] Level 1:colcon.colcon_core.shell:create_environment_hook('interface', 'cmake_prefix_path')
[18.847s] INFO:colcon.colcon_core.shell:Creating environment hook '/mnt/c/Users/minyi/Desktop/ros2_cll/ros2_ws/install/interface/share/interface/hook/cmake_prefix_path.ps1'
[18.864s] INFO:colcon.colcon_core.shell:Creating environment descriptor '/mnt/c/Users/minyi/Desktop/ros2_cll/ros2_ws/install/interface/share/interface/hook/cmake_prefix_path.dsv'
[18.881s] INFO:colcon.colcon_core.shell:Creating environment hook '/mnt/c/Users/minyi/Desktop/ros2_cll/ros2_ws/install/interface/share/interface/hook/cmake_prefix_path.sh'
[18.903s] Level 1:colcon.colcon_core.environment:checking '/mnt/c/Users/minyi/Desktop/ros2_cll/ros2_ws/install/interface/lib'
[18.908s] Level 1:colcon.colcon_core.shell:create_environment_hook('interface', 'ld_library_path_lib')
[18.909s] INFO:colcon.colcon_core.shell:Creating environment hook '/mnt/c/Users/minyi/Desktop/ros2_cll/ros2_ws/install/interface/share/interface/hook/ld_library_path_lib.ps1'
[18.925s] INFO:colcon.colcon_core.shell:Creating environment descriptor '/mnt/c/Users/minyi/Desktop/ros2_cll/ros2_ws/install/interface/share/interface/hook/ld_library_path_lib.dsv'
[18.942s] INFO:colcon.colcon_core.shell:Creating environment hook '/mnt/c/Users/minyi/Desktop/ros2_cll/ros2_ws/install/interface/share/interface/hook/ld_library_path_lib.sh'
[18.958s] Level 1:colcon.colcon_core.environment:checking '/mnt/c/Users/minyi/Desktop/ros2_cll/ros2_ws/install/interface/bin'
[18.960s] Level 1:colcon.colcon_core.environment:checking '/mnt/c/Users/minyi/Desktop/ros2_cll/ros2_ws/install/interface/lib/pkgconfig/interface.pc'
[18.962s] Level 1:colcon.colcon_core.environment:checking '/mnt/c/Users/minyi/Desktop/ros2_cll/ros2_ws/install/interface/lib/python3.10/site-packages'
[18.965s] Level 1:colcon.colcon_core.environment:checking '/mnt/c/Users/minyi/Desktop/ros2_cll/ros2_ws/install/interface/bin'
[18.967s] INFO:colcon.colcon_core.shell:Creating package script '/mnt/c/Users/minyi/Desktop/ros2_cll/ros2_ws/install/interface/share/interface/package.ps1'
[18.981s] INFO:colcon.colcon_core.shell:Creating package descriptor '/mnt/c/Users/minyi/Desktop/ros2_cll/ros2_ws/install/interface/share/interface/package.dsv'
[18.995s] INFO:colcon.colcon_core.shell:Creating package script '/mnt/c/Users/minyi/Desktop/ros2_cll/ros2_ws/install/interface/share/interface/package.sh'
[19.008s] INFO:colcon.colcon_core.shell:Creating package script '/mnt/c/Users/minyi/Desktop/ros2_cll/ros2_ws/install/interface/share/interface/package.bash'
[19.022s] INFO:colcon.colcon_core.shell:Creating package script '/mnt/c/Users/minyi/Desktop/ros2_cll/ros2_ws/install/interface/share/interface/package.zsh'
[19.036s] Level 1:colcon.colcon_core.environment:create_file_with_runtime_dependencies(/mnt/c/Users/minyi/Desktop/ros2_cll/ros2_ws/install/interface/share/colcon-core/packages/interface)
[23.853s] Level 1:colcon.colcon_core.environment:create_environment_scripts_only(interface)
[23.855s] Level 1:colcon.colcon_core.environment:checking '/mnt/c/Users/minyi/Desktop/ros2_cll/ros2_ws/install/interface' for CMake module files
[24.131s] Level 1:colcon.colcon_core.environment:checking '/mnt/c/Users/minyi/Desktop/ros2_cll/ros2_ws/install/interface' for CMake config files
[24.346s] Level 1:colcon.colcon_core.shell:create_environment_hook('interface', 'cmake_prefix_path')
[24.347s] INFO:colcon.colcon_core.shell:Creating environment hook '/mnt/c/Users/minyi/Desktop/ros2_cll/ros2_ws/install/interface/share/interface/hook/cmake_prefix_path.ps1'
[24.366s] INFO:colcon.colcon_core.shell:Creating environment descriptor '/mnt/c/Users/minyi/Desktop/ros2_cll/ros2_ws/install/interface/share/interface/hook/cmake_prefix_path.dsv'
[24.385s] INFO:colcon.colcon_core.shell:Creating environment hook '/mnt/c/Users/minyi/Desktop/ros2_cll/ros2_ws/install/interface/share/interface/hook/cmake_prefix_path.sh'
[24.409s] Level 1:colcon.colcon_core.environment:checking '/mnt/c/Users/minyi/Desktop/ros2_cll/ros2_ws/install/interface/lib'
[24.415s] Level 1:colcon.colcon_core.shell:create_environment_hook('interface', 'ld_library_path_lib')
[24.416s] INFO:colcon.colcon_core.shell:Creating environment hook '/mnt/c/Users/minyi/Desktop/ros2_cll/ros2_ws/install/interface/share/interface/hook/ld_library_path_lib.ps1'
[24.434s] INFO:colcon.colcon_core.shell:Creating environment descriptor '/mnt/c/Users/minyi/Desktop/ros2_cll/ros2_ws/install/interface/share/interface/hook/ld_library_path_lib.dsv'
[24.453s] INFO:colcon.colcon_core.shell:Creating environment hook '/mnt/c/Users/minyi/Desktop/ros2_cll/ros2_ws/install/interface/share/interface/hook/ld_library_path_lib.sh'
[24.471s] Level 1:colcon.colcon_core.environment:checking '/mnt/c/Users/minyi/Desktop/ros2_cll/ros2_ws/install/interface/bin'
[24.473s] Level 1:colcon.colcon_core.environment:checking '/mnt/c/Users/minyi/Desktop/ros2_cll/ros2_ws/install/interface/lib/pkgconfig/interface.pc'
[24.476s] Level 1:colcon.colcon_core.environment:checking '/mnt/c/Users/minyi/Desktop/ros2_cll/ros2_ws/install/interface/lib/python3.10/site-packages'
[24.478s] Level 1:colcon.colcon_core.environment:checking '/mnt/c/Users/minyi/Desktop/ros2_cll/ros2_ws/install/interface/bin'
[24.481s] INFO:colcon.colcon_core.shell:Creating package script '/mnt/c/Users/minyi/Desktop/ros2_cll/ros2_ws/install/interface/share/interface/package.ps1'
[24.496s] INFO:colcon.colcon_core.shell:Creating package descriptor '/mnt/c/Users/minyi/Desktop/ros2_cll/ros2_ws/install/interface/share/interface/package.dsv'
[24.511s] INFO:colcon.colcon_core.shell:Creating package script '/mnt/c/Users/minyi/Desktop/ros2_cll/ros2_ws/install/interface/share/interface/package.sh'
[24.525s] INFO:colcon.colcon_core.shell:Creating package script '/mnt/c/Users/minyi/Desktop/ros2_cll/ros2_ws/install/interface/share/interface/package.bash'
[24.541s] INFO:colcon.colcon_core.shell:Creating package script '/mnt/c/Users/minyi/Desktop/ros2_cll/ros2_ws/install/interface/share/interface/package.zsh'
[24.555s] Level 1:colcon.colcon_core.environment:create_file_with_runtime_dependencies(/mnt/c/Users/minyi/Desktop/ros2_cll/ros2_ws/install/interface/share/colcon-core/packages/interface)
[24.567s] INFO:colcon.colcon_ros.task.ament_python.build:Building ROS package in '/mnt/c/Users/minyi/Desktop/ros2_cll/ros2_ws/src/nao_writing' with build type 'ament_python'
[24.568s] Level 1:colcon.colcon_core.shell:create_environment_hook('nao_writing', 'ament_prefix_path')
[24.569s] INFO:colcon.colcon_core.shell:Creating environment hook '/mnt/c/Users/minyi/Desktop/ros2_cll/ros2_ws/install/nao_writing/share/nao_writing/hook/ament_prefix_path.ps1'
[24.588s] INFO:colcon.colcon_core.shell:Creating environment descriptor '/mnt/c/Users/minyi/Desktop/ros2_cll/ros2_ws/install/nao_writing/share/nao_writing/hook/ament_prefix_path.dsv'
[24.606s] INFO:colcon.colcon_core.shell:Creating environment hook '/mnt/c/Users/minyi/Desktop/ros2_cll/ros2_ws/install/nao_writing/share/nao_writing/hook/ament_prefix_path.sh'
[24.625s] INFO:colcon.colcon_core.shell:Skip shell extension 'powershell' for command environment: Not usable outside of PowerShell
[24.625s] DEBUG:colcon.colcon_core.shell:Skip shell extension 'dsv' for command environment
[25.973s] INFO:colcon.colcon_core.task.python.build:Building Python package in '/mnt/c/Users/minyi/Desktop/ros2_cll/ros2_ws/src/nao_writing'
[25.975s] INFO:colcon.colcon_core.shell:Skip shell extension 'powershell' for command environment: Not usable outside of PowerShell
[25.975s] DEBUG:colcon.colcon_core.shell:Skip shell extension 'dsv' for command environment
[28.529s] DEBUG:colcon.colcon_core.event_handler.log_command:Invoking command in '/mnt/c/Users/minyi/Desktop/ros2_cll/ros2_ws/src/nao_writing': PYTHONPATH=/mnt/c/Users/minyi/Desktop/ros2_cll/ros2_ws/build/nao_writing/prefix_override:/mnt/c/Users/minyi/Desktop/ros2_cll/ros2_ws/install/nao_writing/lib/python3.10/site-packages:${PYTHONPATH} /usr/bin/python3 setup.py egg_info --egg-base ../../build/nao_writing build --build-base /mnt/c/Users/minyi/Desktop/ros2_cll/ros2_ws/build/nao_writing/build install --record /mnt/c/Users/minyi/Desktop/ros2_cll/ros2_ws/build/nao_writing/install.log --single-version-externally-managed
[31.689s] Level 1:colcon.colcon_core.environment:checking '/mnt/c/Users/minyi/Desktop/ros2_cll/ros2_ws/install/nao_writing' for CMake module files
[31.691s] DEBUG:colcon.colcon_core.event_handler.log_command:Invoked command in '/mnt/c/Users/minyi/Desktop/ros2_cll/ros2_ws/src/nao_writing' returned '0': PYTHONPATH=/mnt/c/Users/minyi/Desktop/ros2_cll/ros2_ws/build/nao_writing/prefix_override:/mnt/c/Users/minyi/Desktop/ros2_cll/ros2_ws/install/nao_writing/lib/python3.10/site-packages:${PYTHONPATH} /usr/bin/python3 setup.py egg_info --egg-base ../../build/nao_writing build --build-base /mnt/c/Users/minyi/Desktop/ros2_cll/ros2_ws/build/nao_writing/build install --record /mnt/c/Users/minyi/Desktop/ros2_cll/ros2_ws/build/nao_writing/install.log --single-version-externally-managed
[31.762s] Level 1:colcon.colcon_core.environment:checking '/mnt/c/Users/minyi/Desktop/ros2_cll/ros2_ws/install/nao_writing' for CMake config files
[31.877s] Level 1:colcon.colcon_core.environment:checking '/mnt/c/Users/minyi/Desktop/ros2_cll/ros2_ws/install/nao_writing/lib'
[31.882s] Level 1:colcon.colcon_core.environment:checking '/mnt/c/Users/minyi/Desktop/ros2_cll/ros2_ws/install/nao_writing/bin'
[31.884s] Level 1:colcon.colcon_core.environment:checking '/mnt/c/Users/minyi/Desktop/ros2_cll/ros2_ws/install/nao_writing/lib/pkgconfig/nao_writing.pc'
[31.886s] Level 1:colcon.colcon_core.environment:checking '/mnt/c/Users/minyi/Desktop/ros2_cll/ros2_ws/install/nao_writing/lib/python3.10/site-packages'
[31.890s] Level 1:colcon.colcon_core.shell:create_environment_hook('nao_writing', 'pythonpath')
[31.891s] INFO:colcon.colcon_core.shell:Creating environment hook '/mnt/c/Users/minyi/Desktop/ros2_cll/ros2_ws/install/nao_writing/share/nao_writing/hook/pythonpath.ps1'
[31.909s] INFO:colcon.colcon_core.shell:Creating environment descriptor '/mnt/c/Users/minyi/Desktop/ros2_cll/ros2_ws/install/nao_writing/share/nao_writing/hook/pythonpath.dsv'
[31.926s] INFO:colcon.colcon_core.shell:Creating environment hook '/mnt/c/Users/minyi/Desktop/ros2_cll/ros2_ws/install/nao_writing/share/nao_writing/hook/pythonpath.sh'
[31.944s] Level 1:colcon.colcon_core.environment:checking '/mnt/c/Users/minyi/Desktop/ros2_cll/ros2_ws/install/nao_writing/bin'
[31.946s] Level 1:colcon.colcon_core.environment:create_environment_scripts_only(nao_writing)
[31.948s] INFO:colcon.colcon_core.shell:Creating package script '/mnt/c/Users/minyi/Desktop/ros2_cll/ros2_ws/install/nao_writing/share/nao_writing/package.ps1'
[31.962s] INFO:colcon.colcon_core.shell:Creating package descriptor '/mnt/c/Users/minyi/Desktop/ros2_cll/ros2_ws/install/nao_writing/share/nao_writing/package.dsv'
[31.977s] INFO:colcon.colcon_core.shell:Creating package script '/mnt/c/Users/minyi/Desktop/ros2_cll/ros2_ws/install/nao_writing/share/nao_writing/package.sh'
[31.992s] INFO:colcon.colcon_core.shell:Creating package script '/mnt/c/Users/minyi/Desktop/ros2_cll/ros2_ws/install/nao_writing/share/nao_writing/package.bash'
[32.007s] INFO:colcon.colcon_core.shell:Creating package script '/mnt/c/Users/minyi/Desktop/ros2_cll/ros2_ws/install/nao_writing/share/nao_writing/package.zsh'
[32.021s] Level 1:colcon.colcon_core.environment:create_file_with_runtime_dependencies(/mnt/c/Users/minyi/Desktop/ros2_cll/ros2_ws/install/nao_writing/share/colcon-core/packages/nao_writing)
[32.033s] DEBUG:colcon.colcon_parallel_executor.executor.parallel:closing loop
[32.033s] DEBUG:colcon.colcon_parallel_executor.executor.parallel:loop closed
[32.033s] DEBUG:colcon.colcon_parallel_executor.executor.parallel:run_until_complete finished with '0'
[32.034s] DEBUG:colcon.colcon_core.event_reactor:joining thread
[32.127s] INFO:colcon.colcon_core.plugin_system:Skipping extension 'colcon_notification.desktop_notification.notify_send': Could not find 'notify-send'
[32.127s] INFO:colcon.colcon_core.plugin_system:Skipping extension 'colcon_notification.desktop_notification.terminal_notifier': Not used on non-Darwin systems
[32.128s] INFO:colcon.colcon_core.plugin_system:Skipping extension 'colcon_notification.desktop_notification.win32': Not used on non-Windows systems
[32.128s] INFO:colcon.colcon_notification.desktop_notification:Sending desktop notification using 'notify2'
[32.198s] DEBUG:colcon.colcon_notification.desktop_notification.notify2:Failed to initialize notify2: org.freedesktop.DBus.Error.ServiceUnknown: The name org.freedesktop.Notifications was not provided by any .service files
[32.198s] DEBUG:colcon.colcon_core.event_reactor:joined thread
[32.200s] INFO:colcon.colcon_core.shell:Creating prefix script '/mnt/c/Users/minyi/Desktop/ros2_cll/ros2_ws/install/local_setup.ps1'
[32.207s] INFO:colcon.colcon_core.shell:Creating prefix util module '/mnt/c/Users/minyi/Desktop/ros2_cll/ros2_ws/install/_local_setup_util_ps1.py'
[32.215s] INFO:colcon.colcon_core.shell:Creating prefix chain script '/mnt/c/Users/minyi/Desktop/ros2_cll/ros2_ws/install/setup.ps1'
[32.242s] INFO:colcon.colcon_core.shell:Creating prefix script '/mnt/c/Users/minyi/Desktop/ros2_cll/ros2_ws/install/local_setup.sh'
[32.249s] INFO:colcon.colcon_core.shell:Creating prefix util module '/mnt/c/Users/minyi/Desktop/ros2_cll/ros2_ws/install/_local_setup_util_sh.py'
[32.255s] INFO:colcon.colcon_core.shell:Creating prefix chain script '/mnt/c/Users/minyi/Desktop/ros2_cll/ros2_ws/install/setup.sh'
[32.282s] INFO:colcon.colcon_core.shell:Creating prefix script '/mnt/c/Users/minyi/Desktop/ros2_cll/ros2_ws/install/local_setup.bash'
[32.288s] INFO:colcon.colcon_core.shell:Creating prefix chain script '/mnt/c/Users/minyi/Desktop/ros2_cll/ros2_ws/install/setup.bash'
[32.314s] INFO:colcon.colcon_core.shell:Creating prefix script '/mnt/c/Users/minyi/Desktop/ros2_cll/ros2_ws/install/local_setup.zsh'
[32.321s] INFO:colcon.colcon_core.shell:Creating prefix chain script '/mnt/c/Users/minyi/Desktop/ros2_cll/ros2_ws/install/setup.zsh'
